2026-03-11 10:51:08.769 [main] TRACE o.s.core.io.support.SpringFactoriesLoader-Loaded [org.springframework.boot.WebApplicationType$Deducer] names: [org.springframework.boot.webmvc.WebMvcWebApplicationTypeDeducer]
2026-03-11 10:51:08.774 [main] TRACE o.s.core.io.support.SpringFactoriesLoader-Loaded [org.springframework.boot.bootstrap.BootstrapRegistryInitializer] names: []
2026-03-11 10:51:08.775 [main] TRACE o.s.core.io.support.SpringFactoriesLoader-Loaded [org.springframework.context.ApplicationContextInitializer] names: [org.springframework.boot.autoconfigure.SharedMetadataReaderFactoryContextInitializer, org.springframework.boot.autoconfigure.logging.ConditionEvaluationReportLoggingListener, org.springframework.boot.context.ConfigurationWarningsApplicationContextInitializer, org.springframework.boot.context.ContextIdApplicationContextInitializer, org.springframework.boot.io.ProtocolResolverApplicationContextInitializer, org.springframework.boot.web.server.context.ServerPortInfoApplicationContextInitializer]
2026-03-11 10:51:08.780 [main] TRACE o.s.core.io.support.SpringFactoriesLoader-Loaded [org.springframework.context.ApplicationListener] names: [org.springframework.boot.autoconfigure.preinitialize.BackgroundPreinitializingApplicationListener, org.springframework.boot.ClearCachesApplicationListener, org.springframework.boot.builder.ParentContextCloserApplicationListener, org.springframework.boot.context.FileEncodingApplicationListener, org.springframework.boot.context.logging.LoggingApplicationListener, org.springframework.boot.support.AnsiOutputApplicationListener, org.springframework.boot.support.EnvironmentPostProcessorApplicationListener]
2026-03-11 10:51:08.788 [main] TRACE o.s.core.io.support.SpringFactoriesLoader-Loaded [org.springframework.boot.SpringApplicationRunListener] names: [org.springframework.boot.context.event.EventPublishingRunListener]
2026-03-11 10:51:08.792 [main] TRACE o.s.core.io.support.SpringFactoriesLoader-Loaded [org.springframework.boot.logging.LoggingSystemFactory] names: [org.springframework.boot.logging.java.JavaLoggingSystem$Factory, org.springframework.boot.logging.log4j2.Log4J2LoggingSystem$Factory, org.springframework.boot.logging.logback.LogbackLoggingSystem$Factory]
2026-03-11 10:51:08.927 [main] INFO  com.itheima.TalisWebManagementApplication-Starting TalisWebManagementApplication using Java 17.0.16 with PID 72115 (/Users/zouxianxian/IdeaProjects/web-ai-project02/talis-web-management/target/classes started by zouxianxian in /Users/zouxianxian/IdeaProjects/web-ai-project02)
2026-03-11 10:51:08.928 [main] DEBUG com.itheima.TalisWebManagementApplication-Running with Spring Boot v4.0.3, Spring v7.0.5
2026-03-11 10:51:08.928 [main] INFO  com.itheima.TalisWebManagementApplication-No active profile set, falling back to 1 default profile: "default"
2026-03-11 10:51:09.104 [main] DEBUG o.m.s.boot.autoconfigure.MybatisAutoConfiguration-Searching for mappers annotated with @Mapper
2026-03-11 10:51:09.104 [main] DEBUG o.m.s.boot.autoconfigure.MybatisAutoConfiguration-Using auto-configuration base package 'com.itheima'
2026-03-11 10:51:09.137 [main] DEBUG org.mybatis.spring.mapper.ClassPathMapperScanner-Identified candidate component class: file [/Users/zouxianxian/IdeaProjects/web-ai-project02/talis-web-management/target/classes/com/itheima/mapper/DeptMapper.class]
2026-03-11 10:51:09.137 [main] DEBUG org.mybatis.spring.mapper.ClassPathMapperScanner-Identified candidate component class: file [/Users/zouxianxian/IdeaProjects/web-ai-project02/talis-web-management/target/classes/com/itheima/mapper/EmpExprMapper.class]
2026-03-11 10:51:09.137 [main] DEBUG org.mybatis.spring.mapper.ClassPathMapperScanner-Identified candidate component class: file [/Users/zouxianxian/IdeaProjects/web-ai-project02/talis-web-management/target/classes/com/itheima/mapper/EmpMapper.class]
2026-03-11 10:51:09.137 [main] DEBUG org.mybatis.spring.mapper.ClassPathMapperScanner-Creating MapperFactoryBean with name 'deptMapper' and 'com.itheima.mapper.DeptMapper' mapperInterface
2026-03-11 10:51:09.138 [main] DEBUG org.mybatis.spring.mapper.ClassPathMapperScanner-Creating MapperFactoryBean with name 'empExprMapper' and 'com.itheima.mapper.EmpExprMapper' mapperInterface
2026-03-11 10:51:09.138 [main] DEBUG org.mybatis.spring.mapper.ClassPathMapperScanner-Creating MapperFactoryBean with name 'empMapper' and 'com.itheima.mapper.EmpMapper' mapperInterface
2026-03-11 10:51:09.236 [main] INFO  org.springframework.boot.tomcat.TomcatWebServer-Tomcat initialized with port 8080 (http)
2026-03-11 10:51:09.239 [main] INFO  org.apache.coyote.http11.Http11NioProtocol-Initializing ProtocolHandler ["http-nio-8080"]
2026-03-11 10:51:09.240 [main] INFO  org.apache.catalina.core.StandardService-Starting service [Tomcat]
2026-03-11 10:51:09.240 [main] INFO  org.apache.catalina.core.StandardEngine-Starting Servlet engine: [Apache Tomcat/11.0.18]
2026-03-11 10:51:09.252 [main] INFO  o.s.b.w.c.servlet.WebApplicationContextInitializer-Root WebApplicationContext: initialization completed in 309 ms
2026-03-11 10:51:09.308 [main] DEBUG org.mybatis.spring.SqlSessionFactoryBean-Property 'mapperLocations' was not specified.
2026-03-11 10:51:09.352 [main] ERROR org.mybatis.spring.mapper.MapperFactoryBean-Error while adding the mapper 'interface com.itheima.mapper.EmpMapper' to configuration.
org.apache.ibatis.builder.BuilderException: Error parsing Mapper XML. The XML location is 'com/itheima/mapper/EmpMapper.xml'. Cause: org.apache.ibatis.builder.BuilderException: Parsing error was found in mapping #{}.  Check syntax #{property|(expression), var1=value1, var2=value2, ...} 
	at org.apache.ibatis.builder.xml.XMLMapperBuilder.configurationElement(XMLMapperBuilder.java:125)
	at org.apache.ibatis.builder.xml.XMLMapperBuilder.parse(XMLMapperBuilder.java:98)
	at org.apache.ibatis.builder.annotation.MapperAnnotationBuilder.loadXmlResource(MapperAnnotationBuilder.java:164)
	at org.apache.ibatis.builder.annotation.MapperAnnotationBuilder.parse(MapperAnnotationBuilder.java:117)
	at org.apache.ibatis.binding.MapperRegistry.addMapper(MapperRegistry.java:72)
	at org.apache.ibatis.session.Configuration.addMapper(Configuration.java:943)
	at org.mybatis.spring.mapper.MapperFactoryBean.checkDaoConfig(MapperFactoryBean.java:88)
	at org.springframework.dao.support.DaoSupport.afterPropertiesSet(DaoSupport.java:46)
	at org.springframework.beans.factory.support.AbstractAutowireCapableBeanFactory.invokeInitMethods(AbstractAutowireCapableBeanFactory.java:1864)
	at org.springframework.beans.factory.support.AbstractAutowireCapableBeanFactory.initializeBean(AbstractAutowireCapableBeanFactory.java:1813)
	at org.springframework.beans.factory.support.AbstractAutowireCapableBeanFactory.doCreateBean(AbstractAutowireCapableBeanFactory.java:603)
	at org.springframework.beans.factory.support.AbstractAutowireCapableBeanFactory.createBean(AbstractAutowireCapableBeanFactory.java:525)
	at org.springframework.beans.factory.support.AbstractBeanFactory.lambda$doGetBean$0(AbstractBeanFactory.java:333)
	at org.springframework.beans.factory.support.DefaultSingletonBeanRegistry.getSingleton(DefaultSingletonBeanRegistry.java:371)
	at org.springframework.beans.factory.support.AbstractBeanFactory.doGetBean(AbstractBeanFactory.java:331)
	at org.springframework.beans.factory.support.AbstractBeanFactory.getBean(AbstractBeanFactory.java:201)
	at org.springframework.beans.factory.support.DefaultListableBeanFactory.resolveBean(DefaultListableBeanFactory.java:1225)
	at org.springframework.beans.factory.support.DefaultListableBeanFactory.doResolveDependency(DefaultListableBeanFactory.java:1704)
	at org.springframework.beans.factory.support.DefaultListableBeanFactory.resolveDependency(DefaultListableBeanFactory.java:1651)
	at org.springframework.beans.factory.annotation.AutowiredAnnotationBeanPostProcessor$AutowiredFieldElement.resolveFieldValue(AutowiredAnnotationBeanPostProcessor.java:764)
	at org.springframework.beans.factory.annotation.AutowiredAnnotationBeanPostProcessor$AutowiredFieldElement.inject(AutowiredAnnotationBeanPostProcessor.java:748)
	at org.springframework.beans.factory.annotation.InjectionMetadata.inject(InjectionMetadata.java:146)
	at org.springframework.beans.factory.annotation.AutowiredAnnotationBeanPostProcessor.postProcessProperties(AutowiredAnnotationBeanPostProcessor.java:493)
	at org.springframework.beans.factory.support.AbstractAutowireCapableBeanFactory.populateBean(AbstractAutowireCapableBeanFactory.java:1446)
	at org.springframework.beans.factory.support.AbstractAutowireCapableBeanFactory.doCreateBean(AbstractAutowireCapableBeanFactory.java:602)
	at org.springframework.beans.factory.support.AbstractAutowireCapableBeanFactory.createBean(AbstractAutowireCapableBeanFactory.java:525)
	at org.springframework.beans.factory.support.AbstractBeanFactory.lambda$doGetBean$0(AbstractBeanFactory.java:333)
	at org.springframework.beans.factory.support.DefaultSingletonBeanRegistry.getSingleton(DefaultSingletonBeanRegistry.java:371)
	at org.springframework.beans.factory.support.AbstractBeanFactory.doGetBean(AbstractBeanFactory.java:331)
	at org.springframework.beans.factory.support.AbstractBeanFactory.getBean(AbstractBeanFactory.java:201)
	at org.springframework.beans.factory.config.DependencyDescriptor.resolveCandidate(DependencyDescriptor.java:229)
	at org.springframework.beans.factory.support.DefaultListableBeanFactory.doResolveDependency(DefaultListableBeanFactory.java:1762)
	at org.springframework.beans.factory.support.DefaultListableBeanFactory.resolveDependency(DefaultListableBeanFactory.java:1651)
	at org.springframework.beans.factory.annotation.AutowiredAnnotationBeanPostProcessor$AutowiredFieldElement.resolveFieldValue(AutowiredAnnotationBeanPostProcessor.java:764)
	at org.springframework.beans.factory.annotation.AutowiredAnnotationBeanPostProcessor$AutowiredFieldElement.inject(AutowiredAnnotationBeanPostProcessor.java:748)
	at org.springframework.beans.factory.annotation.InjectionMetadata.inject(InjectionMetadata.java:146)
	at org.springframework.beans.factory.annotation.AutowiredAnnotationBeanPostProcessor.postProcessProperties(AutowiredAnnotationBeanPostProcessor.java:493)
	at org.springframework.beans.factory.support.AbstractAutowireCapableBeanFactory.populateBean(AbstractAutowireCapableBeanFactory.java:1446)
	at org.springframework.beans.factory.support.AbstractAutowireCapableBeanFactory.doCreateBean(AbstractAutowireCapableBeanFactory.java:602)
	at org.springframework.beans.factory.support.AbstractAutowireCapableBeanFactory.createBean(AbstractAutowireCapableBeanFactory.java:525)
	at org.springframework.beans.factory.support.AbstractBeanFactory.lambda$doGetBean$0(AbstractBeanFactory.java:333)
	at org.springframework.beans.factory.support.DefaultSingletonBeanRegistry.getSingleton(DefaultSingletonBeanRegistry.java:371)
	at org.springframework.beans.factory.support.AbstractBeanFactory.doGetBean(AbstractBeanFactory.java:331)
	at org.springframework.beans.factory.support.AbstractBeanFactory.getBean(AbstractBeanFactory.java:196)
	at org.springframework.beans.factory.support.DefaultListableBeanFactory.instantiateSingleton(DefaultListableBeanFactory.java:1218)
	at org.springframework.beans.factory.support.DefaultListableBeanFactory.preInstantiateSingleton(DefaultListableBeanFactory.java:1184)
	at org.springframework.beans.factory.support.DefaultListableBeanFactory.preInstantiateSingletons(DefaultListableBeanFactory.java:1121)
	at org.springframework.context.support.AbstractApplicationContext.finishBeanFactoryInitialization(AbstractApplicationContext.java:994)
	at org.springframework.context.support.AbstractApplicationContext.refresh(AbstractApplicationContext.java:621)
	at org.springframework.boot.web.server.servlet.context.ServletWebServerApplicationContext.refresh(ServletWebServerApplicationContext.java:143)
	at org.springframework.boot.SpringApplication.refresh(SpringApplication.java:756)
	at org.springframework.boot.SpringApplication.refreshContext(SpringApplication.java:445)
	at org.springframework.boot.SpringApplication.run(SpringApplication.java:321)
	at org.springframework.boot.SpringApplication.run(SpringApplication.java:1365)
	at org.springframework.boot.SpringApplication.run(SpringApplication.java:1354)
	at com.itheima.TalisWebManagementApplication.main(TalisWebManagementApplication.java:10)
Caused by: org.apache.ibatis.builder.BuilderException: Parsing error was found in mapping #{}.  Check syntax #{property|(expression), var1=value1, var2=value2, ...} 
	at org.apache.ibatis.builder.SqlSourceBuilder$ParameterMappingTokenHandler.parseParameterMapping(SqlSourceBuilder.java:156)
	at org.apache.ibatis.builder.SqlSourceBuilder$ParameterMappingTokenHandler.buildParameterMapping(SqlSourceBuilder.java:95)
	at org.apache.ibatis.builder.SqlSourceBuilder$ParameterMappingTokenHandler.handleToken(SqlSourceBuilder.java:90)
	at org.apache.ibatis.parsing.GenericTokenParser.parse(GenericTokenParser.java:76)
	at org.apache.ibatis.builder.SqlSourceBuilder.parse(SqlSourceBuilder.java:52)
	at org.apache.ibatis.scripting.defaults.RawSqlSource.<init>(RawSqlSource.java:46)
	at org.apache.ibatis.scripting.defaults.RawSqlSource.<init>(RawSqlSource.java:40)
	at org.apache.ibatis.scripting.xmltags.XMLScriptBuilder.parseScriptNode(XMLScriptBuilder.java:71)
	at org.apache.ibatis.scripting.xmltags.XMLLanguageDriver.createSqlSource(XMLLanguageDriver.java:45)
	at org.apache.ibatis.builder.xml.XMLStatementBuilder.parseStatementNode(XMLStatementBuilder.java:98)
	at org.apache.ibatis.builder.xml.XMLMapperBuilder.buildStatementFromContext(XMLMapperBuilder.java:141)
	at org.apache.ibatis.builder.xml.XMLMapperBuilder.buildStatementFromContext(XMLMapperBuilder.java:133)
	at org.apache.ibatis.builder.xml.XMLMapperBuilder.configurationElement(XMLMapperBuilder.java:123)
	... 55 common frames omitted
Caused by: java.lang.StringIndexOutOfBoundsException: String index out of range: 0
	at java.base/java.lang.StringLatin1.charAt(StringLatin1.java:48)
	at java.base/java.lang.String.charAt(String.java:1519)
	at org.apache.ibatis.builder.ParameterExpression.parse(ParameterExpression.java:44)
	at org.apache.ibatis.builder.ParameterExpression.<init>(ParameterExpression.java:39)
	at org.apache.ibatis.builder.SqlSourceBuilder$ParameterMappingTokenHandler.parseParameterMapping(SqlSourceBuilder.java:152)
	... 67 common frames omitted
2026-03-11 10:51:09.353 [main] WARN  o.s.b.w.s.s.c.AnnotationConfigServletWebServerApplicationContext-Exception encountered during context initialization - cancelling refresh attempt: org.springframework.beans.factory.UnsatisfiedDependencyException: Error creating bean with name 'empController': Unsatisfied dependency expressed through field 'empService': Error creating bean with name 'empServiceImpl': Unsatisfied dependency expressed through field 'empMapper': Error creating bean with name 'empMapper' defined in file [/Users/zouxianxian/IdeaProjects/web-ai-project02/talis-web-management/target/classes/com/itheima/mapper/EmpMapper.class]: org.apache.ibatis.builder.BuilderException: Error parsing Mapper XML. The XML location is 'com/itheima/mapper/EmpMapper.xml'. Cause: org.apache.ibatis.builder.BuilderException: Parsing error was found in mapping #{}.  Check syntax #{property|(expression), var1=value1, var2=value2, ...} 
2026-03-11 10:51:09.355 [main] INFO  org.apache.catalina.core.StandardService-Stopping service [Tomcat]
2026-03-11 10:51:09.358 [main] INFO  o.s.b.a.logging.ConditionEvaluationReportLogger-

Error starting ApplicationContext. To display the condition evaluation report re-run your application with 'debug' enabled.
2026-03-11 10:51:09.364 [main] ERROR org.springframework.boot.SpringApplication-Application run failed
org.springframework.beans.factory.UnsatisfiedDependencyException: Error creating bean with name 'empController': Unsatisfied dependency expressed through field 'empService': Error creating bean with name 'empServiceImpl': Unsatisfied dependency expressed through field 'empMapper': Error creating bean with name 'empMapper' defined in file [/Users/zouxianxian/IdeaProjects/web-ai-project02/talis-web-management/target/classes/com/itheima/mapper/EmpMapper.class]: org.apache.ibatis.builder.BuilderException: Error parsing Mapper XML. The XML location is 'com/itheima/mapper/EmpMapper.xml'. Cause: org.apache.ibatis.builder.BuilderException: Parsing error was found in mapping #{}.  Check syntax #{property|(expression), var1=value1, var2=value2, ...} 
	at org.springframework.beans.factory.annotation.AutowiredAnnotationBeanPostProcessor$AutowiredFieldElement.resolveFieldValue(AutowiredAnnotationBeanPostProcessor.java:767)
	at org.springframework.beans.factory.annotation.AutowiredAnnotationBeanPostProcessor$AutowiredFieldElement.inject(AutowiredAnnotationBeanPostProcessor.java:748)
	at org.springframework.beans.factory.annotation.InjectionMetadata.inject(InjectionMetadata.java:146)
	at org.springframework.beans.factory.annotation.AutowiredAnnotationBeanPostProcessor.postProcessProperties(AutowiredAnnotationBeanPostProcessor.java:493)
	at org.springframework.beans.factory.support.AbstractAutowireCapableBeanFactory.populateBean(AbstractAutowireCapableBeanFactory.java:1446)
	at org.springframework.beans.factory.support.AbstractAutowireCapableBeanFactory.doCreateBean(AbstractAutowireCapableBeanFactory.java:602)
	at org.springframework.beans.factory.support.AbstractAutowireCapableBeanFactory.createBean(AbstractAutowireCapableBeanFactory.java:525)
	at org.springframework.beans.factory.support.AbstractBeanFactory.lambda$doGetBean$0(AbstractBeanFactory.java:333)
	at org.springframework.beans.factory.support.DefaultSingletonBeanRegistry.getSingleton(DefaultSingletonBeanRegistry.java:371)
	at org.springframework.beans.factory.support.AbstractBeanFactory.doGetBean(AbstractBeanFactory.java:331)
	at org.springframework.beans.factory.support.AbstractBeanFactory.getBean(AbstractBeanFactory.java:196)
	at org.springframework.beans.factory.support.DefaultListableBeanFactory.instantiateSingleton(DefaultListableBeanFactory.java:1218)
	at org.springframework.beans.factory.support.DefaultListableBeanFactory.preInstantiateSingleton(DefaultListableBeanFactory.java:1184)
	at org.springframework.beans.factory.support.DefaultListableBeanFactory.preInstantiateSingletons(DefaultListableBeanFactory.java:1121)
	at org.springframework.context.support.AbstractApplicationContext.finishBeanFactoryInitialization(AbstractApplicationContext.java:994)
	at org.springframework.context.support.AbstractApplicationContext.refresh(AbstractApplicationContext.java:621)
	at org.springframework.boot.web.server.servlet.context.ServletWebServerApplicationContext.refresh(ServletWebServerApplicationContext.java:143)
	at org.springframework.boot.SpringApplication.refresh(SpringApplication.java:756)
	at org.springframework.boot.SpringApplication.refreshContext(SpringApplication.java:445)
	at org.springframework.boot.SpringApplication.run(SpringApplication.java:321)
	at org.springframework.boot.SpringApplication.run(SpringApplication.java:1365)
	at org.springframework.boot.SpringApplication.run(SpringApplication.java:1354)
	at com.itheima.TalisWebManagementApplication.main(TalisWebManagementApplication.java:10)
Caused by: org.springframework.beans.factory.UnsatisfiedDependencyException: Error creating bean with name 'empServiceImpl': Unsatisfied dependency expressed through field 'empMapper': Error creating bean with name 'empMapper' defined in file [/Users/zouxianxian/IdeaProjects/web-ai-project02/talis-web-management/target/classes/com/itheima/mapper/EmpMapper.class]: org.apache.ibatis.builder.BuilderException: Error parsing Mapper XML. The XML location is 'com/itheima/mapper/EmpMapper.xml'. Cause: org.apache.ibatis.builder.BuilderException: Parsing error was found in mapping #{}.  Check syntax #{property|(expression), var1=value1, var2=value2, ...} 
	at org.springframework.beans.factory.annotation.AutowiredAnnotationBeanPostProcessor$AutowiredFieldElement.resolveFieldValue(AutowiredAnnotationBeanPostProcessor.java:767)
	at org.springframework.beans.factory.annotation.AutowiredAnnotationBeanPostProcessor$AutowiredFieldElement.inject(AutowiredAnnotationBeanPostProcessor.java:748)
	at org.springframework.beans.factory.annotation.InjectionMetadata.inject(InjectionMetadata.java:146)
	at org.springframework.beans.factory.annotation.AutowiredAnnotationBeanPostProcessor.postProcessProperties(AutowiredAnnotationBeanPostProcessor.java:493)
	at org.springframework.beans.factory.support.AbstractAutowireCapableBeanFactory.populateBean(AbstractAutowireCapableBeanFactory.java:1446)
	at org.springframework.beans.factory.support.AbstractAutowireCapableBeanFactory.doCreateBean(AbstractAutowireCapableBeanFactory.java:602)
	at org.springframework.beans.factory.support.AbstractAutowireCapableBeanFactory.createBean(AbstractAutowireCapableBeanFactory.java:525)
	at org.springframework.beans.factory.support.AbstractBeanFactory.lambda$doGetBean$0(AbstractBeanFactory.java:333)
	at org.springframework.beans.factory.support.DefaultSingletonBeanRegistry.getSingleton(DefaultSingletonBeanRegistry.java:371)
	at org.springframework.beans.factory.support.AbstractBeanFactory.doGetBean(AbstractBeanFactory.java:331)
	at org.springframework.beans.factory.support.AbstractBeanFactory.getBean(AbstractBeanFactory.java:201)
	at org.springframework.beans.factory.config.DependencyDescriptor.resolveCandidate(DependencyDescriptor.java:229)
	at org.springframework.beans.factory.support.DefaultListableBeanFactory.doResolveDependency(DefaultListableBeanFactory.java:1762)
	at org.springframework.beans.factory.support.DefaultListableBeanFactory.resolveDependency(DefaultListableBeanFactory.java:1651)
	at org.springframework.beans.factory.annotation.AutowiredAnnotationBeanPostProcessor$AutowiredFieldElement.resolveFieldValue(AutowiredAnnotationBeanPostProcessor.java:764)
	... 22 common frames omitted
Caused by: org.springframework.beans.factory.BeanCreationException: Error creating bean with name 'empMapper' defined in file [/Users/zouxianxian/IdeaProjects/web-ai-project02/talis-web-management/target/classes/com/itheima/mapper/EmpMapper.class]: org.apache.ibatis.builder.BuilderException: Error parsing Mapper XML. The XML location is 'com/itheima/mapper/EmpMapper.xml'. Cause: org.apache.ibatis.builder.BuilderException: Parsing error was found in mapping #{}.  Check syntax #{property|(expression), var1=value1, var2=value2, ...} 
	at org.springframework.beans.factory.support.AbstractAutowireCapableBeanFactory.initializeBean(AbstractAutowireCapableBeanFactory.java:1817)
	at org.springframework.beans.factory.support.AbstractAutowireCapableBeanFactory.doCreateBean(AbstractAutowireCapableBeanFactory.java:603)
	at org.springframework.beans.factory.support.AbstractAutowireCapableBeanFactory.createBean(AbstractAutowireCapableBeanFactory.java:525)
	at org.springframework.beans.factory.support.AbstractBeanFactory.lambda$doGetBean$0(AbstractBeanFactory.java:333)
	at org.springframework.beans.factory.support.DefaultSingletonBeanRegistry.getSingleton(DefaultSingletonBeanRegistry.java:371)
	at org.springframework.beans.factory.support.AbstractBeanFactory.doGetBean(AbstractBeanFactory.java:331)
	at org.springframework.beans.factory.support.AbstractBeanFactory.getBean(AbstractBeanFactory.java:201)
	at org.springframework.beans.factory.support.DefaultListableBeanFactory.resolveBean(DefaultListableBeanFactory.java:1225)
	at org.springframework.beans.factory.support.DefaultListableBeanFactory.doResolveDependency(DefaultListableBeanFactory.java:1704)
	at org.springframework.beans.factory.support.DefaultListableBeanFactory.resolveDependency(DefaultListableBeanFactory.java:1651)
	at org.springframework.beans.factory.annotation.AutowiredAnnotationBeanPostProcessor$AutowiredFieldElement.resolveFieldValue(AutowiredAnnotationBeanPostProcessor.java:764)
	... 36 common frames omitted
Caused by: java.lang.IllegalArgumentException: org.apache.ibatis.builder.BuilderException: Error parsing Mapper XML. The XML location is 'com/itheima/mapper/EmpMapper.xml'. Cause: org.apache.ibatis.builder.BuilderException: Parsing error was found in mapping #{}.  Check syntax #{property|(expression), var1=value1, var2=value2, ...} 
	at org.mybatis.spring.mapper.MapperFactoryBean.checkDaoConfig(MapperFactoryBean.java:91)
	at org.springframework.dao.support.DaoSupport.afterPropertiesSet(DaoSupport.java:46)
	at org.springframework.beans.factory.support.AbstractAutowireCapableBeanFactory.invokeInitMethods(AbstractAutowireCapableBeanFactory.java:1864)
	at org.springframework.beans.factory.support.AbstractAutowireCapableBeanFactory.initializeBean(AbstractAutowireCapableBeanFactory.java:1813)
	... 46 common frames omitted
Caused by: org.apache.ibatis.builder.BuilderException: Error parsing Mapper XML. The XML location is 'com/itheima/mapper/EmpMapper.xml'. Cause: org.apache.ibatis.builder.BuilderException: Parsing error was found in mapping #{}.  Check syntax #{property|(expression), var1=value1, var2=value2, ...} 
	at org.apache.ibatis.builder.xml.XMLMapperBuilder.configurationElement(XMLMapperBuilder.java:125)
	at org.apache.ibatis.builder.xml.XMLMapperBuilder.parse(XMLMapperBuilder.java:98)
	at org.apache.ibatis.builder.annotation.MapperAnnotationBuilder.loadXmlResource(MapperAnnotationBuilder.java:164)
	at org.apache.ibatis.builder.annotation.MapperAnnotationBuilder.parse(MapperAnnotationBuilder.java:117)
	at org.apache.ibatis.binding.MapperRegistry.addMapper(MapperRegistry.java:72)
	at org.apache.ibatis.session.Configuration.addMapper(Configuration.java:943)
	at org.mybatis.spring.mapper.MapperFactoryBean.checkDaoConfig(MapperFactoryBean.java:88)
	... 49 common frames omitted
Caused by: org.apache.ibatis.builder.BuilderException: Parsing error was found in mapping #{}.  Check syntax #{property|(expression), var1=value1, var2=value2, ...} 
	at org.apache.ibatis.builder.SqlSourceBuilder$ParameterMappingTokenHandler.parseParameterMapping(SqlSourceBuilder.java:156)
	at org.apache.ibatis.builder.SqlSourceBuilder$ParameterMappingTokenHandler.buildParameterMapping(SqlSourceBuilder.java:95)
	at org.apache.ibatis.builder.SqlSourceBuilder$ParameterMappingTokenHandler.handleToken(SqlSourceBuilder.java:90)
	at org.apache.ibatis.parsing.GenericTokenParser.parse(GenericTokenParser.java:76)
	at org.apache.ibatis.builder.SqlSourceBuilder.parse(SqlSourceBuilder.java:52)
	at org.apache.ibatis.scripting.defaults.RawSqlSource.<init>(RawSqlSource.java:46)
	at org.apache.ibatis.scripting.defaults.RawSqlSource.<init>(RawSqlSource.java:40)
	at org.apache.ibatis.scripting.xmltags.XMLScriptBuilder.parseScriptNode(XMLScriptBuilder.java:71)
	at org.apache.ibatis.scripting.xmltags.XMLLanguageDriver.createSqlSource(XMLLanguageDriver.java:45)
	at org.apache.ibatis.builder.xml.XMLStatementBuilder.parseStatementNode(XMLStatementBuilder.java:98)
	at org.apache.ibatis.builder.xml.XMLMapperBuilder.buildStatementFromContext(XMLMapperBuilder.java:141)
	at org.apache.ibatis.builder.xml.XMLMapperBuilder.buildStatementFromContext(XMLMapperBuilder.java:133)
	at org.apache.ibatis.builder.xml.XMLMapperBuilder.configurationElement(XMLMapperBuilder.java:123)
	... 55 common frames omitted
Caused by: java.lang.StringIndexOutOfBoundsException: String index out of range: 0
	at java.base/java.lang.StringLatin1.charAt(StringLatin1.java:48)
	at java.base/java.lang.String.charAt(String.java:1519)
	at org.apache.ibatis.builder.ParameterExpression.parse(ParameterExpression.java:44)
	at org.apache.ibatis.builder.ParameterExpression.<init>(ParameterExpression.java:39)
	at org.apache.ibatis.builder.SqlSourceBuilder$ParameterMappingTokenHandler.parseParameterMapping(SqlSourceBuilder.java:152)
	... 67 common frames omitted
2026-03-11 10:54:24.184 [main] TRACE o.s.core.io.support.SpringFactoriesLoader-Loaded [org.springframework.boot.WebApplicationType$Deducer] names: [org.springframework.boot.webmvc.WebMvcWebApplicationTypeDeducer]
2026-03-11 10:54:24.188 [main] TRACE o.s.core.io.support.SpringFactoriesLoader-Loaded [org.springframework.boot.bootstrap.BootstrapRegistryInitializer] names: []
2026-03-11 10:54:24.188 [main] TRACE o.s.core.io.support.SpringFactoriesLoader-Loaded [org.springframework.context.ApplicationContextInitializer] names: [org.springframework.boot.autoconfigure.SharedMetadataReaderFactoryContextInitializer, org.springframework.boot.autoconfigure.logging.ConditionEvaluationReportLoggingListener, org.springframework.boot.context.ConfigurationWarningsApplicationContextInitializer, org.springframework.boot.context.ContextIdApplicationContextInitializer, org.springframework.boot.io.ProtocolResolverApplicationContextInitializer, org.springframework.boot.web.server.context.ServerPortInfoApplicationContextInitializer]
2026-03-11 10:54:24.193 [main] TRACE o.s.core.io.support.SpringFactoriesLoader-Loaded [org.springframework.context.ApplicationListener] names: [org.springframework.boot.autoconfigure.preinitialize.BackgroundPreinitializingApplicationListener, org.springframework.boot.ClearCachesApplicationListener, org.springframework.boot.builder.ParentContextCloserApplicationListener, org.springframework.boot.context.FileEncodingApplicationListener, org.springframework.boot.context.logging.LoggingApplicationListener, org.springframework.boot.support.AnsiOutputApplicationListener, org.springframework.boot.support.EnvironmentPostProcessorApplicationListener]
2026-03-11 10:54:24.199 [main] TRACE o.s.core.io.support.SpringFactoriesLoader-Loaded [org.springframework.boot.SpringApplicationRunListener] names: [org.springframework.boot.context.event.EventPublishingRunListener]
2026-03-11 10:54:24.202 [main] TRACE o.s.core.io.support.SpringFactoriesLoader-Loaded [org.springframework.boot.logging.LoggingSystemFactory] names: [org.springframework.boot.logging.java.JavaLoggingSystem$Factory, org.springframework.boot.logging.log4j2.Log4J2LoggingSystem$Factory, org.springframework.boot.logging.logback.LogbackLoggingSystem$Factory]
2026-03-11 10:54:24.323 [main] INFO  com.itheima.TalisWebManagementApplication-Starting TalisWebManagementApplication using Java 17.0.16 with PID 72166 (/Users/zouxianxian/IdeaProjects/web-ai-project02/talis-web-management/target/classes started by zouxianxian in /Users/zouxianxian/IdeaProjects/web-ai-project02)
2026-03-11 10:54:24.324 [main] DEBUG com.itheima.TalisWebManagementApplication-Running with Spring Boot v4.0.3, Spring v7.0.5
2026-03-11 10:54:24.324 [main] INFO  com.itheima.TalisWebManagementApplication-No active profile set, falling back to 1 default profile: "default"
2026-03-11 10:54:24.494 [main] DEBUG o.m.s.boot.autoconfigure.MybatisAutoConfiguration-Searching for mappers annotated with @Mapper
2026-03-11 10:54:24.494 [main] DEBUG o.m.s.boot.autoconfigure.MybatisAutoConfiguration-Using auto-configuration base package 'com.itheima'
2026-03-11 10:54:24.526 [main] DEBUG org.mybatis.spring.mapper.ClassPathMapperScanner-Identified candidate component class: file [/Users/zouxianxian/IdeaProjects/web-ai-project02/talis-web-management/target/classes/com/itheima/mapper/DeptMapper.class]
2026-03-11 10:54:24.527 [main] DEBUG org.mybatis.spring.mapper.ClassPathMapperScanner-Identified candidate component class: file [/Users/zouxianxian/IdeaProjects/web-ai-project02/talis-web-management/target/classes/com/itheima/mapper/EmpExprMapper.class]
2026-03-11 10:54:24.527 [main] DEBUG org.mybatis.spring.mapper.ClassPathMapperScanner-Identified candidate component class: file [/Users/zouxianxian/IdeaProjects/web-ai-project02/talis-web-management/target/classes/com/itheima/mapper/EmpMapper.class]
2026-03-11 10:54:24.527 [main] DEBUG org.mybatis.spring.mapper.ClassPathMapperScanner-Creating MapperFactoryBean with name 'deptMapper' and 'com.itheima.mapper.DeptMapper' mapperInterface
2026-03-11 10:54:24.527 [main] DEBUG org.mybatis.spring.mapper.ClassPathMapperScanner-Creating MapperFactoryBean with name 'empExprMapper' and 'com.itheima.mapper.EmpExprMapper' mapperInterface
2026-03-11 10:54:24.527 [main] DEBUG org.mybatis.spring.mapper.ClassPathMapperScanner-Creating MapperFactoryBean with name 'empMapper' and 'com.itheima.mapper.EmpMapper' mapperInterface
2026-03-11 10:54:24.640 [main] INFO  org.springframework.boot.tomcat.TomcatWebServer-Tomcat initialized with port 8080 (http)
2026-03-11 10:54:24.645 [main] INFO  org.apache.coyote.http11.Http11NioProtocol-Initializing ProtocolHandler ["http-nio-8080"]
2026-03-11 10:54:24.645 [main] INFO  org.apache.catalina.core.StandardService-Starting service [Tomcat]
2026-03-11 10:54:24.645 [main] INFO  org.apache.catalina.core.StandardEngine-Starting Servlet engine: [Apache Tomcat/11.0.18]
2026-03-11 10:54:24.658 [main] INFO  o.s.b.w.c.servlet.WebApplicationContextInitializer-Root WebApplicationContext: initialization completed in 320 ms
2026-03-11 10:54:24.718 [main] DEBUG org.mybatis.spring.SqlSessionFactoryBean-Property 'mapperLocations' was not specified.
2026-03-11 10:54:24.836 [main] DEBUG o.m.s.boot.autoconfigure.MybatisAutoConfiguration-Not found configuration for registering mapper bean using @MapperScan, MapperFactoryBean and MapperScannerConfigurer.
2026-03-11 10:54:24.876 [main] INFO  org.apache.coyote.http11.Http11NioProtocol-Starting ProtocolHandler ["http-nio-8080"]
2026-03-11 10:54:24.883 [main] INFO  org.springframework.boot.tomcat.TomcatWebServer-Tomcat started on port 8080 (http) with context path '/'
2026-03-11 10:54:24.884 [main] INFO  com.itheima.TalisWebManagementApplication-Started TalisWebManagementApplication in 0.686 seconds (process running for 0.942)
2026-03-11 10:54:28.015 [http-nio-8080-exec-1] INFO  o.a.c.core.ContainerBase.[Tomcat].[localhost].[/]-Initializing Spring DispatcherServlet 'dispatcherServlet'
2026-03-11 10:54:28.016 [http-nio-8080-exec-1] INFO  org.springframework.web.servlet.DispatcherServlet-Initializing Servlet 'dispatcherServlet'
2026-03-11 10:54:28.016 [http-nio-8080-exec-1] INFO  org.springframework.web.servlet.DispatcherServlet-Completed initialization in 0 ms
2026-03-11 10:54:28.035 [http-nio-8080-exec-1] INFO  com.itheima.controller.EmpController-ÕłåķĪĄµ¤źĶ»ó:2,5,ķś«,1,2010-01-01,2020-01-01
2026-03-11 10:54:28.067 [http-nio-8080-exec-1] INFO  com.zaxxer.hikari.HikariDataSource-HikariPool-1 - Starting...
2026-03-11 10:54:28.207 [http-nio-8080-exec-1] INFO  com.zaxxer.hikari.pool.HikariPool-HikariPool-1 - Added connection com.mysql.cj.jdbc.ConnectionImpl@22ece4ec
2026-03-11 10:54:28.208 [http-nio-8080-exec-1] INFO  com.zaxxer.hikari.HikariDataSource-HikariPool-1 - Start completed.
2026-03-11 11:05:47.998 [SpringApplicationShutdownHook] INFO  org.springframework.boot.tomcat.GracefulShutdown-Commencing graceful shutdown. Waiting for active requests to complete
2026-03-11 11:05:50.011 [tomcat-shutdown] INFO  org.springframework.boot.tomcat.GracefulShutdown-Graceful shutdown complete
2026-03-11 11:05:50.017 [SpringApplicationShutdownHook] INFO  com.zaxxer.hikari.HikariDataSource-HikariPool-1 - Shutdown initiated...
2026-03-11 11:05:50.022 [SpringApplicationShutdownHook] INFO  com.zaxxer.hikari.HikariDataSource-HikariPool-1 - Shutdown completed.
2026-03-11 11:14:21.781 [main] TRACE o.s.core.io.support.SpringFactoriesLoader-Loaded [org.springframework.boot.WebApplicationType$Deducer] names: [org.springframework.boot.webmvc.WebMvcWebApplicationTypeDeducer]
2026-03-11 11:14:21.786 [main] TRACE o.s.core.io.support.SpringFactoriesLoader-Loaded [org.springframework.boot.bootstrap.BootstrapRegistryInitializer] names: []
2026-03-11 11:14:21.786 [main] TRACE o.s.core.io.support.SpringFactoriesLoader-Loaded [org.springframework.context.ApplicationContextInitializer] names: [org.springframework.boot.autoconfigure.SharedMetadataReaderFactoryContextInitializer, org.springframework.boot.autoconfigure.logging.ConditionEvaluationReportLoggingListener, org.springframework.boot.context.ConfigurationWarningsApplicationContextInitializer, org.springframework.boot.context.ContextIdApplicationContextInitializer, org.springframework.boot.io.ProtocolResolverApplicationContextInitializer, org.springframework.boot.web.server.context.ServerPortInfoApplicationContextInitializer]
2026-03-11 11:14:21.791 [main] TRACE o.s.core.io.support.SpringFactoriesLoader-Loaded [org.springframework.context.ApplicationListener] names: [org.springframework.boot.autoconfigure.preinitialize.BackgroundPreinitializingApplicationListener, org.springframework.boot.ClearCachesApplicationListener, org.springframework.boot.builder.ParentContextCloserApplicationListener, org.springframework.boot.context.FileEncodingApplicationListener, org.springframework.boot.context.logging.LoggingApplicationListener, org.springframework.boot.support.AnsiOutputApplicationListener, org.springframework.boot.support.EnvironmentPostProcessorApplicationListener]
2026-03-11 11:14:21.798 [main] TRACE o.s.core.io.support.SpringFactoriesLoader-Loaded [org.springframework.boot.SpringApplicationRunListener] names: [org.springframework.boot.context.event.EventPublishingRunListener]
2026-03-11 11:14:21.802 [main] TRACE o.s.core.io.support.SpringFactoriesLoader-Loaded [org.springframework.boot.logging.LoggingSystemFactory] names: [org.springframework.boot.logging.java.JavaLoggingSystem$Factory, org.springframework.boot.logging.log4j2.Log4J2LoggingSystem$Factory, org.springframework.boot.logging.logback.LogbackLoggingSystem$Factory]
2026-03-11 11:14:21.929 [main] INFO  com.itheima.TalisWebManagementApplication-Starting TalisWebManagementApplication using Java 17.0.16 with PID 72527 (/Users/zouxianxian/IdeaProjects/web-ai-project02/talis-web-management/target/classes started by zouxianxian in /Users/zouxianxian/IdeaProjects/web-ai-project02)
2026-03-11 11:14:21.929 [main] DEBUG com.itheima.TalisWebManagementApplication-Running with Spring Boot v4.0.3, Spring v7.0.5
2026-03-11 11:14:21.930 [main] INFO  com.itheima.TalisWebManagementApplication-No active profile set, falling back to 1 default profile: "default"
2026-03-11 11:14:22.100 [main] DEBUG o.m.s.boot.autoconfigure.MybatisAutoConfiguration-Searching for mappers annotated with @Mapper
2026-03-11 11:14:22.100 [main] DEBUG o.m.s.boot.autoconfigure.MybatisAutoConfiguration-Using auto-configuration base package 'com.itheima'
2026-03-11 11:14:22.133 [main] DEBUG org.mybatis.spring.mapper.ClassPathMapperScanner-Identified candidate component class: file [/Users/zouxianxian/IdeaProjects/web-ai-project02/talis-web-management/target/classes/com/itheima/mapper/DeptMapper.class]
2026-03-11 11:14:22.133 [main] DEBUG org.mybatis.spring.mapper.ClassPathMapperScanner-Identified candidate component class: file [/Users/zouxianxian/IdeaProjects/web-ai-project02/talis-web-management/target/classes/com/itheima/mapper/EmpExprMapper.class]
2026-03-11 11:14:22.133 [main] DEBUG org.mybatis.spring.mapper.ClassPathMapperScanner-Identified candidate component class: file [/Users/zouxianxian/IdeaProjects/web-ai-project02/talis-web-management/target/classes/com/itheima/mapper/EmpMapper.class]
2026-03-11 11:14:22.134 [main] DEBUG org.mybatis.spring.mapper.ClassPathMapperScanner-Creating MapperFactoryBean with name 'deptMapper' and 'com.itheima.mapper.DeptMapper' mapperInterface
2026-03-11 11:14:22.134 [main] DEBUG org.mybatis.spring.mapper.ClassPathMapperScanner-Creating MapperFactoryBean with name 'empExprMapper' and 'com.itheima.mapper.EmpExprMapper' mapperInterface
2026-03-11 11:14:22.134 [main] DEBUG org.mybatis.spring.mapper.ClassPathMapperScanner-Creating MapperFactoryBean with name 'empMapper' and 'com.itheima.mapper.EmpMapper' mapperInterface
2026-03-11 11:14:22.245 [main] INFO  org.springframework.boot.tomcat.TomcatWebServer-Tomcat initialized with port 8080 (http)
2026-03-11 11:14:22.249 [main] INFO  org.apache.coyote.http11.Http11NioProtocol-Initializing ProtocolHandler ["http-nio-8080"]
2026-03-11 11:14:22.250 [main] INFO  org.apache.catalina.core.StandardService-Starting service [Tomcat]
2026-03-11 11:14:22.250 [main] INFO  org.apache.catalina.core.StandardEngine-Starting Servlet engine: [Apache Tomcat/11.0.18]
2026-03-11 11:14:22.263 [main] INFO  o.s.b.w.c.servlet.WebApplicationContextInitializer-Root WebApplicationContext: initialization completed in 320 ms
2026-03-11 11:14:22.314 [main] DEBUG org.mybatis.spring.SqlSessionFactoryBean-Property 'mapperLocations' was not specified.
2026-03-11 11:14:22.445 [main] DEBUG o.m.s.boot.autoconfigure.MybatisAutoConfiguration-Not found configuration for registering mapper bean using @MapperScan, MapperFactoryBean and MapperScannerConfigurer.
2026-03-11 11:14:22.478 [main] INFO  org.apache.coyote.http11.Http11NioProtocol-Starting ProtocolHandler ["http-nio-8080"]
2026-03-11 11:14:22.484 [main] INFO  org.springframework.boot.tomcat.TomcatWebServer-Tomcat started on port 8080 (http) with context path '/'
2026-03-11 11:14:22.486 [main] INFO  com.itheima.TalisWebManagementApplication-Started TalisWebManagementApplication in 0.689 seconds (process running for 0.933)
2026-03-11 11:14:26.747 [http-nio-8080-exec-1] INFO  o.a.c.core.ContainerBase.[Tomcat].[localhost].[/]-Initializing Spring DispatcherServlet 'dispatcherServlet'
2026-03-11 11:14:26.747 [http-nio-8080-exec-1] INFO  org.springframework.web.servlet.DispatcherServlet-Initializing Servlet 'dispatcherServlet'
2026-03-11 11:14:26.748 [http-nio-8080-exec-1] INFO  org.springframework.web.servlet.DispatcherServlet-Completed initialization in 1 ms
2026-03-11 11:14:26.766 [http-nio-8080-exec-1] INFO  com.itheima.controller.EmpController-ÕłåķĪĄµ¤źĶ»ó:EmpQueryParam(page=2, pageSize=5, name=ķś«, gender=1, begin=2010-01-01, end=2020-01-01)
2026-03-11 11:14:26.797 [http-nio-8080-exec-1] INFO  com.zaxxer.hikari.HikariDataSource-HikariPool-1 - Starting...
2026-03-11 11:14:26.912 [http-nio-8080-exec-1] INFO  com.zaxxer.hikari.pool.HikariPool-HikariPool-1 - Added connection com.mysql.cj.jdbc.ConnectionImpl@1402f90e
2026-03-11 11:14:26.913 [http-nio-8080-exec-1] INFO  com.zaxxer.hikari.HikariDataSource-HikariPool-1 - Start completed.
2026-03-11 11:42:48.375 [SpringApplicationShutdownHook] INFO  org.springframework.boot.tomcat.GracefulShutdown-Commencing graceful shutdown. Waiting for active requests to complete
2026-03-11 11:42:50.389 [tomcat-shutdown] INFO  org.springframework.boot.tomcat.GracefulShutdown-Graceful shutdown complete
2026-03-11 11:42:50.395 [SpringApplicationShutdownHook] INFO  com.zaxxer.hikari.HikariDataSource-HikariPool-1 - Shutdown initiated...
2026-03-11 11:42:50.397 [SpringApplicationShutdownHook] INFO  com.zaxxer.hikari.HikariDataSource-HikariPool-1 - Shutdown completed.
2026-03-11 11:42:57.283 [main] TRACE o.s.core.io.support.SpringFactoriesLoader-Loaded [org.springframework.boot.WebApplicationType$Deducer] names: [org.springframework.boot.webmvc.WebMvcWebApplicationTypeDeducer]
2026-03-11 11:42:57.289 [main] TRACE o.s.core.io.support.SpringFactoriesLoader-Loaded [org.springframework.boot.bootstrap.BootstrapRegistryInitializer] names: []
2026-03-11 11:42:57.289 [main] TRACE o.s.core.io.support.SpringFactoriesLoader-Loaded [org.springframework.context.ApplicationContextInitializer] names: [org.springframework.boot.autoconfigure.SharedMetadataReaderFactoryContextInitializer, org.springframework.boot.autoconfigure.logging.ConditionEvaluationReportLoggingListener, org.springframework.boot.context.ConfigurationWarningsApplicationContextInitializer, org.springframework.boot.context.ContextIdApplicationContextInitializer, org.springframework.boot.io.ProtocolResolverApplicationContextInitializer, org.springframework.boot.web.server.context.ServerPortInfoApplicationContextInitializer]
2026-03-11 11:42:57.295 [main] TRACE o.s.core.io.support.SpringFactoriesLoader-Loaded [org.springframework.context.ApplicationListener] names: [org.springframework.boot.autoconfigure.preinitialize.BackgroundPreinitializingApplicationListener, org.springframework.boot.ClearCachesApplicationListener, org.springframework.boot.builder.ParentContextCloserApplicationListener, org.springframework.boot.context.FileEncodingApplicationListener, org.springframework.boot.context.logging.LoggingApplicationListener, org.springframework.boot.support.AnsiOutputApplicationListener, org.springframework.boot.support.EnvironmentPostProcessorApplicationListener]
2026-03-11 11:42:57.304 [main] TRACE o.s.core.io.support.SpringFactoriesLoader-Loaded [org.springframework.boot.SpringApplicationRunListener] names: [org.springframework.boot.context.event.EventPublishingRunListener]
2026-03-11 11:42:57.307 [main] TRACE o.s.core.io.support.SpringFactoriesLoader-Loaded [org.springframework.boot.logging.LoggingSystemFactory] names: [org.springframework.boot.logging.java.JavaLoggingSystem$Factory, org.springframework.boot.logging.log4j2.Log4J2LoggingSystem$Factory, org.springframework.boot.logging.logback.LogbackLoggingSystem$Factory]
2026-03-11 11:42:57.446 [main] INFO  com.itheima.TalisWebManagementApplication-Starting TalisWebManagementApplication using Java 17.0.16 with PID 73126 (/Users/zouxianxian/IdeaProjects/web-ai-project02/talis-web-management/target/classes started by zouxianxian in /Users/zouxianxian/IdeaProjects/web-ai-project02)
2026-03-11 11:42:57.446 [main] DEBUG com.itheima.TalisWebManagementApplication-Running with Spring Boot v4.0.3, Spring v7.0.5
2026-03-11 11:42:57.446 [main] INFO  com.itheima.TalisWebManagementApplication-No active profile set, falling back to 1 default profile: "default"
2026-03-11 11:42:57.635 [main] DEBUG o.m.s.boot.autoconfigure.MybatisAutoConfiguration-Searching for mappers annotated with @Mapper
2026-03-11 11:42:57.635 [main] DEBUG o.m.s.boot.autoconfigure.MybatisAutoConfiguration-Using auto-configuration base package 'com.itheima'
2026-03-11 11:42:57.672 [main] DEBUG org.mybatis.spring.mapper.ClassPathMapperScanner-Identified candidate component class: file [/Users/zouxianxian/IdeaProjects/web-ai-project02/talis-web-management/target/classes/com/itheima/mapper/DeptMapper.class]
2026-03-11 11:42:57.673 [main] DEBUG org.mybatis.spring.mapper.ClassPathMapperScanner-Identified candidate component class: file [/Users/zouxianxian/IdeaProjects/web-ai-project02/talis-web-management/target/classes/com/itheima/mapper/EmpExprMapper.class]
2026-03-11 11:42:57.673 [main] DEBUG org.mybatis.spring.mapper.ClassPathMapperScanner-Identified candidate component class: file [/Users/zouxianxian/IdeaProjects/web-ai-project02/talis-web-management/target/classes/com/itheima/mapper/EmpMapper.class]
2026-03-11 11:42:57.673 [main] DEBUG org.mybatis.spring.mapper.ClassPathMapperScanner-Creating MapperFactoryBean with name 'deptMapper' and 'com.itheima.mapper.DeptMapper' mapperInterface
2026-03-11 11:42:57.673 [main] DEBUG org.mybatis.spring.mapper.ClassPathMapperScanner-Creating MapperFactoryBean with name 'empExprMapper' and 'com.itheima.mapper.EmpExprMapper' mapperInterface
2026-03-11 11:42:57.674 [main] DEBUG org.mybatis.spring.mapper.ClassPathMapperScanner-Creating MapperFactoryBean with name 'empMapper' and 'com.itheima.mapper.EmpMapper' mapperInterface
2026-03-11 11:42:57.797 [main] INFO  org.springframework.boot.tomcat.TomcatWebServer-Tomcat initialized with port 8080 (http)
2026-03-11 11:42:57.801 [main] INFO  org.apache.coyote.http11.Http11NioProtocol-Initializing ProtocolHandler ["http-nio-8080"]
2026-03-11 11:42:57.802 [main] INFO  org.apache.catalina.core.StandardService-Starting service [Tomcat]
2026-03-11 11:42:57.802 [main] INFO  org.apache.catalina.core.StandardEngine-Starting Servlet engine: [Apache Tomcat/11.0.18]
2026-03-11 11:42:57.817 [main] INFO  o.s.b.w.c.servlet.WebApplicationContextInitializer-Root WebApplicationContext: initialization completed in 356 ms
2026-03-11 11:42:57.879 [main] DEBUG org.mybatis.spring.SqlSessionFactoryBean-Property 'mapperLocations' was not specified.
2026-03-11 11:42:58.014 [main] DEBUG o.m.s.boot.autoconfigure.MybatisAutoConfiguration-Not found configuration for registering mapper bean using @MapperScan, MapperFactoryBean and MapperScannerConfigurer.
2026-03-11 11:42:58.050 [main] INFO  org.apache.coyote.http11.Http11NioProtocol-Starting ProtocolHandler ["http-nio-8080"]
2026-03-11 11:42:58.059 [main] INFO  org.springframework.boot.tomcat.TomcatWebServer-Tomcat started on port 8080 (http) with context path '/'
2026-03-11 11:42:58.061 [main] INFO  com.itheima.TalisWebManagementApplication-Started TalisWebManagementApplication in 0.759 seconds (process running for 1.4)
2026-03-11 11:43:00.412 [http-nio-8080-exec-2] INFO  o.a.c.core.ContainerBase.[Tomcat].[localhost].[/]-Initializing Spring DispatcherServlet 'dispatcherServlet'
2026-03-11 11:43:00.412 [http-nio-8080-exec-2] INFO  org.springframework.web.servlet.DispatcherServlet-Initializing Servlet 'dispatcherServlet'
2026-03-11 11:43:00.413 [http-nio-8080-exec-2] INFO  org.springframework.web.servlet.DispatcherServlet-Completed initialization in 1 ms
2026-03-11 11:43:00.432 [http-nio-8080-exec-2] INFO  com.itheima.controller.EmpController-ÕłåķĪĄµ¤źĶ»ó:EmpQueryParam(page=2, pageSize=5, name=ķś«, gender=null, begin=null, end=null)
2026-03-11 11:43:00.479 [http-nio-8080-exec-2] INFO  com.zaxxer.hikari.HikariDataSource-HikariPool-1 - Starting...
2026-03-11 11:43:00.623 [http-nio-8080-exec-2] INFO  com.zaxxer.hikari.pool.HikariPool-HikariPool-1 - Added connection com.mysql.cj.jdbc.ConnectionImpl@4e5c6c0f
2026-03-11 11:43:00.624 [http-nio-8080-exec-2] INFO  com.zaxxer.hikari.HikariDataSource-HikariPool-1 - Start completed.
2026-03-11 11:45:15.275 [SpringApplicationShutdownHook] INFO  org.springframework.boot.tomcat.GracefulShutdown-Commencing graceful shutdown. Waiting for active requests to complete
2026-03-11 11:45:17.290 [tomcat-shutdown] INFO  org.springframework.boot.tomcat.GracefulShutdown-Graceful shutdown complete
2026-03-11 11:45:17.294 [SpringApplicationShutdownHook] INFO  com.zaxxer.hikari.HikariDataSource-HikariPool-1 - Shutdown initiated...
2026-03-11 11:45:17.298 [SpringApplicationShutdownHook] INFO  com.zaxxer.hikari.HikariDataSource-HikariPool-1 - Shutdown completed.
2026-03-11 11:45:18.411 [main] TRACE o.s.core.io.support.SpringFactoriesLoader-Loaded [org.springframework.boot.WebApplicationType$Deducer] names: [org.springframework.boot.webmvc.WebMvcWebApplicationTypeDeducer]
2026-03-11 11:45:18.416 [main] TRACE o.s.core.io.support.SpringFactoriesLoader-Loaded [org.springframework.boot.bootstrap.BootstrapRegistryInitializer] names: []
2026-03-11 11:45:18.416 [main] TRACE o.s.core.io.support.SpringFactoriesLoader-Loaded [org.springframework.context.ApplicationContextInitializer] names: [org.springframework.boot.autoconfigure.SharedMetadataReaderFactoryContextInitializer, org.springframework.boot.autoconfigure.logging.ConditionEvaluationReportLoggingListener, org.springframework.boot.context.ConfigurationWarningsApplicationContextInitializer, org.springframework.boot.context.ContextIdApplicationContextInitializer, org.springframework.boot.io.ProtocolResolverApplicationContextInitializer, org.springframework.boot.web.server.context.ServerPortInfoApplicationContextInitializer]
2026-03-11 11:45:18.421 [main] TRACE o.s.core.io.support.SpringFactoriesLoader-Loaded [org.springframework.context.ApplicationListener] names: [org.springframework.boot.autoconfigure.preinitialize.BackgroundPreinitializingApplicationListener, org.springframework.boot.ClearCachesApplicationListener, org.springframework.boot.builder.ParentContextCloserApplicationListener, org.springframework.boot.context.FileEncodingApplicationListener, org.springframework.boot.context.logging.LoggingApplicationListener, org.springframework.boot.support.AnsiOutputApplicationListener, org.springframework.boot.support.EnvironmentPostProcessorApplicationListener]
2026-03-11 11:45:18.429 [main] TRACE o.s.core.io.support.SpringFactoriesLoader-Loaded [org.springframework.boot.SpringApplicationRunListener] names: [org.springframework.boot.context.event.EventPublishingRunListener]
2026-03-11 11:45:18.433 [main] TRACE o.s.core.io.support.SpringFactoriesLoader-Loaded [org.springframework.boot.logging.LoggingSystemFactory] names: [org.springframework.boot.logging.java.JavaLoggingSystem$Factory, org.springframework.boot.logging.log4j2.Log4J2LoggingSystem$Factory, org.springframework.boot.logging.logback.LogbackLoggingSystem$Factory]
2026-03-11 11:45:18.574 [main] INFO  com.itheima.TalisWebManagementApplication-Starting TalisWebManagementApplication using Java 17.0.16 with PID 73165 (/Users/zouxianxian/IdeaProjects/web-ai-project02/talis-web-management/target/classes started by zouxianxian in /Users/zouxianxian/IdeaProjects/web-ai-project02)
2026-03-11 11:45:18.575 [main] DEBUG com.itheima.TalisWebManagementApplication-Running with Spring Boot v4.0.3, Spring v7.0.5
2026-03-11 11:45:18.575 [main] INFO  com.itheima.TalisWebManagementApplication-No active profile set, falling back to 1 default profile: "default"
2026-03-11 11:45:18.764 [main] DEBUG o.m.s.boot.autoconfigure.MybatisAutoConfiguration-Searching for mappers annotated with @Mapper
2026-03-11 11:45:18.764 [main] DEBUG o.m.s.boot.autoconfigure.MybatisAutoConfiguration-Using auto-configuration base package 'com.itheima'
2026-03-11 11:45:18.800 [main] DEBUG org.mybatis.spring.mapper.ClassPathMapperScanner-Identified candidate component class: file [/Users/zouxianxian/IdeaProjects/web-ai-project02/talis-web-management/target/classes/com/itheima/mapper/DeptMapper.class]
2026-03-11 11:45:18.800 [main] DEBUG org.mybatis.spring.mapper.ClassPathMapperScanner-Identified candidate component class: file [/Users/zouxianxian/IdeaProjects/web-ai-project02/talis-web-management/target/classes/com/itheima/mapper/EmpExprMapper.class]
2026-03-11 11:45:18.801 [main] DEBUG org.mybatis.spring.mapper.ClassPathMapperScanner-Identified candidate component class: file [/Users/zouxianxian/IdeaProjects/web-ai-project02/talis-web-management/target/classes/com/itheima/mapper/EmpMapper.class]
2026-03-11 11:45:18.801 [main] DEBUG org.mybatis.spring.mapper.ClassPathMapperScanner-Creating MapperFactoryBean with name 'deptMapper' and 'com.itheima.mapper.DeptMapper' mapperInterface
2026-03-11 11:45:18.801 [main] DEBUG org.mybatis.spring.mapper.ClassPathMapperScanner-Creating MapperFactoryBean with name 'empExprMapper' and 'com.itheima.mapper.EmpExprMapper' mapperInterface
2026-03-11 11:45:18.801 [main] DEBUG org.mybatis.spring.mapper.ClassPathMapperScanner-Creating MapperFactoryBean with name 'empMapper' and 'com.itheima.mapper.EmpMapper' mapperInterface
2026-03-11 11:45:18.934 [main] INFO  org.springframework.boot.tomcat.TomcatWebServer-Tomcat initialized with port 8080 (http)
2026-03-11 11:45:18.939 [main] INFO  org.apache.coyote.http11.Http11NioProtocol-Initializing ProtocolHandler ["http-nio-8080"]
2026-03-11 11:45:18.940 [main] INFO  org.apache.catalina.core.StandardService-Starting service [Tomcat]
2026-03-11 11:45:18.940 [main] INFO  org.apache.catalina.core.StandardEngine-Starting Servlet engine: [Apache Tomcat/11.0.18]
2026-03-11 11:45:18.957 [main] INFO  o.s.b.w.c.servlet.WebApplicationContextInitializer-Root WebApplicationContext: initialization completed in 364 ms
2026-03-11 11:45:19.026 [main] DEBUG org.mybatis.spring.SqlSessionFactoryBean-Property 'mapperLocations' was not specified.
2026-03-11 11:45:19.146 [main] DEBUG o.m.s.boot.autoconfigure.MybatisAutoConfiguration-Not found configuration for registering mapper bean using @MapperScan, MapperFactoryBean and MapperScannerConfigurer.
2026-03-11 11:45:19.179 [main] INFO  org.apache.coyote.http11.Http11NioProtocol-Starting ProtocolHandler ["http-nio-8080"]
2026-03-11 11:45:19.186 [main] INFO  org.springframework.boot.tomcat.TomcatWebServer-Tomcat started on port 8080 (http) with context path '/'
2026-03-11 11:45:19.188 [main] INFO  com.itheima.TalisWebManagementApplication-Started TalisWebManagementApplication in 0.761 seconds (process running for 1.192)
2026-03-11 11:45:47.098 [http-nio-8080-exec-2] INFO  o.a.c.core.ContainerBase.[Tomcat].[localhost].[/]-Initializing Spring DispatcherServlet 'dispatcherServlet'
2026-03-11 11:45:47.099 [http-nio-8080-exec-2] INFO  org.springframework.web.servlet.DispatcherServlet-Initializing Servlet 'dispatcherServlet'
2026-03-11 11:45:47.100 [http-nio-8080-exec-2] INFO  org.springframework.web.servlet.DispatcherServlet-Completed initialization in 1 ms
2026-03-11 11:45:47.120 [http-nio-8080-exec-2] INFO  com.itheima.controller.EmpController-ÕłåķĪĄµ¤źĶ»ó:EmpQueryParam(page=2, pageSize=5, name=null, gender=1, begin=null, end=null)
2026-03-11 11:45:47.170 [http-nio-8080-exec-2] INFO  com.zaxxer.hikari.HikariDataSource-HikariPool-1 - Starting...
2026-03-11 11:45:47.297 [http-nio-8080-exec-2] INFO  com.zaxxer.hikari.pool.HikariPool-HikariPool-1 - Added connection com.mysql.cj.jdbc.ConnectionImpl@316bf38a
2026-03-11 11:45:47.298 [http-nio-8080-exec-2] INFO  com.zaxxer.hikari.HikariDataSource-HikariPool-1 - Start completed.
2026-03-11 11:45:47.391 [http-nio-8080-exec-2] ERROR o.a.c.c.C.[.[localhost].[/].[dispatcherServlet]-Servlet.service() for servlet [dispatcherServlet] in context with path [] threw exception [Request processing failed: org.springframework.jdbc.BadSqlGrammarException: 
### Error querying database.  Cause: java.sql.SQLSyntaxErrorException: You have an error in your SQL syntax; check the manual that corresponds to your MySQL server version for the right syntax to use near 'LIMIT 5, 5' at line 3
### The error may exist in com/itheima/mapper/EmpMapper.xml
### The error may involve defaultParameterMap
### The error occurred while setting parameters
### SQL: select e.*,d.name from emp e left join dept d on e.dept_id=d.id         WHERE  e.gender=?   order by e.update_time desc;  LIMIT ?, ?
### Cause: java.sql.SQLSyntaxErrorException: You have an error in your SQL syntax; check the manual that corresponds to your MySQL server version for the right syntax to use near 'LIMIT 5, 5' at line 3
; bad SQL grammar []] with root cause
java.sql.SQLSyntaxErrorException: You have an error in your SQL syntax; check the manual that corresponds to your MySQL server version for the right syntax to use near 'LIMIT 5, 5' at line 3
	at com.mysql.cj.jdbc.exceptions.SQLError.createSQLException(SQLError.java:112)
	at com.mysql.cj.jdbc.exceptions.SQLExceptionsMapping.translateException(SQLExceptionsMapping.java:114)
	at com.mysql.cj.jdbc.ClientPreparedStatement.executeInternal(ClientPreparedStatement.java:988)
	at com.mysql.cj.jdbc.ClientPreparedStatement.execute(ClientPreparedStatement.java:383)
	at com.zaxxer.hikari.pool.ProxyPreparedStatement.execute(ProxyPreparedStatement.java:44)
	at com.zaxxer.hikari.pool.HikariProxyPreparedStatement.execute(HikariProxyPreparedStatement.java)
	at java.base/jdk.internal.reflect.NativeMethodAccessorImpl.invoke0(Native Method)
	at java.base/jdk.internal.reflect.NativeMethodAccessorImpl.invoke(NativeMethodAccessorImpl.java:77)
	at java.base/jdk.internal.reflect.DelegatingMethodAccessorImpl.invoke(DelegatingMethodAccessorImpl.java:43)
	at java.base/java.lang.reflect.Method.invoke(Method.java:568)
	at org.apache.ibatis.logging.jdbc.PreparedStatementLogger.invoke(PreparedStatementLogger.java:58)
	at jdk.proxy3/jdk.proxy3.$Proxy86.execute(Unknown Source)
	at org.apache.ibatis.executor.statement.PreparedStatementHandler.query(PreparedStatementHandler.java:65)
	at org.apache.ibatis.executor.statement.RoutingStatementHandler.query(RoutingStatementHandler.java:80)
	at org.apache.ibatis.executor.SimpleExecutor.doQuery(SimpleExecutor.java:65)
	at org.apache.ibatis.executor.BaseExecutor.queryFromDatabase(BaseExecutor.java:336)
	at org.apache.ibatis.executor.BaseExecutor.query(BaseExecutor.java:158)
	at org.apache.ibatis.executor.CachingExecutor.query(CachingExecutor.java:110)
	at com.github.pagehelper.util.ExecutorUtil.pageQuery(ExecutorUtil.java:215)
	at com.github.pagehelper.PageInterceptor.intercept(PageInterceptor.java:147)
	at org.apache.ibatis.plugin.Plugin.invoke(Plugin.java:59)
	at jdk.proxy2/jdk.proxy2.$Proxy84.query(Unknown Source)
	at org.apache.ibatis.session.defaults.DefaultSqlSession.selectList(DefaultSqlSession.java:154)
	at org.apache.ibatis.session.defaults.DefaultSqlSession.selectList(DefaultSqlSession.java:147)
	at org.apache.ibatis.session.defaults.DefaultSqlSession.selectList(DefaultSqlSession.java:142)
	at java.base/jdk.internal.reflect.NativeMethodAccessorImpl.invoke0(Native Method)
	at java.base/jdk.internal.reflect.NativeMethodAccessorImpl.invoke(NativeMethodAccessorImpl.java:77)
	at java.base/jdk.internal.reflect.DelegatingMethodAccessorImpl.invoke(DelegatingMethodAccessorImpl.java:43)
	at java.base/java.lang.reflect.Method.invoke(Method.java:568)
	at org.mybatis.spring.SqlSessionTemplate$SqlSessionInterceptor.invoke(SqlSessionTemplate.java:348)
	at jdk.proxy2/jdk.proxy2.$Proxy69.selectList(Unknown Source)
	at org.mybatis.spring.SqlSessionTemplate.selectList(SqlSessionTemplate.java:209)
	at org.apache.ibatis.binding.MapperMethod.executeForMany(MapperMethod.java:147)
	at org.apache.ibatis.binding.MapperMethod.execute(MapperMethod.java:80)
	at org.apache.ibatis.binding.MapperProxy$PlainMethodInvoker.invoke(MapperProxy.java:141)
	at org.apache.ibatis.binding.MapperProxy.invoke(MapperProxy.java:86)
	at jdk.proxy2/jdk.proxy2.$Proxy75.list(Unknown Source)
	at com.itheima.service.impl.EmpServiceImpl.page(EmpServiceImpl.java:29)
	at com.itheima.controller.EmpController.page(EmpController.java:33)
	at java.base/jdk.internal.reflect.NativeMethodAccessorImpl.invoke0(Native Method)
	at java.base/jdk.internal.reflect.NativeMethodAccessorImpl.invoke(NativeMethodAccessorImpl.java:77)
	at java.base/jdk.internal.reflect.DelegatingMethodAccessorImpl.invoke(DelegatingMethodAccessorImpl.java:43)
	at java.base/java.lang.reflect.Method.invoke(Method.java:568)
	at org.springframework.web.method.support.InvocableHandlerMethod.doInvoke(InvocableHandlerMethod.java:252)
	at org.springframework.web.method.support.InvocableHandlerMethod.invokeForRequest(InvocableHandlerMethod.java:184)
	at org.springframework.web.servlet.mvc.method.annotation.ServletInvocableHandlerMethod.invokeAndHandle(ServletInvocableHandlerMethod.java:117)
	at org.springframework.web.servlet.mvc.method.annotation.RequestMappingHandlerAdapter.invokeHandlerMethod(RequestMappingHandlerAdapter.java:934)
	at org.springframework.web.servlet.mvc.method.annotation.RequestMappingHandlerAdapter.handleInternal(RequestMappingHandlerAdapter.java:853)
	at org.springframework.web.servlet.mvc.method.AbstractHandlerMethodAdapter.handle(AbstractHandlerMethodAdapter.java:86)
	at org.springframework.web.servlet.DispatcherServlet.doDispatch(DispatcherServlet.java:963)
	at org.springframework.web.servlet.DispatcherServlet.doService(DispatcherServlet.java:866)
	at org.springframework.web.servlet.FrameworkServlet.processRequest(FrameworkServlet.java:1000)
	at org.springframework.web.servlet.FrameworkServlet.doGet(FrameworkServlet.java:892)
	at jakarta.servlet.http.HttpServlet.service(HttpServlet.java:622)
	at org.springframework.web.servlet.FrameworkServlet.service(FrameworkServlet.java:874)
	at jakarta.servlet.http.HttpServlet.service(HttpServlet.java:710)
	at org.apache.catalina.core.ApplicationFilterChain.doFilter(ApplicationFilterChain.java:128)
	at org.apache.tomcat.websocket.server.WsFilter.doFilter(WsFilter.java:53)
	at org.apache.catalina.core.ApplicationFilterChain.doFilter(ApplicationFilterChain.java:107)
	at org.springframework.web.filter.RequestContextFilter.doFilterInternal(RequestContextFilter.java:100)
	at org.springframework.web.filter.OncePerRequestFilter.doFilter(OncePerRequestFilter.java:116)
	at org.apache.catalina.core.ApplicationFilterChain.doFilter(ApplicationFilterChain.java:107)
	at org.springframework.web.filter.FormContentFilter.doFilterInternal(FormContentFilter.java:93)
	at org.springframework.web.filter.OncePerRequestFilter.doFilter(OncePerRequestFilter.java:116)
	at org.apache.catalina.core.ApplicationFilterChain.doFilter(ApplicationFilterChain.java:107)
	at org.springframework.web.filter.CharacterEncodingFilter.doFilterInternal(CharacterEncodingFilter.java:199)
	at org.springframework.web.filter.OncePerRequestFilter.doFilter(OncePerRequestFilter.java:116)
	at org.apache.catalina.core.ApplicationFilterChain.doFilter(ApplicationFilterChain.java:107)
	at org.apache.catalina.core.StandardWrapperValve.invoke(StandardWrapperValve.java:165)
	at org.apache.catalina.core.StandardContextValve.invoke(StandardContextValve.java:77)
	at org.apache.catalina.authenticator.AuthenticatorBase.invoke(AuthenticatorBase.java:492)
	at org.apache.catalina.core.StandardHostValve.invoke(StandardHostValve.java:113)
	at org.apache.catalina.valves.ErrorReportValve.invoke(ErrorReportValve.java:83)
	at org.apache.catalina.core.StandardEngineValve.invoke(StandardEngineValve.java:72)
	at org.apache.catalina.connector.CoyoteAdapter.service(CoyoteAdapter.java:341)
	at org.apache.coyote.http11.Http11Processor.service(Http11Processor.java:397)
	at org.apache.coyote.AbstractProcessorLight.process(AbstractProcessorLight.java:63)
	at org.apache.coyote.AbstractProtocol$ConnectionHandler.process(AbstractProtocol.java:903)
	at org.apache.tomcat.util.net.NioEndpoint$SocketProcessor.doRun(NioEndpoint.java:1779)
	at org.apache.tomcat.util.net.SocketProcessorBase.run(SocketProcessorBase.java:52)
	at org.apache.tomcat.util.threads.ThreadPoolExecutor.runWorker(ThreadPoolExecutor.java:946)
	at org.apache.tomcat.util.threads.ThreadPoolExecutor$Worker.run(ThreadPoolExecutor.java:480)
	at org.apache.tomcat.util.threads.TaskThread$WrappingRunnable.run(TaskThread.java:57)
	at java.base/java.lang.Thread.run(Thread.java:842)
2026-03-11 11:46:07.791 [http-nio-8080-exec-4] INFO  com.itheima.controller.EmpController-ÕłåķĪĄµ¤źĶ»ó:EmpQueryParam(page=2, pageSize=5, name=null, gender=1, begin=null, end=null)
2026-03-11 11:46:07.799 [http-nio-8080-exec-4] ERROR o.a.c.c.C.[.[localhost].[/].[dispatcherServlet]-Servlet.service() for servlet [dispatcherServlet] in context with path [] threw exception [Request processing failed: org.springframework.jdbc.BadSqlGrammarException: 
### Error querying database.  Cause: java.sql.SQLSyntaxErrorException: You have an error in your SQL syntax; check the manual that corresponds to your MySQL server version for the right syntax to use near 'LIMIT 5, 5' at line 3
### The error may exist in com/itheima/mapper/EmpMapper.xml
### The error may involve defaultParameterMap
### The error occurred while setting parameters
### SQL: select e.*,d.name from emp e left join dept d on e.dept_id=d.id         WHERE  e.gender=?   order by e.update_time desc;  LIMIT ?, ?
### Cause: java.sql.SQLSyntaxErrorException: You have an error in your SQL syntax; check the manual that corresponds to your MySQL server version for the right syntax to use near 'LIMIT 5, 5' at line 3
; bad SQL grammar []] with root cause
java.sql.SQLSyntaxErrorException: You have an error in your SQL syntax; check the manual that corresponds to your MySQL server version for the right syntax to use near 'LIMIT 5, 5' at line 3
	at com.mysql.cj.jdbc.exceptions.SQLError.createSQLException(SQLError.java:112)
	at com.mysql.cj.jdbc.exceptions.SQLExceptionsMapping.translateException(SQLExceptionsMapping.java:114)
	at com.mysql.cj.jdbc.ClientPreparedStatement.executeInternal(ClientPreparedStatement.java:988)
	at com.mysql.cj.jdbc.ClientPreparedStatement.execute(ClientPreparedStatement.java:383)
	at com.zaxxer.hikari.pool.ProxyPreparedStatement.execute(ProxyPreparedStatement.java:44)
	at com.zaxxer.hikari.pool.HikariProxyPreparedStatement.execute(HikariProxyPreparedStatement.java)
	at java.base/jdk.internal.reflect.NativeMethodAccessorImpl.invoke0(Native Method)
	at java.base/jdk.internal.reflect.NativeMethodAccessorImpl.invoke(NativeMethodAccessorImpl.java:77)
	at java.base/jdk.internal.reflect.DelegatingMethodAccessorImpl.invoke(DelegatingMethodAccessorImpl.java:43)
	at java.base/java.lang.reflect.Method.invoke(Method.java:568)
	at org.apache.ibatis.logging.jdbc.PreparedStatementLogger.invoke(PreparedStatementLogger.java:58)
	at jdk.proxy3/jdk.proxy3.$Proxy86.execute(Unknown Source)
	at org.apache.ibatis.executor.statement.PreparedStatementHandler.query(PreparedStatementHandler.java:65)
	at org.apache.ibatis.executor.statement.RoutingStatementHandler.query(RoutingStatementHandler.java:80)
	at org.apache.ibatis.executor.SimpleExecutor.doQuery(SimpleExecutor.java:65)
	at org.apache.ibatis.executor.BaseExecutor.queryFromDatabase(BaseExecutor.java:336)
	at org.apache.ibatis.executor.BaseExecutor.query(BaseExecutor.java:158)
	at org.apache.ibatis.executor.CachingExecutor.query(CachingExecutor.java:110)
	at com.github.pagehelper.util.ExecutorUtil.pageQuery(ExecutorUtil.java:215)
	at com.github.pagehelper.PageInterceptor.intercept(PageInterceptor.java:147)
	at org.apache.ibatis.plugin.Plugin.invoke(Plugin.java:59)
	at jdk.proxy2/jdk.proxy2.$Proxy84.query(Unknown Source)
	at org.apache.ibatis.session.defaults.DefaultSqlSession.selectList(DefaultSqlSession.java:154)
	at org.apache.ibatis.session.defaults.DefaultSqlSession.selectList(DefaultSqlSession.java:147)
	at org.apache.ibatis.session.defaults.DefaultSqlSession.selectList(DefaultSqlSession.java:142)
	at java.base/jdk.internal.reflect.NativeMethodAccessorImpl.invoke0(Native Method)
	at java.base/jdk.internal.reflect.NativeMethodAccessorImpl.invoke(NativeMethodAccessorImpl.java:77)
	at java.base/jdk.internal.reflect.DelegatingMethodAccessorImpl.invoke(DelegatingMethodAccessorImpl.java:43)
	at java.base/java.lang.reflect.Method.invoke(Method.java:568)
	at org.mybatis.spring.SqlSessionTemplate$SqlSessionInterceptor.invoke(SqlSessionTemplate.java:348)
	at jdk.proxy2/jdk.proxy2.$Proxy69.selectList(Unknown Source)
	at org.mybatis.spring.SqlSessionTemplate.selectList(SqlSessionTemplate.java:209)
	at org.apache.ibatis.binding.MapperMethod.executeForMany(MapperMethod.java:147)
	at org.apache.ibatis.binding.MapperMethod.execute(MapperMethod.java:80)
	at org.apache.ibatis.binding.MapperProxy$PlainMethodInvoker.invoke(MapperProxy.java:141)
	at org.apache.ibatis.binding.MapperProxy.invoke(MapperProxy.java:86)
	at jdk.proxy2/jdk.proxy2.$Proxy75.list(Unknown Source)
	at com.itheima.service.impl.EmpServiceImpl.page(EmpServiceImpl.java:29)
	at com.itheima.controller.EmpController.page(EmpController.java:33)
	at java.base/jdk.internal.reflect.NativeMethodAccessorImpl.invoke0(Native Method)
	at java.base/jdk.internal.reflect.NativeMethodAccessorImpl.invoke(NativeMethodAccessorImpl.java:77)
	at java.base/jdk.internal.reflect.DelegatingMethodAccessorImpl.invoke(DelegatingMethodAccessorImpl.java:43)
	at java.base/java.lang.reflect.Method.invoke(Method.java:568)
	at org.springframework.web.method.support.InvocableHandlerMethod.doInvoke(InvocableHandlerMethod.java:252)
	at org.springframework.web.method.support.InvocableHandlerMethod.invokeForRequest(InvocableHandlerMethod.java:184)
	at org.springframework.web.servlet.mvc.method.annotation.ServletInvocableHandlerMethod.invokeAndHandle(ServletInvocableHandlerMethod.java:117)
	at org.springframework.web.servlet.mvc.method.annotation.RequestMappingHandlerAdapter.invokeHandlerMethod(RequestMappingHandlerAdapter.java:934)
	at org.springframework.web.servlet.mvc.method.annotation.RequestMappingHandlerAdapter.handleInternal(RequestMappingHandlerAdapter.java:853)
	at org.springframework.web.servlet.mvc.method.AbstractHandlerMethodAdapter.handle(AbstractHandlerMethodAdapter.java:86)
	at org.springframework.web.servlet.DispatcherServlet.doDispatch(DispatcherServlet.java:963)
	at org.springframework.web.servlet.DispatcherServlet.doService(DispatcherServlet.java:866)
	at org.springframework.web.servlet.FrameworkServlet.processRequest(FrameworkServlet.java:1000)
	at org.springframework.web.servlet.FrameworkServlet.doGet(FrameworkServlet.java:892)
	at jakarta.servlet.http.HttpServlet.service(HttpServlet.java:622)
	at org.springframework.web.servlet.FrameworkServlet.service(FrameworkServlet.java:874)
	at jakarta.servlet.http.HttpServlet.service(HttpServlet.java:710)
	at org.apache.catalina.core.ApplicationFilterChain.doFilter(ApplicationFilterChain.java:128)
	at org.apache.tomcat.websocket.server.WsFilter.doFilter(WsFilter.java:53)
	at org.apache.catalina.core.ApplicationFilterChain.doFilter(ApplicationFilterChain.java:107)
	at org.springframework.web.filter.RequestContextFilter.doFilterInternal(RequestContextFilter.java:100)
	at org.springframework.web.filter.OncePerRequestFilter.doFilter(OncePerRequestFilter.java:116)
	at org.apache.catalina.core.ApplicationFilterChain.doFilter(ApplicationFilterChain.java:107)
	at org.springframework.web.filter.FormContentFilter.doFilterInternal(FormContentFilter.java:93)
	at org.springframework.web.filter.OncePerRequestFilter.doFilter(OncePerRequestFilter.java:116)
	at org.apache.catalina.core.ApplicationFilterChain.doFilter(ApplicationFilterChain.java:107)
	at org.springframework.web.filter.CharacterEncodingFilter.doFilterInternal(CharacterEncodingFilter.java:199)
	at org.springframework.web.filter.OncePerRequestFilter.doFilter(OncePerRequestFilter.java:116)
	at org.apache.catalina.core.ApplicationFilterChain.doFilter(ApplicationFilterChain.java:107)
	at org.apache.catalina.core.StandardWrapperValve.invoke(StandardWrapperValve.java:165)
	at org.apache.catalina.core.StandardContextValve.invoke(StandardContextValve.java:77)
	at org.apache.catalina.authenticator.AuthenticatorBase.invoke(AuthenticatorBase.java:492)
	at org.apache.catalina.core.StandardHostValve.invoke(StandardHostValve.java:113)
	at org.apache.catalina.valves.ErrorReportValve.invoke(ErrorReportValve.java:83)
	at org.apache.catalina.core.StandardEngineValve.invoke(StandardEngineValve.java:72)
	at org.apache.catalina.connector.CoyoteAdapter.service(CoyoteAdapter.java:341)
	at org.apache.coyote.http11.Http11Processor.service(Http11Processor.java:397)
	at org.apache.coyote.AbstractProcessorLight.process(AbstractProcessorLight.java:63)
	at org.apache.coyote.AbstractProtocol$ConnectionHandler.process(AbstractProtocol.java:903)
	at org.apache.tomcat.util.net.NioEndpoint$SocketProcessor.doRun(NioEndpoint.java:1779)
	at org.apache.tomcat.util.net.SocketProcessorBase.run(SocketProcessorBase.java:52)
	at org.apache.tomcat.util.threads.ThreadPoolExecutor.runWorker(ThreadPoolExecutor.java:946)
	at org.apache.tomcat.util.threads.ThreadPoolExecutor$Worker.run(ThreadPoolExecutor.java:480)
	at org.apache.tomcat.util.threads.TaskThread$WrappingRunnable.run(TaskThread.java:57)
	at java.base/java.lang.Thread.run(Thread.java:842)
2026-03-11 11:47:13.047 [SpringApplicationShutdownHook] INFO  org.springframework.boot.tomcat.GracefulShutdown-Commencing graceful shutdown. Waiting for active requests to complete
2026-03-11 11:47:15.059 [tomcat-shutdown] INFO  org.springframework.boot.tomcat.GracefulShutdown-Graceful shutdown complete
2026-03-11 11:47:15.062 [SpringApplicationShutdownHook] INFO  com.zaxxer.hikari.HikariDataSource-HikariPool-1 - Shutdown initiated...
2026-03-11 11:47:15.067 [SpringApplicationShutdownHook] INFO  com.zaxxer.hikari.HikariDataSource-HikariPool-1 - Shutdown completed.
2026-03-11 11:47:16.196 [main] TRACE o.s.core.io.support.SpringFactoriesLoader-Loaded [org.springframework.boot.WebApplicationType$Deducer] names: [org.springframework.boot.webmvc.WebMvcWebApplicationTypeDeducer]
2026-03-11 11:47:16.201 [main] TRACE o.s.core.io.support.SpringFactoriesLoader-Loaded [org.springframework.boot.bootstrap.BootstrapRegistryInitializer] names: []
2026-03-11 11:47:16.201 [main] TRACE o.s.core.io.support.SpringFactoriesLoader-Loaded [org.springframework.context.ApplicationContextInitializer] names: [org.springframework.boot.autoconfigure.SharedMetadataReaderFactoryContextInitializer, org.springframework.boot.autoconfigure.logging.ConditionEvaluationReportLoggingListener, org.springframework.boot.context.ConfigurationWarningsApplicationContextInitializer, org.springframework.boot.context.ContextIdApplicationContextInitializer, org.springframework.boot.io.ProtocolResolverApplicationContextInitializer, org.springframework.boot.web.server.context.ServerPortInfoApplicationContextInitializer]
2026-03-11 11:47:16.206 [main] TRACE o.s.core.io.support.SpringFactoriesLoader-Loaded [org.springframework.context.ApplicationListener] names: [org.springframework.boot.autoconfigure.preinitialize.BackgroundPreinitializingApplicationListener, org.springframework.boot.ClearCachesApplicationListener, org.springframework.boot.builder.ParentContextCloserApplicationListener, org.springframework.boot.context.FileEncodingApplicationListener, org.springframework.boot.context.logging.LoggingApplicationListener, org.springframework.boot.support.AnsiOutputApplicationListener, org.springframework.boot.support.EnvironmentPostProcessorApplicationListener]
2026-03-11 11:47:16.213 [main] TRACE o.s.core.io.support.SpringFactoriesLoader-Loaded [org.springframework.boot.SpringApplicationRunListener] names: [org.springframework.boot.context.event.EventPublishingRunListener]
2026-03-11 11:47:16.216 [main] TRACE o.s.core.io.support.SpringFactoriesLoader-Loaded [org.springframework.boot.logging.LoggingSystemFactory] names: [org.springframework.boot.logging.java.JavaLoggingSystem$Factory, org.springframework.boot.logging.log4j2.Log4J2LoggingSystem$Factory, org.springframework.boot.logging.logback.LogbackLoggingSystem$Factory]
2026-03-11 11:47:16.338 [main] INFO  com.itheima.TalisWebManagementApplication-Starting TalisWebManagementApplication using Java 17.0.16 with PID 73200 (/Users/zouxianxian/IdeaProjects/web-ai-project02/talis-web-management/target/classes started by zouxianxian in /Users/zouxianxian/IdeaProjects/web-ai-project02)
2026-03-11 11:47:16.338 [main] DEBUG com.itheima.TalisWebManagementApplication-Running with Spring Boot v4.0.3, Spring v7.0.5
2026-03-11 11:47:16.338 [main] INFO  com.itheima.TalisWebManagementApplication-No active profile set, falling back to 1 default profile: "default"
2026-03-11 11:47:16.509 [main] DEBUG o.m.s.boot.autoconfigure.MybatisAutoConfiguration-Searching for mappers annotated with @Mapper
2026-03-11 11:47:16.509 [main] DEBUG o.m.s.boot.autoconfigure.MybatisAutoConfiguration-Using auto-configuration base package 'com.itheima'
2026-03-11 11:47:16.543 [main] DEBUG org.mybatis.spring.mapper.ClassPathMapperScanner-Identified candidate component class: file [/Users/zouxianxian/IdeaProjects/web-ai-project02/talis-web-management/target/classes/com/itheima/mapper/DeptMapper.class]
2026-03-11 11:47:16.544 [main] DEBUG org.mybatis.spring.mapper.ClassPathMapperScanner-Identified candidate component class: file [/Users/zouxianxian/IdeaProjects/web-ai-project02/talis-web-management/target/classes/com/itheima/mapper/EmpExprMapper.class]
2026-03-11 11:47:16.544 [main] DEBUG org.mybatis.spring.mapper.ClassPathMapperScanner-Identified candidate component class: file [/Users/zouxianxian/IdeaProjects/web-ai-project02/talis-web-management/target/classes/com/itheima/mapper/EmpMapper.class]
2026-03-11 11:47:16.544 [main] DEBUG org.mybatis.spring.mapper.ClassPathMapperScanner-Creating MapperFactoryBean with name 'deptMapper' and 'com.itheima.mapper.DeptMapper' mapperInterface
2026-03-11 11:47:16.545 [main] DEBUG org.mybatis.spring.mapper.ClassPathMapperScanner-Creating MapperFactoryBean with name 'empExprMapper' and 'com.itheima.mapper.EmpExprMapper' mapperInterface
2026-03-11 11:47:16.545 [main] DEBUG org.mybatis.spring.mapper.ClassPathMapperScanner-Creating MapperFactoryBean with name 'empMapper' and 'com.itheima.mapper.EmpMapper' mapperInterface
2026-03-11 11:47:16.657 [main] INFO  org.springframework.boot.tomcat.TomcatWebServer-Tomcat initialized with port 8080 (http)
2026-03-11 11:47:16.661 [main] INFO  org.apache.coyote.http11.Http11NioProtocol-Initializing ProtocolHandler ["http-nio-8080"]
2026-03-11 11:47:16.662 [main] INFO  org.apache.catalina.core.StandardService-Starting service [Tomcat]
2026-03-11 11:47:16.662 [main] INFO  org.apache.catalina.core.StandardEngine-Starting Servlet engine: [Apache Tomcat/11.0.18]
2026-03-11 11:47:16.675 [main] INFO  o.s.b.w.c.servlet.WebApplicationContextInitializer-Root WebApplicationContext: initialization completed in 323 ms
2026-03-11 11:47:16.729 [main] DEBUG org.mybatis.spring.SqlSessionFactoryBean-Property 'mapperLocations' was not specified.
2026-03-11 11:47:16.848 [main] DEBUG o.m.s.boot.autoconfigure.MybatisAutoConfiguration-Not found configuration for registering mapper bean using @MapperScan, MapperFactoryBean and MapperScannerConfigurer.
2026-03-11 11:47:16.880 [main] INFO  org.apache.coyote.http11.Http11NioProtocol-Starting ProtocolHandler ["http-nio-8080"]
2026-03-11 11:47:16.887 [main] INFO  org.springframework.boot.tomcat.TomcatWebServer-Tomcat started on port 8080 (http) with context path '/'
2026-03-11 11:47:16.889 [main] INFO  com.itheima.TalisWebManagementApplication-Started TalisWebManagementApplication in 0.678 seconds (process running for 1.145)
2026-03-11 11:47:20.179 [http-nio-8080-exec-2] INFO  o.a.c.core.ContainerBase.[Tomcat].[localhost].[/]-Initializing Spring DispatcherServlet 'dispatcherServlet'
2026-03-11 11:47:20.180 [http-nio-8080-exec-2] INFO  org.springframework.web.servlet.DispatcherServlet-Initializing Servlet 'dispatcherServlet'
2026-03-11 11:47:20.181 [http-nio-8080-exec-2] INFO  org.springframework.web.servlet.DispatcherServlet-Completed initialization in 1 ms
2026-03-11 11:47:20.200 [http-nio-8080-exec-2] INFO  com.itheima.controller.EmpController-ÕłåķĪĄµ¤źĶ»ó:EmpQueryParam(page=2, pageSize=5, name=null, gender=1, begin=null, end=null)
2026-03-11 11:47:20.255 [http-nio-8080-exec-2] INFO  com.zaxxer.hikari.HikariDataSource-HikariPool-1 - Starting...
2026-03-11 11:47:20.502 [http-nio-8080-exec-2] INFO  com.zaxxer.hikari.pool.HikariPool-HikariPool-1 - Added connection com.mysql.cj.jdbc.ConnectionImpl@186044db
2026-03-11 11:47:20.504 [http-nio-8080-exec-2] INFO  com.zaxxer.hikari.HikariDataSource-HikariPool-1 - Start completed.
2026-03-11 11:47:49.017 [http-nio-8080-exec-3] INFO  com.itheima.controller.DeptController-µ¤źĶ»óÕģ©ķā©ńÜäķā©ķŚ©õ┐Īµü»
2026-03-11 11:47:53.802 [http-nio-8080-exec-5] INFO  com.itheima.controller.DeptController-µ¤źĶ»óÕģ©ķā©ńÜäķā©ķŚ©õ┐Īµü»
2026-03-11 11:47:53.809 [http-nio-8080-exec-4] INFO  com.itheima.controller.EmpController-ÕłåķĪĄµ¤źĶ»ó:EmpQueryParam(page=1, pageSize=10, name=, gender=null, begin=null, end=null)
2026-03-11 11:48:09.741 [http-nio-8080-exec-6] INFO  com.itheima.controller.EmpController-ÕłåķĪĄµ¤źĶ»ó:EmpQueryParam(page=1, pageSize=10, name=ń½ź, gender=null, begin=null, end=null)
2026-03-11 11:48:15.980 [http-nio-8080-exec-7] INFO  com.itheima.controller.EmpController-ÕłåķĪĄµ¤źĶ»ó:EmpQueryParam(page=1, pageSize=10, name=, gender=null, begin=null, end=null)
2026-03-11 11:48:21.366 [http-nio-8080-exec-9] INFO  com.itheima.controller.EmpController-ÕłåķĪĄµ¤źĶ»ó:EmpQueryParam(page=1, pageSize=10, name=, gender=1, begin=null, end=null)
2026-03-11 11:48:22.083 [http-nio-8080-exec-10] INFO  com.itheima.controller.EmpController-ÕłåķĪĄµ¤źĶ»ó:EmpQueryParam(page=1, pageSize=10, name=, gender=1, begin=null, end=null)
2026-03-11 11:48:25.306 [http-nio-8080-exec-1] INFO  com.itheima.controller.EmpController-ÕłåķĪĄµ¤źĶ»ó:EmpQueryParam(page=1, pageSize=10, name=, gender=2, begin=null, end=null)
2026-03-11 13:18:25.047 [HikariPool-1:housekeeper] WARN  com.zaxxer.hikari.pool.HikariPool-HikariPool-1 - Thread starvation or clock leap detected (housekeeper delta=16m3s462ms).
2026-03-11 13:51:45.559 [HikariPool-1:housekeeper] WARN  com.zaxxer.hikari.pool.HikariPool-HikariPool-1 - Thread starvation or clock leap detected (housekeeper delta=33m20s515ms).
2026-03-11 14:44:16.084 [HikariPool-1:housekeeper] WARN  com.zaxxer.hikari.pool.HikariPool-HikariPool-1 - Thread starvation or clock leap detected (housekeeper delta=52m30s526ms).
2026-03-11 15:03:50.479 [HikariPool-1:housekeeper] WARN  com.zaxxer.hikari.pool.HikariPool-HikariPool-1 - Thread starvation or clock leap detected (housekeeper delta=19m34s395ms).
2026-03-11 16:04:48.802 [HikariPool-1:housekeeper] WARN  com.zaxxer.hikari.pool.HikariPool-HikariPool-1 - Thread starvation or clock leap detected (housekeeper delta=1h28s313ms).
2026-03-11 16:38:09.465 [HikariPool-1:housekeeper] WARN  com.zaxxer.hikari.pool.PoolBase-HikariPool-1 - Failed to validate connection com.mysql.cj.jdbc.ConnectionImpl@501a434b (No operations allowed after connection closed.). Possibly consider using a shorter maxLifetime value.
2026-03-11 16:55:39.709 [HikariPool-1:housekeeper] WARN  com.zaxxer.hikari.pool.HikariPool-HikariPool-1 - Thread starvation or clock leap detected (housekeeper delta=49m50s890ms).
2026-03-11 17:06:05.722 [HikariPool-1:housekeeper] WARN  com.zaxxer.hikari.pool.HikariPool-HikariPool-1 - Thread starvation or clock leap detected (housekeeper delta=10m26s13ms).
2026-03-11 17:22:38.599 [HikariPool-1:housekeeper] WARN  com.zaxxer.hikari.pool.HikariPool-HikariPool-1 - Thread starvation or clock leap detected (housekeeper delta=16m32s877ms).
2026-03-11 17:35:57.894 [HikariPool-1:housekeeper] WARN  com.zaxxer.hikari.pool.HikariPool-HikariPool-1 - Thread starvation or clock leap detected (housekeeper delta=13m19s295ms).
2026-03-11 17:41:04.040 [HikariPool-1:housekeeper] WARN  com.zaxxer.hikari.pool.HikariPool-HikariPool-1 - Thread starvation or clock leap detected (housekeeper delta=4m6s134ms).
2026-03-11 17:57:11.242 [HikariPool-1:housekeeper] WARN  com.zaxxer.hikari.pool.HikariPool-HikariPool-1 - Thread starvation or clock leap detected (housekeeper delta=15m37s183ms).
2026-03-11 17:57:20.003 [HikariPool-1:housekeeper] WARN  com.zaxxer.hikari.pool.PoolBase-HikariPool-1 - Failed to validate connection com.mysql.cj.jdbc.ConnectionImpl@547952e1 (No operations allowed after connection closed.). Possibly consider using a shorter maxLifetime value.
2026-03-11 17:57:36.886 [HikariPool-1:housekeeper] WARN  com.zaxxer.hikari.pool.PoolBase-HikariPool-1 - Failed to validate connection com.mysql.cj.jdbc.ConnectionImpl@3aff68ee (No operations allowed after connection closed.). Possibly consider using a shorter maxLifetime value.
2026-03-11 18:20:00.577 [SpringApplicationShutdownHook] INFO  org.springframework.boot.tomcat.GracefulShutdown-Commencing graceful shutdown. Waiting for active requests to complete
2026-03-11 18:20:02.586 [tomcat-shutdown] INFO  org.springframework.boot.tomcat.GracefulShutdown-Graceful shutdown complete
2026-03-11 18:20:02.589 [SpringApplicationShutdownHook] INFO  com.zaxxer.hikari.HikariDataSource-HikariPool-1 - Shutdown initiated...
2026-03-11 18:20:02.591 [SpringApplicationShutdownHook] INFO  com.zaxxer.hikari.HikariDataSource-HikariPool-1 - Shutdown completed.
2026-03-11 22:56:09.430 [main] TRACE o.s.core.io.support.SpringFactoriesLoader-Loaded [org.springframework.boot.WebApplicationType$Deducer] names: [org.springframework.boot.webmvc.WebMvcWebApplicationTypeDeducer]
2026-03-11 22:56:09.435 [main] TRACE o.s.core.io.support.SpringFactoriesLoader-Loaded [org.springframework.boot.bootstrap.BootstrapRegistryInitializer] names: []
2026-03-11 22:56:09.435 [main] TRACE o.s.core.io.support.SpringFactoriesLoader-Loaded [org.springframework.context.ApplicationContextInitializer] names: [org.springframework.boot.autoconfigure.SharedMetadataReaderFactoryContextInitializer, org.springframework.boot.autoconfigure.logging.ConditionEvaluationReportLoggingListener, org.springframework.boot.context.ConfigurationWarningsApplicationContextInitializer, org.springframework.boot.context.ContextIdApplicationContextInitializer, org.springframework.boot.io.ProtocolResolverApplicationContextInitializer, org.springframework.boot.web.server.context.ServerPortInfoApplicationContextInitializer]
2026-03-11 22:56:09.441 [main] TRACE o.s.core.io.support.SpringFactoriesLoader-Loaded [org.springframework.context.ApplicationListener] names: [org.springframework.boot.autoconfigure.preinitialize.BackgroundPreinitializingApplicationListener, org.springframework.boot.ClearCachesApplicationListener, org.springframework.boot.builder.ParentContextCloserApplicationListener, org.springframework.boot.context.FileEncodingApplicationListener, org.springframework.boot.context.logging.LoggingApplicationListener, org.springframework.boot.support.AnsiOutputApplicationListener, org.springframework.boot.support.EnvironmentPostProcessorApplicationListener]
2026-03-11 22:56:09.449 [main] TRACE o.s.core.io.support.SpringFactoriesLoader-Loaded [org.springframework.boot.SpringApplicationRunListener] names: [org.springframework.boot.context.event.EventPublishingRunListener]
2026-03-11 22:56:09.453 [main] TRACE o.s.core.io.support.SpringFactoriesLoader-Loaded [org.springframework.boot.logging.LoggingSystemFactory] names: [org.springframework.boot.logging.java.JavaLoggingSystem$Factory, org.springframework.boot.logging.log4j2.Log4J2LoggingSystem$Factory, org.springframework.boot.logging.logback.LogbackLoggingSystem$Factory]
2026-03-11 22:56:09.583 [main] INFO  com.itheima.TalisWebManagementApplication-Starting TalisWebManagementApplication using Java 17.0.16 with PID 79381 (/Users/zouxianxian/IdeaProjects/web-ai-project02/talis-web-management/target/classes started by zouxianxian in /Users/zouxianxian/IdeaProjects/web-ai-project02)
2026-03-11 22:56:09.583 [main] DEBUG com.itheima.TalisWebManagementApplication-Running with Spring Boot v4.0.3, Spring v7.0.5
2026-03-11 22:56:09.583 [main] INFO  com.itheima.TalisWebManagementApplication-No active profile set, falling back to 1 default profile: "default"
2026-03-11 22:56:09.760 [main] DEBUG o.m.s.boot.autoconfigure.MybatisAutoConfiguration-Searching for mappers annotated with @Mapper
2026-03-11 22:56:09.760 [main] DEBUG o.m.s.boot.autoconfigure.MybatisAutoConfiguration-Using auto-configuration base package 'com.itheima'
2026-03-11 22:56:09.793 [main] DEBUG org.mybatis.spring.mapper.ClassPathMapperScanner-Identified candidate component class: file [/Users/zouxianxian/IdeaProjects/web-ai-project02/talis-web-management/target/classes/com/itheima/mapper/DeptMapper.class]
2026-03-11 22:56:09.793 [main] DEBUG org.mybatis.spring.mapper.ClassPathMapperScanner-Identified candidate component class: file [/Users/zouxianxian/IdeaProjects/web-ai-project02/talis-web-management/target/classes/com/itheima/mapper/EmpExprMapper.class]
2026-03-11 22:56:09.793 [main] DEBUG org.mybatis.spring.mapper.ClassPathMapperScanner-Identified candidate component class: file [/Users/zouxianxian/IdeaProjects/web-ai-project02/talis-web-management/target/classes/com/itheima/mapper/EmpMapper.class]
2026-03-11 22:56:09.793 [main] DEBUG org.mybatis.spring.mapper.ClassPathMapperScanner-Creating MapperFactoryBean with name 'deptMapper' and 'com.itheima.mapper.DeptMapper' mapperInterface
2026-03-11 22:56:09.794 [main] DEBUG org.mybatis.spring.mapper.ClassPathMapperScanner-Creating MapperFactoryBean with name 'empExprMapper' and 'com.itheima.mapper.EmpExprMapper' mapperInterface
2026-03-11 22:56:09.794 [main] DEBUG org.mybatis.spring.mapper.ClassPathMapperScanner-Creating MapperFactoryBean with name 'empMapper' and 'com.itheima.mapper.EmpMapper' mapperInterface
2026-03-11 22:56:09.897 [main] INFO  org.springframework.boot.tomcat.TomcatWebServer-Tomcat initialized with port 8080 (http)
2026-03-11 22:56:09.901 [main] INFO  org.apache.coyote.http11.Http11NioProtocol-Initializing ProtocolHandler ["http-nio-8080"]
2026-03-11 22:56:09.902 [main] INFO  org.apache.catalina.core.StandardService-Starting service [Tomcat]
2026-03-11 22:56:09.902 [main] INFO  org.apache.catalina.core.StandardEngine-Starting Servlet engine: [Apache Tomcat/11.0.18]
2026-03-11 22:56:09.915 [main] INFO  o.s.b.w.c.servlet.WebApplicationContextInitializer-Root WebApplicationContext: initialization completed in 317 ms
2026-03-11 22:56:09.972 [main] DEBUG org.mybatis.spring.SqlSessionFactoryBean-Property 'mapperLocations' was not specified.
2026-03-11 22:56:10.092 [main] DEBUG o.m.s.boot.autoconfigure.MybatisAutoConfiguration-Not found configuration for registering mapper bean using @MapperScan, MapperFactoryBean and MapperScannerConfigurer.
2026-03-11 22:56:10.124 [main] INFO  org.apache.coyote.http11.Http11NioProtocol-Starting ProtocolHandler ["http-nio-8080"]
2026-03-11 22:56:10.133 [main] INFO  org.springframework.boot.tomcat.TomcatWebServer-Tomcat started on port 8080 (http) with context path '/'
2026-03-11 22:56:10.135 [main] INFO  com.itheima.TalisWebManagementApplication-Started TalisWebManagementApplication in 0.686 seconds (process running for 0.997)
