2026-03-10 11:58:26.692 [main] DEBUG com.itheima.LogTest-开始计算...
2026-03-10 11:58:26.693 [main] INFO  com.itheima.LogTest-计算结果为: 101
2026-03-10 11:58:26.693 [main] DEBUG com.itheima.LogTest-结束计算...
2026-03-10 11:58:26.693 [main] WARN  com.itheima.LogTest-
2026-03-10 11:58:26.693 [main] ERROR com.itheima.LogTest-error
2026-03-10 21:24:53.575 [main] TRACE org.springframework.test.context.BootstrapUtils-Instantiating CacheAwareContextLoaderDelegate from class [org.springframework.test.context.cache.DefaultCacheAwareContextLoaderDelegate]
2026-03-10 21:24:53.584 [main] TRACE o.s.core.io.support.SpringFactoriesLoader-Loaded [org.springframework.test.context.ApplicationContextFailureProcessor] names: []
2026-03-10 21:24:53.585 [main] TRACE o.s.t.context.util.TestContextSpringFactoriesUtils-Loaded ApplicationContextFailureProcessor implementations from location [META-INF/spring.factories]: []
2026-03-10 21:24:53.586 [main] TRACE org.springframework.test.context.BootstrapUtils-Instantiating BootstrapContext using constructor [public org.springframework.test.context.support.DefaultBootstrapContext(java.lang.Class,org.springframework.test.context.CacheAwareContextLoaderDelegate)]
2026-03-10 21:24:53.593 [main] TRACE org.springframework.test.context.BootstrapUtils-Instantiating TestContextBootstrapper for test class [com.itheima.TalisWebManagementApplicationTests] from class [org.springframework.boot.test.context.SpringBootTestContextBootstrapper]
2026-03-10 21:24:53.595 [main] TRACE o.s.b.t.context.SpringBootTestContextBootstrapper-Resolving ContextLoader for context configuration attributes [ContextConfigurationAttributes@1deb2c43 declaringClass = com.itheima.TalisWebManagementApplicationTests, classes = [], locations = [], inheritLocations = true, initializers = [], inheritInitializers = true, name = null, contextLoaderClass = org.springframework.test.context.ContextLoader]
2026-03-10 21:24:53.596 [main] TRACE o.s.b.t.context.SpringBootTestContextBootstrapper-Using ContextLoader class [org.springframework.boot.test.context.SpringBootContextLoader] for test class [com.itheima.TalisWebManagementApplicationTests]
2026-03-10 21:24:53.598 [main] TRACE o.s.b.t.context.SpringBootTestContextBootstrapper-Neither @ContextConfiguration nor @ContextHierarchy found for test class [com.itheima.TalisWebManagementApplicationTests]: using org.springframework.boot.test.context.SpringBootContextLoader
2026-03-10 21:24:53.598 [main] TRACE o.s.b.t.context.SpringBootTestContextBootstrapper-Processing locations and classes for context configuration attributes [ContextConfigurationAttributes@1deb2c43 declaringClass = com.itheima.TalisWebManagementApplicationTests, classes = [], locations = [], inheritLocations = true, initializers = [], inheritInitializers = true, name = null, contextLoaderClass = org.springframework.test.context.ContextLoader]
2026-03-10 21:24:53.598 [main] TRACE o.s.test.context.support.AbstractContextLoader-Did not detect default resource location for test class [com.itheima.TalisWebManagementApplicationTests]: class path resource [com/itheima/TalisWebManagementApplicationTests-context.xml] does not exist
2026-03-10 21:24:53.599 [main] TRACE o.s.test.context.support.AbstractContextLoader-Did not detect default resource location for test class [com.itheima.TalisWebManagementApplicationTests]: class path resource [com/itheima/TalisWebManagementApplicationTestsContext.groovy] does not exist
2026-03-10 21:24:53.599 [main] DEBUG o.s.test.context.support.AbstractContextLoader-Could not detect default resource locations for test class [com.itheima.TalisWebManagementApplicationTests]: no resource found for suffixes {-context.xml, Context.groovy}.
2026-03-10 21:24:53.599 [main] INFO  o.s.t.c.support.AnnotationConfigContextLoaderUtils-Could not detect default configuration classes for test class [com.itheima.TalisWebManagementApplicationTests]: TalisWebManagementApplicationTests does not declare any static, non-private, non-final, nested classes annotated with @Configuration.
2026-03-10 21:24:53.599 [main] TRACE o.s.b.t.context.SpringBootTestContextBootstrapper-@ContextCustomizerFactories is not present for class [com.itheima.TalisWebManagementApplicationTests]
2026-03-10 21:24:53.599 [main] TRACE o.s.core.io.support.SpringFactoriesLoader-Loaded [org.springframework.test.context.ContextCustomizerFactory] names: [org.springframework.boot.test.context.ImportsContextCustomizerFactory, org.springframework.boot.test.context.PropertyMappingContextCustomizerFactory, org.springframework.boot.test.context.filter.ExcludeFilterContextCustomizerFactory, org.springframework.boot.test.context.filter.annotation.TypeExcludeFiltersContextCustomizerFactory, org.springframework.boot.test.http.client.DisableReactorResourceFactoryGlobalResourcesContextCustomizerFactory, org.springframework.boot.test.json.DuplicateJsonObjectContextCustomizerFactory, org.springframework.boot.test.autoconfigure.OnFailureConditionReportContextCustomizerFactory, org.springframework.boot.test.autoconfigure.OverrideAutoConfigurationContextCustomizerFactory, org.springframework.test.context.bean.override.BeanOverrideContextCustomizerFactory, org.springframework.test.context.web.socket.MockServerContainerContextCustomizerFactory, org.springframework.test.context.support.DynamicPropertiesContextCustomizerFactory, org.springframework.boot.webmvc.test.autoconfigure.WebDriverContextCustomizerFactory, org.springframework.boot.web.server.context.SpringBootTestRandomPortContextCustomizerFactory]
2026-03-10 21:24:53.603 [main] TRACE o.s.t.context.util.TestContextSpringFactoriesUtils-Loaded ContextCustomizerFactory implementations from location [META-INF/spring.factories]: [org.springframework.boot.test.context.ImportsContextCustomizerFactory, org.springframework.boot.test.context.PropertyMappingContextCustomizerFactory, org.springframework.boot.test.context.filter.ExcludeFilterContextCustomizerFactory, org.springframework.boot.test.context.filter.annotation.TypeExcludeFiltersContextCustomizerFactory, org.springframework.boot.test.http.client.DisableReactorResourceFactoryGlobalResourcesContextCustomizerFactory, org.springframework.boot.test.json.DuplicateJsonObjectContextCustomizerFactory, org.springframework.boot.test.autoconfigure.OnFailureConditionReportContextCustomizerFactory, org.springframework.boot.test.autoconfigure.OverrideAutoConfigurationContextCustomizerFactory, org.springframework.test.context.bean.override.BeanOverrideContextCustomizerFactory, org.springframework.test.context.web.socket.MockServerContainerContextCustomizerFactory, org.springframework.test.context.support.DynamicPropertiesContextCustomizerFactory, org.springframework.boot.webmvc.test.autoconfigure.WebDriverContextCustomizerFactory, org.springframework.boot.web.server.context.SpringBootTestRandomPortContextCustomizerFactory]
2026-03-10 21:24:53.603 [main] TRACE o.s.b.t.context.SpringBootTestContextBootstrapper-Using ContextCustomizerFactory implementations for test class [com.itheima.TalisWebManagementApplicationTests]: [org.springframework.boot.test.context.ImportsContextCustomizerFactory@35e52059, org.springframework.boot.test.context.PropertyMappingContextCustomizerFactory@62577d6, org.springframework.boot.test.context.filter.ExcludeFilterContextCustomizerFactory@49bd54f7, org.springframework.boot.test.context.filter.annotation.TypeExcludeFiltersContextCustomizerFactory@6b5f8707, org.springframework.boot.test.http.client.DisableReactorResourceFactoryGlobalResourcesContextCustomizerFactory@772485dd, org.springframework.boot.test.json.DuplicateJsonObjectContextCustomizerFactory@5a12c728, org.springframework.boot.test.autoconfigure.OnFailureConditionReportContextCustomizerFactory@79ab3a71, org.springframework.boot.test.autoconfigure.OverrideAutoConfigurationContextCustomizerFactory@6e5bfdfc, org.springframework.test.context.bean.override.BeanOverrideContextCustomizerFactory@3d829787, org.springframework.test.context.web.socket.MockServerContainerContextCustomizerFactory@71652c98, org.springframework.test.context.support.DynamicPropertiesContextCustomizerFactory@51bde877, org.springframework.boot.webmvc.test.autoconfigure.WebDriverContextCustomizerFactory@60b85ba1, org.springframework.boot.web.server.context.SpringBootTestRandomPortContextCustomizerFactory@492fc69e]
2026-03-10 21:24:53.608 [main] TRACE o.s.b.t.context.SpringBootTestContextBootstrapper-Using ContextCustomizers for test class [com.itheima.TalisWebManagementApplicationTests]: [org.springframework.boot.test.context.PropertyMappingContextCustomizer@0, org.springframework.boot.test.context.filter.ExcludeFilterContextCustomizer@31198ceb, org.springframework.boot.test.json.DuplicateJsonObjectContextCustomizerFactory$DuplicateJsonObjectContextCustomizer@315ba14a, org.springframework.boot.test.autoconfigure.OnFailureConditionReportContextCustomizerFactory$OnFailureConditionReportContextCustomizer@54e81b21, org.springframework.test.context.support.DynamicPropertiesContextCustomizer@0, org.springframework.boot.webmvc.test.autoconfigure.WebDriverContextCustomizer@30865a90, org.springframework.boot.web.server.context.SpringBootTestRandomPortContextCustomizer@71b1a49c]
2026-03-10 21:24:53.609 [main] TRACE o.s.t.c.support.ApplicationContextInitializerUtils-Processing context initializers for configuration attributes [ContextConfigurationAttributes@1deb2c43 declaringClass = com.itheima.TalisWebManagementApplicationTests, classes = [], locations = [], inheritLocations = true, initializers = [], inheritInitializers = true, name = null, contextLoaderClass = org.springframework.test.context.ContextLoader]
2026-03-10 21:24:53.609 [main] TRACE o.s.test.context.support.ActiveProfilesUtils-Could not find an 'annotation declaring class' for annotation type [org.springframework.test.context.ActiveProfiles] and class [com.itheima.TalisWebManagementApplicationTests]
2026-03-10 21:24:53.616 [main] TRACE o.s.c.i.s.PathMatchingResourcePatternResolver-Resolved module-path location pattern [com/itheima/*.class] to resources []
2026-03-10 21:24:53.617 [main] TRACE o.s.c.i.s.PathMatchingResourcePatternResolver-Resolved module-path location pattern [com/itheima/] to resources []
2026-03-10 21:24:53.617 [main] TRACE o.s.c.i.s.PathMatchingResourcePatternResolver-Resolved class path location [com/itheima/] to resources [file [/Users/zouxianxian/IdeaProjects/web-ai-project02/talis-web-management/target/test-classes/com/itheima], file [/Users/zouxianxian/IdeaProjects/web-ai-project02/talis-web-management/target/classes/com/itheima]]
2026-03-10 21:24:53.618 [main] TRACE o.s.c.i.s.PathMatchingResourcePatternResolver-Searching directory [/Users/zouxianxian/IdeaProjects/web-ai-project02/talis-web-management/target/test-classes/com/itheima] for files matching pattern [*.class]
2026-03-10 21:24:53.621 [main] TRACE o.s.c.i.s.PathMatchingResourcePatternResolver-Searching directory [/Users/zouxianxian/IdeaProjects/web-ai-project02/talis-web-management/target/classes/com/itheima] for files matching pattern [*.class]
2026-03-10 21:24:53.622 [main] TRACE o.s.c.i.s.PathMatchingResourcePatternResolver-Resolved location pattern [classpath*:com/itheima/*.class] to resources [file [/Users/zouxianxian/IdeaProjects/web-ai-project02/talis-web-management/target/test-classes/com/itheima/LogTest.class], file [/Users/zouxianxian/IdeaProjects/web-ai-project02/talis-web-management/target/test-classes/com/itheima/TalisWebManagementApplicationTests.class], file [/Users/zouxianxian/IdeaProjects/web-ai-project02/talis-web-management/target/classes/com/itheima/TalisWebManagementApplication.class]]
2026-03-10 21:24:53.622 [main] TRACE o.s.c.a.ClassPathScanningCandidateComponentProvider-Scanning file [/Users/zouxianxian/IdeaProjects/web-ai-project02/talis-web-management/target/test-classes/com/itheima/LogTest.class]
2026-03-10 21:24:53.632 [main] TRACE o.s.c.a.ClassPathScanningCandidateComponentProvider-Ignored because not matching any filter: file [/Users/zouxianxian/IdeaProjects/web-ai-project02/talis-web-management/target/test-classes/com/itheima/LogTest.class]
2026-03-10 21:24:53.632 [main] TRACE o.s.c.a.ClassPathScanningCandidateComponentProvider-Scanning file [/Users/zouxianxian/IdeaProjects/web-ai-project02/talis-web-management/target/test-classes/com/itheima/TalisWebManagementApplicationTests.class]
2026-03-10 21:24:53.632 [main] TRACE o.s.c.a.ClassPathScanningCandidateComponentProvider-Ignored because not matching any filter: file [/Users/zouxianxian/IdeaProjects/web-ai-project02/talis-web-management/target/test-classes/com/itheima/TalisWebManagementApplicationTests.class]
2026-03-10 21:24:53.632 [main] TRACE o.s.c.a.ClassPathScanningCandidateComponentProvider-Scanning file [/Users/zouxianxian/IdeaProjects/web-ai-project02/talis-web-management/target/classes/com/itheima/TalisWebManagementApplication.class]
2026-03-10 21:24:53.639 [main] DEBUG o.s.c.a.ClassPathScanningCandidateComponentProvider-Identified candidate component class: file [/Users/zouxianxian/IdeaProjects/web-ai-project02/talis-web-management/target/classes/com/itheima/TalisWebManagementApplication.class]
2026-03-10 21:24:53.639 [main] INFO  o.s.b.t.context.SpringBootTestContextBootstrapper-Found @SpringBootConfiguration com.itheima.TalisWebManagementApplication for test class com.itheima.TalisWebManagementApplicationTests
2026-03-10 21:24:53.667 [main] TRACE o.s.core.io.support.SpringFactoriesLoader-Loaded [org.springframework.boot.WebApplicationType$Deducer] names: [org.springframework.boot.webmvc.WebMvcWebApplicationTypeDeducer]
2026-03-10 21:24:53.670 [main] TRACE o.s.core.io.support.SpringFactoriesLoader-Loaded [org.springframework.boot.WebApplicationType$Deducer] names: [org.springframework.boot.webmvc.WebMvcWebApplicationTypeDeducer]
2026-03-10 21:24:53.670 [main] TRACE o.s.b.t.context.SpringBootTestContextBootstrapper-@TestExecutionListeners is not present for class [com.itheima.TalisWebManagementApplicationTests]: using defaults.
2026-03-10 21:24:53.670 [main] TRACE o.s.core.io.support.SpringFactoriesLoader-Loaded [org.springframework.test.context.TestExecutionListener] names: [org.springframework.test.context.web.ServletTestExecutionListener, org.springframework.test.context.support.DirtiesContextBeforeModesTestExecutionListener, org.springframework.test.context.event.ApplicationEventsTestExecutionListener, org.springframework.test.context.bean.override.BeanOverrideTestExecutionListener, org.springframework.test.context.support.DependencyInjectionTestExecutionListener, org.springframework.test.context.observation.MicrometerObservationRegistryTestExecutionListener, org.springframework.test.context.support.DirtiesContextTestExecutionListener, org.springframework.test.context.support.CommonCachesTestExecutionListener, org.springframework.test.context.transaction.TransactionalTestExecutionListener, org.springframework.test.context.jdbc.SqlScriptsTestExecutionListener, org.springframework.test.context.event.EventPublishingTestExecutionListener, org.springframework.test.context.bean.override.mockito.MockitoResetTestExecutionListener, org.springframework.boot.webmvc.test.autoconfigure.MockMvcPrintOnlyOnFailureTestExecutionListener, org.springframework.boot.webmvc.test.autoconfigure.WebDriverTestExecutionListener]
2026-03-10 21:24:53.672 [main] DEBUG o.s.t.context.util.TestContextSpringFactoriesUtils-Skipping candidate TestExecutionListener [org.springframework.test.context.observation.MicrometerObservationRegistryTestExecutionListener] due to a missing dependency. Specify custom TestExecutionListener classes or make the default TestExecutionListener classes and their required dependencies available. Offending class: io.micrometer.context.ThreadLocalAccessor. MicrometerObservationRegistryTestExecutionListener requires io.micrometer:micrometer-observation:1.10.8 or higher and io.micrometer:context-propagation:1.0.3 or higher.
2026-03-10 21:24:53.676 [main] TRACE o.s.t.context.util.TestContextSpringFactoriesUtils-Loaded TestExecutionListener implementations from location [META-INF/spring.factories]: [org.springframework.test.context.web.ServletTestExecutionListener, org.springframework.test.context.support.DirtiesContextBeforeModesTestExecutionListener, org.springframework.test.context.event.ApplicationEventsTestExecutionListener, org.springframework.test.context.bean.override.BeanOverrideTestExecutionListener, org.springframework.test.context.support.DependencyInjectionTestExecutionListener, org.springframework.test.context.support.DirtiesContextTestExecutionListener, org.springframework.test.context.support.CommonCachesTestExecutionListener, org.springframework.test.context.transaction.TransactionalTestExecutionListener, org.springframework.test.context.jdbc.SqlScriptsTestExecutionListener, org.springframework.test.context.event.EventPublishingTestExecutionListener, org.springframework.test.context.bean.override.mockito.MockitoResetTestExecutionListener, org.springframework.boot.webmvc.test.autoconfigure.MockMvcPrintOnlyOnFailureTestExecutionListener, org.springframework.boot.webmvc.test.autoconfigure.WebDriverTestExecutionListener]
2026-03-10 21:24:53.676 [main] TRACE o.s.b.t.context.SpringBootTestContextBootstrapper-Using TestExecutionListeners for test class [com.itheima.TalisWebManagementApplicationTests]: [org.springframework.test.context.web.ServletTestExecutionListener@3c017078, org.springframework.test.context.support.DirtiesContextBeforeModesTestExecutionListener@51827393, org.springframework.test.context.event.ApplicationEventsTestExecutionListener@3be4f71, org.springframework.test.context.bean.override.BeanOverrideTestExecutionListener@5c645b43, org.springframework.test.context.support.DependencyInjectionTestExecutionListener@6bd16207, org.springframework.test.context.support.DirtiesContextTestExecutionListener@298d9a05, org.springframework.test.context.support.CommonCachesTestExecutionListener@58399d82, org.springframework.test.context.transaction.TransactionalTestExecutionListener@26f96b85, org.springframework.test.context.jdbc.SqlScriptsTestExecutionListener@46d8f407, org.springframework.test.context.event.EventPublishingTestExecutionListener@3c0036b, org.springframework.test.context.bean.override.mockito.MockitoResetTestExecutionListener@17814b1c, org.springframework.boot.webmvc.test.autoconfigure.MockMvcPrintOnlyOnFailureTestExecutionListener@7ac9af2a, org.springframework.boot.webmvc.test.autoconfigure.WebDriverTestExecutionListener@7bb004b8]
2026-03-10 21:24:53.677 [main] TRACE o.springframework.test.context.TestContextManager-Registering TestExecutionListener: org.springframework.test.context.web.ServletTestExecutionListener
2026-03-10 21:24:53.677 [main] TRACE o.springframework.test.context.TestContextManager-Registering TestExecutionListener: org.springframework.test.context.support.DirtiesContextBeforeModesTestExecutionListener
2026-03-10 21:24:53.677 [main] TRACE o.springframework.test.context.TestContextManager-Registering TestExecutionListener: org.springframework.test.context.event.ApplicationEventsTestExecutionListener
2026-03-10 21:24:53.677 [main] TRACE o.springframework.test.context.TestContextManager-Registering TestExecutionListener: org.springframework.test.context.bean.override.BeanOverrideTestExecutionListener
2026-03-10 21:24:53.677 [main] TRACE o.springframework.test.context.TestContextManager-Registering TestExecutionListener: org.springframework.test.context.support.DependencyInjectionTestExecutionListener
2026-03-10 21:24:53.677 [main] TRACE o.springframework.test.context.TestContextManager-Registering TestExecutionListener: org.springframework.test.context.support.DirtiesContextTestExecutionListener
2026-03-10 21:24:53.677 [main] TRACE o.springframework.test.context.TestContextManager-Registering TestExecutionListener: org.springframework.test.context.support.CommonCachesTestExecutionListener
2026-03-10 21:24:53.677 [main] TRACE o.springframework.test.context.TestContextManager-Registering TestExecutionListener: org.springframework.test.context.transaction.TransactionalTestExecutionListener
2026-03-10 21:24:53.677 [main] TRACE o.springframework.test.context.TestContextManager-Registering TestExecutionListener: org.springframework.test.context.jdbc.SqlScriptsTestExecutionListener
2026-03-10 21:24:53.677 [main] TRACE o.springframework.test.context.TestContextManager-Registering TestExecutionListener: org.springframework.test.context.event.EventPublishingTestExecutionListener
2026-03-10 21:24:53.677 [main] TRACE o.springframework.test.context.TestContextManager-Registering TestExecutionListener: org.springframework.test.context.bean.override.mockito.MockitoResetTestExecutionListener
2026-03-10 21:24:53.677 [main] TRACE o.springframework.test.context.TestContextManager-Registering TestExecutionListener: org.springframework.boot.webmvc.test.autoconfigure.MockMvcPrintOnlyOnFailureTestExecutionListener
2026-03-10 21:24:53.677 [main] TRACE o.springframework.test.context.TestContextManager-Registering TestExecutionListener: org.springframework.boot.webmvc.test.autoconfigure.WebDriverTestExecutionListener
2026-03-10 21:24:53.677 [main] TRACE o.springframework.test.context.TestContextManager-beforeTestClass(): class [com.itheima.TalisWebManagementApplicationTests]
2026-03-10 21:24:53.678 [main] TRACE o.s.t.c.s.DirtiesContextBeforeModesTestExecutionListener-Before test class: context [DefaultTestContext@63ec445c testClass = com.itheima.TalisWebManagementApplicationTests, testInstance = null, testMethod = null, testException = null, mergedContextConfiguration = [WebMergedContextConfiguration@3104351d testClass = com.itheima.TalisWebManagementApplicationTests, locations = [], classes = [com.itheima.TalisWebManagementApplication], contextInitializerClasses = [], activeProfiles = [], propertySourceDescriptors = [], propertySourceProperties = ["org.springframework.boot.test.context.SpringBootTestContextBootstrapper=true"], contextCustomizers = [org.springframework.boot.test.context.PropertyMappingContextCustomizer@0, org.springframework.boot.test.context.filter.ExcludeFilterContextCustomizer@31198ceb, org.springframework.boot.test.json.DuplicateJsonObjectContextCustomizerFactory$DuplicateJsonObjectContextCustomizer@315ba14a, org.springframework.boot.test.autoconfigure.OnFailureConditionReportContextCustomizerFactory$OnFailureConditionReportContextCustomizer@54e81b21, org.springframework.test.context.support.DynamicPropertiesContextCustomizer@0, org.springframework.boot.webmvc.test.autoconfigure.WebDriverContextCustomizer@30865a90, org.springframework.boot.web.server.context.SpringBootTestRandomPortContextCustomizer@71b1a49c, org.springframework.boot.test.context.SpringBootTestAnnotation@cfa0b551], resourceBasePath = "src/main/webapp", contextLoader = org.springframework.boot.test.context.SpringBootContextLoader, parent = null], attributes = {"org.springframework.test.context.web.ServletTestExecutionListener.activateListener" -> true}], class annotated with @DirtiesContext [false] with mode [null]
2026-03-10 21:24:53.683 [main] TRACE o.springframework.test.context.TestContextManager-prepareTestInstance(): instance [com.itheima.TalisWebManagementApplicationTests@6e91893]
2026-03-10 21:24:53.687 [main] TRACE o.s.core.io.support.SpringFactoriesLoader-Loaded [org.springframework.boot.WebApplicationType$Deducer] names: [org.springframework.boot.webmvc.WebMvcWebApplicationTypeDeducer]
2026-03-10 21:24:53.687 [main] TRACE o.s.core.io.support.SpringFactoriesLoader-Loaded [org.springframework.boot.bootstrap.BootstrapRegistryInitializer] names: []
2026-03-10 21:24:53.687 [main] TRACE o.s.core.io.support.SpringFactoriesLoader-Loaded [org.springframework.context.ApplicationContextInitializer] names: [org.springframework.boot.autoconfigure.SharedMetadataReaderFactoryContextInitializer, org.springframework.boot.autoconfigure.logging.ConditionEvaluationReportLoggingListener, org.springframework.boot.context.ConfigurationWarningsApplicationContextInitializer, org.springframework.boot.context.ContextIdApplicationContextInitializer, org.springframework.boot.io.ProtocolResolverApplicationContextInitializer, org.springframework.boot.test.context.filter.ExcludeFilterApplicationContextInitializer, org.springframework.boot.web.server.context.ServerPortInfoApplicationContextInitializer]
2026-03-10 21:24:53.689 [main] TRACE o.s.core.io.support.SpringFactoriesLoader-Loaded [org.springframework.context.ApplicationListener] names: [org.springframework.boot.autoconfigure.preinitialize.BackgroundPreinitializingApplicationListener, org.springframework.boot.ClearCachesApplicationListener, org.springframework.boot.builder.ParentContextCloserApplicationListener, org.springframework.boot.context.FileEncodingApplicationListener, org.springframework.boot.context.logging.LoggingApplicationListener, org.springframework.boot.support.AnsiOutputApplicationListener, org.springframework.boot.support.EnvironmentPostProcessorApplicationListener]
2026-03-10 21:24:53.695 [main] TRACE o.s.core.io.support.SpringFactoriesLoader-Loaded [org.springframework.boot.SpringApplicationRunListener] names: [org.springframework.boot.context.event.EventPublishingRunListener]
2026-03-10 21:24:53.699 [main] TRACE o.s.core.io.support.SpringFactoriesLoader-Loaded [org.springframework.boot.logging.LoggingSystemFactory] names: [org.springframework.boot.logging.java.JavaLoggingSystem$Factory, org.springframework.boot.logging.log4j2.Log4J2LoggingSystem$Factory, org.springframework.boot.logging.logback.LogbackLoggingSystem$Factory]
2026-03-10 21:24:53.797 [main] INFO  com.itheima.TalisWebManagementApplicationTests-Starting TalisWebManagementApplicationTests using Java 17.0.16 with PID 69865 (started by zouxianxian in /Users/zouxianxian/IdeaProjects/web-ai-project02/talis-web-management)
2026-03-10 21:24:53.797 [main] DEBUG com.itheima.TalisWebManagementApplicationTests-Running with Spring Boot v4.0.3, Spring v7.0.5
2026-03-10 21:24:53.797 [main] INFO  com.itheima.TalisWebManagementApplicationTests-No active profile set, falling back to 1 default profile: "default"
2026-03-10 21:24:53.983 [main] DEBUG o.m.s.boot.autoconfigure.MybatisAutoConfiguration-Searching for mappers annotated with @Mapper
2026-03-10 21:24:53.983 [main] DEBUG o.m.s.boot.autoconfigure.MybatisAutoConfiguration-Using auto-configuration base package 'com.itheima'
2026-03-10 21:24:54.024 [main] DEBUG org.mybatis.spring.mapper.ClassPathMapperScanner-Identified candidate component class: file [/Users/zouxianxian/IdeaProjects/web-ai-project02/talis-web-management/target/classes/com/itheima/mapper/DeptMapper.class]
2026-03-10 21:24:54.024 [main] DEBUG org.mybatis.spring.mapper.ClassPathMapperScanner-Identified candidate component class: file [/Users/zouxianxian/IdeaProjects/web-ai-project02/talis-web-management/target/classes/com/itheima/mapper/EmpExprMapper.class]
2026-03-10 21:24:54.024 [main] DEBUG org.mybatis.spring.mapper.ClassPathMapperScanner-Identified candidate component class: file [/Users/zouxianxian/IdeaProjects/web-ai-project02/talis-web-management/target/classes/com/itheima/mapper/EmpMapper.class]
2026-03-10 21:24:54.025 [main] DEBUG org.mybatis.spring.mapper.ClassPathMapperScanner-Creating MapperFactoryBean with name 'deptMapper' and 'com.itheima.mapper.DeptMapper' mapperInterface
2026-03-10 21:24:54.025 [main] DEBUG org.mybatis.spring.mapper.ClassPathMapperScanner-Creating MapperFactoryBean with name 'empExprMapper' and 'com.itheima.mapper.EmpExprMapper' mapperInterface
2026-03-10 21:24:54.025 [main] DEBUG org.mybatis.spring.mapper.ClassPathMapperScanner-Creating MapperFactoryBean with name 'empMapper' and 'com.itheima.mapper.EmpMapper' mapperInterface
2026-03-10 21:24:54.123 [main] DEBUG org.mybatis.spring.SqlSessionFactoryBean-Property 'mapperLocations' was not specified.
2026-03-10 21:24:54.160 [main] ERROR org.mybatis.spring.mapper.MapperFactoryBean-Error while adding the mapper 'interface com.itheima.mapper.EmpMapper' to configuration.
org.apache.ibatis.builder.BuilderException: Error parsing Mapper XML. The XML location is 'com/itheima/mapper/EmpMapper.xml'. Cause: org.apache.ibatis.builder.BuilderException: Parsing error was found in mapping #{}.  Check syntax #{property|(expression), var1=value1, var2=value2, ...} 
	at org.apache.ibatis.builder.xml.XMLMapperBuilder.configurationElement(XMLMapperBuilder.java:125)
	at org.apache.ibatis.builder.xml.XMLMapperBuilder.parse(XMLMapperBuilder.java:98)
	at org.apache.ibatis.builder.annotation.MapperAnnotationBuilder.loadXmlResource(MapperAnnotationBuilder.java:164)
	at org.apache.ibatis.builder.annotation.MapperAnnotationBuilder.parse(MapperAnnotationBuilder.java:117)
	at org.apache.ibatis.binding.MapperRegistry.addMapper(MapperRegistry.java:72)
	at org.apache.ibatis.session.Configuration.addMapper(Configuration.java:943)
	at org.mybatis.spring.mapper.MapperFactoryBean.checkDaoConfig(MapperFactoryBean.java:88)
	at org.springframework.dao.support.DaoSupport.afterPropertiesSet(DaoSupport.java:46)
	at org.springframework.beans.factory.support.AbstractAutowireCapableBeanFactory.invokeInitMethods(AbstractAutowireCapableBeanFactory.java:1864)
	at org.springframework.beans.factory.support.AbstractAutowireCapableBeanFactory.initializeBean(AbstractAutowireCapableBeanFactory.java:1813)
	at org.springframework.beans.factory.support.AbstractAutowireCapableBeanFactory.doCreateBean(AbstractAutowireCapableBeanFactory.java:603)
	at org.springframework.beans.factory.support.AbstractAutowireCapableBeanFactory.createBean(AbstractAutowireCapableBeanFactory.java:525)
	at org.springframework.beans.factory.support.AbstractBeanFactory.lambda$doGetBean$0(AbstractBeanFactory.java:333)
	at org.springframework.beans.factory.support.DefaultSingletonBeanRegistry.getSingleton(DefaultSingletonBeanRegistry.java:371)
	at org.springframework.beans.factory.support.AbstractBeanFactory.doGetBean(AbstractBeanFactory.java:331)
	at org.springframework.beans.factory.support.AbstractBeanFactory.getBean(AbstractBeanFactory.java:201)
	at org.springframework.beans.factory.support.DefaultListableBeanFactory.resolveBean(DefaultListableBeanFactory.java:1225)
	at org.springframework.beans.factory.support.DefaultListableBeanFactory.doResolveDependency(DefaultListableBeanFactory.java:1704)
	at org.springframework.beans.factory.support.DefaultListableBeanFactory.resolveDependency(DefaultListableBeanFactory.java:1651)
	at org.springframework.beans.factory.annotation.AutowiredAnnotationBeanPostProcessor$AutowiredFieldElement.resolveFieldValue(AutowiredAnnotationBeanPostProcessor.java:764)
	at org.springframework.beans.factory.annotation.AutowiredAnnotationBeanPostProcessor$AutowiredFieldElement.inject(AutowiredAnnotationBeanPostProcessor.java:748)
	at org.springframework.beans.factory.annotation.InjectionMetadata.inject(InjectionMetadata.java:146)
	at org.springframework.beans.factory.annotation.AutowiredAnnotationBeanPostProcessor.postProcessProperties(AutowiredAnnotationBeanPostProcessor.java:493)
	at org.springframework.beans.factory.support.AbstractAutowireCapableBeanFactory.populateBean(AbstractAutowireCapableBeanFactory.java:1446)
	at org.springframework.beans.factory.support.AbstractAutowireCapableBeanFactory.doCreateBean(AbstractAutowireCapableBeanFactory.java:602)
	at org.springframework.beans.factory.support.AbstractAutowireCapableBeanFactory.createBean(AbstractAutowireCapableBeanFactory.java:525)
	at org.springframework.beans.factory.support.AbstractBeanFactory.lambda$doGetBean$0(AbstractBeanFactory.java:333)
	at org.springframework.beans.factory.support.DefaultSingletonBeanRegistry.getSingleton(DefaultSingletonBeanRegistry.java:371)
	at org.springframework.beans.factory.support.AbstractBeanFactory.doGetBean(AbstractBeanFactory.java:331)
	at org.springframework.beans.factory.support.AbstractBeanFactory.getBean(AbstractBeanFactory.java:201)
	at org.springframework.beans.factory.config.DependencyDescriptor.resolveCandidate(DependencyDescriptor.java:229)
	at org.springframework.beans.factory.support.DefaultListableBeanFactory.doResolveDependency(DefaultListableBeanFactory.java:1762)
	at org.springframework.beans.factory.support.DefaultListableBeanFactory.resolveDependency(DefaultListableBeanFactory.java:1651)
	at org.springframework.beans.factory.annotation.AutowiredAnnotationBeanPostProcessor$AutowiredFieldElement.resolveFieldValue(AutowiredAnnotationBeanPostProcessor.java:764)
	at org.springframework.beans.factory.annotation.AutowiredAnnotationBeanPostProcessor$AutowiredFieldElement.inject(AutowiredAnnotationBeanPostProcessor.java:748)
	at org.springframework.beans.factory.annotation.InjectionMetadata.inject(InjectionMetadata.java:146)
	at org.springframework.beans.factory.annotation.AutowiredAnnotationBeanPostProcessor.postProcessProperties(AutowiredAnnotationBeanPostProcessor.java:493)
	at org.springframework.beans.factory.support.AbstractAutowireCapableBeanFactory.populateBean(AbstractAutowireCapableBeanFactory.java:1446)
	at org.springframework.beans.factory.support.AbstractAutowireCapableBeanFactory.doCreateBean(AbstractAutowireCapableBeanFactory.java:602)
	at org.springframework.beans.factory.support.AbstractAutowireCapableBeanFactory.createBean(AbstractAutowireCapableBeanFactory.java:525)
	at org.springframework.beans.factory.support.AbstractBeanFactory.lambda$doGetBean$0(AbstractBeanFactory.java:333)
	at org.springframework.beans.factory.support.DefaultSingletonBeanRegistry.getSingleton(DefaultSingletonBeanRegistry.java:371)
	at org.springframework.beans.factory.support.AbstractBeanFactory.doGetBean(AbstractBeanFactory.java:331)
	at org.springframework.beans.factory.support.AbstractBeanFactory.getBean(AbstractBeanFactory.java:196)
	at org.springframework.beans.factory.support.DefaultListableBeanFactory.instantiateSingleton(DefaultListableBeanFactory.java:1218)
	at org.springframework.beans.factory.support.DefaultListableBeanFactory.preInstantiateSingleton(DefaultListableBeanFactory.java:1184)
	at org.springframework.beans.factory.support.DefaultListableBeanFactory.preInstantiateSingletons(DefaultListableBeanFactory.java:1121)
	at org.springframework.context.support.AbstractApplicationContext.finishBeanFactoryInitialization(AbstractApplicationContext.java:994)
	at org.springframework.context.support.AbstractApplicationContext.refresh(AbstractApplicationContext.java:621)
	at org.springframework.boot.SpringApplication.refresh(SpringApplication.java:756)
	at org.springframework.boot.SpringApplication.refreshContext(SpringApplication.java:445)
	at org.springframework.boot.SpringApplication.run(SpringApplication.java:321)
	at org.springframework.boot.test.context.SpringBootContextLoader.lambda$loadContext$2(SpringBootContextLoader.java:156)
	at org.springframework.util.function.ThrowingSupplier.get(ThrowingSupplier.java:58)
	at org.springframework.util.function.ThrowingSupplier.get(ThrowingSupplier.java:46)
	at org.springframework.boot.SpringApplication.withHook(SpringApplication.java:1465)
	at org.springframework.boot.test.context.SpringBootContextLoader$ContextLoaderHook.run(SpringBootContextLoader.java:605)
	at org.springframework.boot.test.context.SpringBootContextLoader.loadContext(SpringBootContextLoader.java:156)
	at org.springframework.boot.test.context.SpringBootContextLoader.loadContext(SpringBootContextLoader.java:115)
	at org.springframework.test.context.cache.DefaultCacheAwareContextLoaderDelegate.loadContextInternal(DefaultCacheAwareContextLoaderDelegate.java:247)
	at org.springframework.test.context.cache.DefaultCacheAwareContextLoaderDelegate.lambda$loadContext$0(DefaultCacheAwareContextLoaderDelegate.java:167)
	at org.springframework.test.context.cache.DefaultContextCache.put(DefaultContextCache.java:214)
	at org.springframework.test.context.cache.DefaultCacheAwareContextLoaderDelegate.loadContext(DefaultCacheAwareContextLoaderDelegate.java:160)
	at org.springframework.test.context.support.DefaultTestContext.getApplicationContext(DefaultTestContext.java:128)
	at org.springframework.test.context.web.ServletTestExecutionListener.setUpRequestContextIfNecessary(ServletTestExecutionListener.java:200)
	at org.springframework.test.context.web.ServletTestExecutionListener.prepareTestInstance(ServletTestExecutionListener.java:139)
	at org.springframework.test.context.TestContextManager.prepareTestInstance(TestContextManager.java:260)
	at org.springframework.test.context.junit.jupiter.SpringExtension.postProcessTestInstance(SpringExtension.java:210)
	at org.junit.jupiter.engine.descriptor.ClassBasedTestDescriptor.lambda$invokeTestInstancePostProcessors$1(ClassBasedTestDescriptor.java:423)
	at org.junit.jupiter.engine.descriptor.ClassBasedTestDescriptor.executeAndMaskThrowable(ClassBasedTestDescriptor.java:428)
	at org.junit.jupiter.engine.descriptor.ClassBasedTestDescriptor.lambda$invokeTestInstancePostProcessors$0(ClassBasedTestDescriptor.java:422)
	at java.base/java.util.stream.ForEachOps$ForEachOp$OfRef.accept(ForEachOps.java:183)
	at java.base/java.util.stream.ReferencePipeline$3$1.accept(ReferencePipeline.java:197)
	at java.base/java.util.stream.ReferencePipeline$2$1.accept(ReferencePipeline.java:179)
	at java.base/java.util.stream.ReferencePipeline$3$1.accept(ReferencePipeline.java:197)
	at java.base/java.util.ArrayList$ArrayListSpliterator.forEachRemaining(ArrayList.java:1625)
	at java.base/java.util.stream.AbstractPipeline.copyInto(AbstractPipeline.java:509)
	at java.base/java.util.stream.AbstractPipeline.wrapAndCopyInto(AbstractPipeline.java:499)
	at java.base/java.util.stream.ForEachOps$ForEachOp.evaluateSequential(ForEachOps.java:150)
	at java.base/java.util.stream.ForEachOps$ForEachOp$OfRef.evaluateSequential(ForEachOps.java:173)
	at java.base/java.util.stream.AbstractPipeline.evaluate(AbstractPipeline.java:234)
	at java.base/java.util.stream.ReferencePipeline.forEach(ReferencePipeline.java:596)
	at org.junit.jupiter.engine.descriptor.ClassBasedTestDescriptor.invokeTestInstancePostProcessors(ClassBasedTestDescriptor.java:422)
	at org.junit.jupiter.engine.descriptor.ClassBasedTestDescriptor.lambda$instantiateAndPostProcessTestInstance$0(ClassBasedTestDescriptor.java:334)
	at org.junit.platform.engine.support.hierarchical.ThrowableCollector.execute(ThrowableCollector.java:74)
	at org.junit.jupiter.engine.descriptor.ClassBasedTestDescriptor.instantiateAndPostProcessTestInstance(ClassBasedTestDescriptor.java:333)
	at org.junit.jupiter.engine.descriptor.ClassBasedTestDescriptor.lambda$testInstancesProvider$1(ClassBasedTestDescriptor.java:322)
	at java.base/java.util.Optional.orElseGet(Optional.java:364)
	at org.junit.jupiter.engine.descriptor.ClassBasedTestDescriptor.lambda$testInstancesProvider$0(ClassBasedTestDescriptor.java:321)
	at org.junit.jupiter.engine.execution.TestInstancesProvider.getTestInstances(TestInstancesProvider.java:27)
	at org.junit.jupiter.engine.descriptor.TestMethodTestDescriptor.lambda$prepare$0(TestMethodTestDescriptor.java:127)
	at org.junit.platform.engine.support.hierarchical.ThrowableCollector.execute(ThrowableCollector.java:74)
	at org.junit.jupiter.engine.descriptor.TestMethodTestDescriptor.prepare(TestMethodTestDescriptor.java:126)
	at org.junit.jupiter.engine.descriptor.TestMethodTestDescriptor.prepare(TestMethodTestDescriptor.java:70)
	at org.junit.platform.engine.support.hierarchical.NodeTestTask.lambda$prepare$0(NodeTestTask.java:144)
	at org.junit.platform.engine.support.hierarchical.ThrowableCollector.execute(ThrowableCollector.java:74)
	at org.junit.platform.engine.support.hierarchical.NodeTestTask.prepare(NodeTestTask.java:144)
	at org.junit.platform.engine.support.hierarchical.NodeTestTask.execute(NodeTestTask.java:110)
	at java.base/java.util.ArrayList.forEach(ArrayList.java:1511)
	at org.junit.platform.engine.support.hierarchical.SameThreadHierarchicalTestExecutorService.invokeAll(SameThreadHierarchicalTestExecutorService.java:42)
	at org.junit.platform.engine.support.hierarchical.NodeTestTask.lambda$executeRecursively$2(NodeTestTask.java:180)
	at org.junit.platform.engine.support.hierarchical.ThrowableCollector.execute(ThrowableCollector.java:74)
	at org.junit.platform.engine.support.hierarchical.NodeTestTask.lambda$executeRecursively$1(NodeTestTask.java:166)
	at org.junit.platform.engine.support.hierarchical.Node.around(Node.java:138)
	at org.junit.platform.engine.support.hierarchical.NodeTestTask.lambda$executeRecursively$0(NodeTestTask.java:164)
	at org.junit.platform.engine.support.hierarchical.ThrowableCollector.execute(ThrowableCollector.java:74)
	at org.junit.platform.engine.support.hierarchical.NodeTestTask.executeRecursively(NodeTestTask.java:163)
	at org.junit.platform.engine.support.hierarchical.NodeTestTask.execute(NodeTestTask.java:116)
	at java.base/java.util.ArrayList.forEach(ArrayList.java:1511)
	at org.junit.platform.engine.support.hierarchical.SameThreadHierarchicalTestExecutorService.invokeAll(SameThreadHierarchicalTestExecutorService.java:42)
	at org.junit.platform.engine.support.hierarchical.NodeTestTask.lambda$executeRecursively$2(NodeTestTask.java:180)
	at org.junit.platform.engine.support.hierarchical.ThrowableCollector.execute(ThrowableCollector.java:74)
	at org.junit.platform.engine.support.hierarchical.NodeTestTask.lambda$executeRecursively$1(NodeTestTask.java:166)
	at org.junit.platform.engine.support.hierarchical.Node.around(Node.java:138)
	at org.junit.platform.engine.support.hierarchical.NodeTestTask.lambda$executeRecursively$0(NodeTestTask.java:164)
	at org.junit.platform.engine.support.hierarchical.ThrowableCollector.execute(ThrowableCollector.java:74)
	at org.junit.platform.engine.support.hierarchical.NodeTestTask.executeRecursively(NodeTestTask.java:163)
	at org.junit.platform.engine.support.hierarchical.NodeTestTask.execute(NodeTestTask.java:116)
	at org.junit.platform.engine.support.hierarchical.SameThreadHierarchicalTestExecutorService.submit(SameThreadHierarchicalTestExecutorService.java:36)
	at org.junit.platform.engine.support.hierarchical.HierarchicalTestExecutor.execute(HierarchicalTestExecutor.java:52)
	at org.junit.platform.engine.support.hierarchical.HierarchicalTestEngine.execute(HierarchicalTestEngine.java:58)
	at org.junit.platform.launcher.core.EngineExecutionOrchestrator.executeEngine(EngineExecutionOrchestrator.java:246)
	at org.junit.platform.launcher.core.EngineExecutionOrchestrator.failOrExecuteEngine(EngineExecutionOrchestrator.java:218)
	at org.junit.platform.launcher.core.EngineExecutionOrchestrator.execute(EngineExecutionOrchestrator.java:179)
	at org.junit.platform.launcher.core.EngineExecutionOrchestrator.execute(EngineExecutionOrchestrator.java:108)
	at org.junit.platform.launcher.core.EngineExecutionOrchestrator.lambda$execute$0(EngineExecutionOrchestrator.java:66)
	at org.junit.platform.launcher.core.EngineExecutionOrchestrator.withInterceptedStreams(EngineExecutionOrchestrator.java:157)
	at org.junit.platform.launcher.core.EngineExecutionOrchestrator.execute(EngineExecutionOrchestrator.java:65)
	at org.junit.platform.launcher.core.DefaultLauncher.execute(DefaultLauncher.java:125)
	at org.junit.platform.launcher.core.DefaultLauncher.execute(DefaultLauncher.java:114)
	at org.junit.platform.launcher.core.DefaultLauncher.execute(DefaultLauncher.java:93)
	at org.junit.platform.launcher.core.DelegatingLauncher.execute(DelegatingLauncher.java:48)
	at org.junit.platform.launcher.core.InterceptingLauncher.lambda$execute$0(InterceptingLauncher.java:41)
	at org.junit.platform.launcher.core.ClasspathAlignmentCheckingLauncherInterceptor.intercept(ClasspathAlignmentCheckingLauncherInterceptor.java:25)
	at org.junit.platform.launcher.core.InterceptingLauncher.execute(InterceptingLauncher.java:40)
	at org.junit.platform.launcher.core.DelegatingLauncher.execute(DelegatingLauncher.java:48)
	at org.junit.platform.launcher.core.SessionPerRequestLauncher.execute(SessionPerRequestLauncher.java:67)
	at com.intellij.junit5.JUnit5IdeaTestRunner.startRunnerWithArgs(JUnit5IdeaTestRunner.java:66)
	at com.intellij.rt.junit.IdeaTestRunner$Repeater$1.execute(IdeaTestRunner.java:38)
	at com.intellij.rt.execution.junit.TestsRepeater.repeat(TestsRepeater.java:11)
	at com.intellij.rt.junit.IdeaTestRunner$Repeater.startRunnerWithArgs(IdeaTestRunner.java:35)
	at com.intellij.rt.junit.JUnitStarter.prepareStreamsAndStart(JUnitStarter.java:231)
	at com.intellij.rt.junit.JUnitStarter.main(JUnitStarter.java:55)
Caused by: org.apache.ibatis.builder.BuilderException: Parsing error was found in mapping #{}.  Check syntax #{property|(expression), var1=value1, var2=value2, ...} 
	at org.apache.ibatis.builder.SqlSourceBuilder$ParameterMappingTokenHandler.parseParameterMapping(SqlSourceBuilder.java:156)
	at org.apache.ibatis.builder.SqlSourceBuilder$ParameterMappingTokenHandler.buildParameterMapping(SqlSourceBuilder.java:95)
	at org.apache.ibatis.builder.SqlSourceBuilder$ParameterMappingTokenHandler.handleToken(SqlSourceBuilder.java:90)
	at org.apache.ibatis.parsing.GenericTokenParser.parse(GenericTokenParser.java:76)
	at org.apache.ibatis.builder.SqlSourceBuilder.parse(SqlSourceBuilder.java:52)
	at org.apache.ibatis.scripting.defaults.RawSqlSource.<init>(RawSqlSource.java:46)
	at org.apache.ibatis.scripting.defaults.RawSqlSource.<init>(RawSqlSource.java:40)
	at org.apache.ibatis.scripting.xmltags.XMLScriptBuilder.parseScriptNode(XMLScriptBuilder.java:71)
	at org.apache.ibatis.scripting.xmltags.XMLLanguageDriver.createSqlSource(XMLLanguageDriver.java:45)
	at org.apache.ibatis.builder.xml.XMLStatementBuilder.parseStatementNode(XMLStatementBuilder.java:98)
	at org.apache.ibatis.builder.xml.XMLMapperBuilder.buildStatementFromContext(XMLMapperBuilder.java:141)
	at org.apache.ibatis.builder.xml.XMLMapperBuilder.buildStatementFromContext(XMLMapperBuilder.java:133)
	at org.apache.ibatis.builder.xml.XMLMapperBuilder.configurationElement(XMLMapperBuilder.java:123)
	... 142 common frames omitted
Caused by: java.lang.StringIndexOutOfBoundsException: String index out of range: 0
	at java.base/java.lang.StringLatin1.charAt(StringLatin1.java:48)
	at java.base/java.lang.String.charAt(String.java:1519)
	at org.apache.ibatis.builder.ParameterExpression.parse(ParameterExpression.java:44)
	at org.apache.ibatis.builder.ParameterExpression.<init>(ParameterExpression.java:39)
	at org.apache.ibatis.builder.SqlSourceBuilder$ParameterMappingTokenHandler.parseParameterMapping(SqlSourceBuilder.java:152)
	... 154 common frames omitted
2026-03-10 21:24:54.162 [main] WARN  o.s.w.context.support.GenericWebApplicationContext-Exception encountered during context initialization - cancelling refresh attempt: org.springframework.beans.factory.UnsatisfiedDependencyException: Error creating bean with name 'empController': Unsatisfied dependency expressed through field 'empService': Error creating bean with name 'empServiceImpl': Unsatisfied dependency expressed through field 'empMapper': Error creating bean with name 'empMapper' defined in file [/Users/zouxianxian/IdeaProjects/web-ai-project02/talis-web-management/target/classes/com/itheima/mapper/EmpMapper.class]: org.apache.ibatis.builder.BuilderException: Error parsing Mapper XML. The XML location is 'com/itheima/mapper/EmpMapper.xml'. Cause: org.apache.ibatis.builder.BuilderException: Parsing error was found in mapping #{}.  Check syntax #{property|(expression), var1=value1, var2=value2, ...} 
2026-03-10 21:24:54.166 [main] INFO  o.s.b.a.logging.ConditionEvaluationReportLogger-

Error starting ApplicationContext. To display the condition evaluation report re-run your application with 'debug' enabled.
2026-03-10 21:24:54.172 [main] ERROR org.springframework.boot.SpringApplication-Application run failed
org.springframework.beans.factory.UnsatisfiedDependencyException: Error creating bean with name 'empController': Unsatisfied dependency expressed through field 'empService': Error creating bean with name 'empServiceImpl': Unsatisfied dependency expressed through field 'empMapper': Error creating bean with name 'empMapper' defined in file [/Users/zouxianxian/IdeaProjects/web-ai-project02/talis-web-management/target/classes/com/itheima/mapper/EmpMapper.class]: org.apache.ibatis.builder.BuilderException: Error parsing Mapper XML. The XML location is 'com/itheima/mapper/EmpMapper.xml'. Cause: org.apache.ibatis.builder.BuilderException: Parsing error was found in mapping #{}.  Check syntax #{property|(expression), var1=value1, var2=value2, ...} 
	at org.springframework.beans.factory.annotation.AutowiredAnnotationBeanPostProcessor$AutowiredFieldElement.resolveFieldValue(AutowiredAnnotationBeanPostProcessor.java:767)
	at org.springframework.beans.factory.annotation.AutowiredAnnotationBeanPostProcessor$AutowiredFieldElement.inject(AutowiredAnnotationBeanPostProcessor.java:748)
	at org.springframework.beans.factory.annotation.InjectionMetadata.inject(InjectionMetadata.java:146)
	at org.springframework.beans.factory.annotation.AutowiredAnnotationBeanPostProcessor.postProcessProperties(AutowiredAnnotationBeanPostProcessor.java:493)
	at org.springframework.beans.factory.support.AbstractAutowireCapableBeanFactory.populateBean(AbstractAutowireCapableBeanFactory.java:1446)
	at org.springframework.beans.factory.support.AbstractAutowireCapableBeanFactory.doCreateBean(AbstractAutowireCapableBeanFactory.java:602)
	at org.springframework.beans.factory.support.AbstractAutowireCapableBeanFactory.createBean(AbstractAutowireCapableBeanFactory.java:525)
	at org.springframework.beans.factory.support.AbstractBeanFactory.lambda$doGetBean$0(AbstractBeanFactory.java:333)
	at org.springframework.beans.factory.support.DefaultSingletonBeanRegistry.getSingleton(DefaultSingletonBeanRegistry.java:371)
	at org.springframework.beans.factory.support.AbstractBeanFactory.doGetBean(AbstractBeanFactory.java:331)
	at org.springframework.beans.factory.support.AbstractBeanFactory.getBean(AbstractBeanFactory.java:196)
	at org.springframework.beans.factory.support.DefaultListableBeanFactory.instantiateSingleton(DefaultListableBeanFactory.java:1218)
	at org.springframework.beans.factory.support.DefaultListableBeanFactory.preInstantiateSingleton(DefaultListableBeanFactory.java:1184)
	at org.springframework.beans.factory.support.DefaultListableBeanFactory.preInstantiateSingletons(DefaultListableBeanFactory.java:1121)
	at org.springframework.context.support.AbstractApplicationContext.finishBeanFactoryInitialization(AbstractApplicationContext.java:994)
	at org.springframework.context.support.AbstractApplicationContext.refresh(AbstractApplicationContext.java:621)
	at org.springframework.boot.SpringApplication.refresh(SpringApplication.java:756)
	at org.springframework.boot.SpringApplication.refreshContext(SpringApplication.java:445)
	at org.springframework.boot.SpringApplication.run(SpringApplication.java:321)
	at org.springframework.boot.test.context.SpringBootContextLoader.lambda$loadContext$2(SpringBootContextLoader.java:156)
	at org.springframework.util.function.ThrowingSupplier.get(ThrowingSupplier.java:58)
	at org.springframework.util.function.ThrowingSupplier.get(ThrowingSupplier.java:46)
	at org.springframework.boot.SpringApplication.withHook(SpringApplication.java:1465)
	at org.springframework.boot.test.context.SpringBootContextLoader$ContextLoaderHook.run(SpringBootContextLoader.java:605)
	at org.springframework.boot.test.context.SpringBootContextLoader.loadContext(SpringBootContextLoader.java:156)
	at org.springframework.boot.test.context.SpringBootContextLoader.loadContext(SpringBootContextLoader.java:115)
	at org.springframework.test.context.cache.DefaultCacheAwareContextLoaderDelegate.loadContextInternal(DefaultCacheAwareContextLoaderDelegate.java:247)
	at org.springframework.test.context.cache.DefaultCacheAwareContextLoaderDelegate.lambda$loadContext$0(DefaultCacheAwareContextLoaderDelegate.java:167)
	at org.springframework.test.context.cache.DefaultContextCache.put(DefaultContextCache.java:214)
	at org.springframework.test.context.cache.DefaultCacheAwareContextLoaderDelegate.loadContext(DefaultCacheAwareContextLoaderDelegate.java:160)
	at org.springframework.test.context.support.DefaultTestContext.getApplicationContext(DefaultTestContext.java:128)
	at org.springframework.test.context.web.ServletTestExecutionListener.setUpRequestContextIfNecessary(ServletTestExecutionListener.java:200)
	at org.springframework.test.context.web.ServletTestExecutionListener.prepareTestInstance(ServletTestExecutionListener.java:139)
	at org.springframework.test.context.TestContextManager.prepareTestInstance(TestContextManager.java:260)
	at org.springframework.test.context.junit.jupiter.SpringExtension.postProcessTestInstance(SpringExtension.java:210)
	at org.junit.jupiter.engine.descriptor.ClassBasedTestDescriptor.lambda$invokeTestInstancePostProcessors$1(ClassBasedTestDescriptor.java:423)
	at org.junit.jupiter.engine.descriptor.ClassBasedTestDescriptor.executeAndMaskThrowable(ClassBasedTestDescriptor.java:428)
	at org.junit.jupiter.engine.descriptor.ClassBasedTestDescriptor.lambda$invokeTestInstancePostProcessors$0(ClassBasedTestDescriptor.java:422)
	at java.base/java.util.stream.ForEachOps$ForEachOp$OfRef.accept(ForEachOps.java:183)
	at java.base/java.util.stream.ReferencePipeline$3$1.accept(ReferencePipeline.java:197)
	at java.base/java.util.stream.ReferencePipeline$2$1.accept(ReferencePipeline.java:179)
	at java.base/java.util.stream.ReferencePipeline$3$1.accept(ReferencePipeline.java:197)
	at java.base/java.util.ArrayList$ArrayListSpliterator.forEachRemaining(ArrayList.java:1625)
	at java.base/java.util.stream.AbstractPipeline.copyInto(AbstractPipeline.java:509)
	at java.base/java.util.stream.AbstractPipeline.wrapAndCopyInto(AbstractPipeline.java:499)
	at java.base/java.util.stream.ForEachOps$ForEachOp.evaluateSequential(ForEachOps.java:150)
	at java.base/java.util.stream.ForEachOps$ForEachOp$OfRef.evaluateSequential(ForEachOps.java:173)
	at java.base/java.util.stream.AbstractPipeline.evaluate(AbstractPipeline.java:234)
	at java.base/java.util.stream.ReferencePipeline.forEach(ReferencePipeline.java:596)
	at org.junit.jupiter.engine.descriptor.ClassBasedTestDescriptor.invokeTestInstancePostProcessors(ClassBasedTestDescriptor.java:422)
	at org.junit.jupiter.engine.descriptor.ClassBasedTestDescriptor.lambda$instantiateAndPostProcessTestInstance$0(ClassBasedTestDescriptor.java:334)
	at org.junit.platform.engine.support.hierarchical.ThrowableCollector.execute(ThrowableCollector.java:74)
	at org.junit.jupiter.engine.descriptor.ClassBasedTestDescriptor.instantiateAndPostProcessTestInstance(ClassBasedTestDescriptor.java:333)
	at org.junit.jupiter.engine.descriptor.ClassBasedTestDescriptor.lambda$testInstancesProvider$1(ClassBasedTestDescriptor.java:322)
	at java.base/java.util.Optional.orElseGet(Optional.java:364)
	at org.junit.jupiter.engine.descriptor.ClassBasedTestDescriptor.lambda$testInstancesProvider$0(ClassBasedTestDescriptor.java:321)
	at org.junit.jupiter.engine.execution.TestInstancesProvider.getTestInstances(TestInstancesProvider.java:27)
	at org.junit.jupiter.engine.descriptor.TestMethodTestDescriptor.lambda$prepare$0(TestMethodTestDescriptor.java:127)
	at org.junit.platform.engine.support.hierarchical.ThrowableCollector.execute(ThrowableCollector.java:74)
	at org.junit.jupiter.engine.descriptor.TestMethodTestDescriptor.prepare(TestMethodTestDescriptor.java:126)
	at org.junit.jupiter.engine.descriptor.TestMethodTestDescriptor.prepare(TestMethodTestDescriptor.java:70)
	at org.junit.platform.engine.support.hierarchical.NodeTestTask.lambda$prepare$0(NodeTestTask.java:144)
	at org.junit.platform.engine.support.hierarchical.ThrowableCollector.execute(ThrowableCollector.java:74)
	at org.junit.platform.engine.support.hierarchical.NodeTestTask.prepare(NodeTestTask.java:144)
	at org.junit.platform.engine.support.hierarchical.NodeTestTask.execute(NodeTestTask.java:110)
	at java.base/java.util.ArrayList.forEach(ArrayList.java:1511)
	at org.junit.platform.engine.support.hierarchical.SameThreadHierarchicalTestExecutorService.invokeAll(SameThreadHierarchicalTestExecutorService.java:42)
	at org.junit.platform.engine.support.hierarchical.NodeTestTask.lambda$executeRecursively$2(NodeTestTask.java:180)
	at org.junit.platform.engine.support.hierarchical.ThrowableCollector.execute(ThrowableCollector.java:74)
	at org.junit.platform.engine.support.hierarchical.NodeTestTask.lambda$executeRecursively$1(NodeTestTask.java:166)
	at org.junit.platform.engine.support.hierarchical.Node.around(Node.java:138)
	at org.junit.platform.engine.support.hierarchical.NodeTestTask.lambda$executeRecursively$0(NodeTestTask.java:164)
	at org.junit.platform.engine.support.hierarchical.ThrowableCollector.execute(ThrowableCollector.java:74)
	at org.junit.platform.engine.support.hierarchical.NodeTestTask.executeRecursively(NodeTestTask.java:163)
	at org.junit.platform.engine.support.hierarchical.NodeTestTask.execute(NodeTestTask.java:116)
	at java.base/java.util.ArrayList.forEach(ArrayList.java:1511)
	at org.junit.platform.engine.support.hierarchical.SameThreadHierarchicalTestExecutorService.invokeAll(SameThreadHierarchicalTestExecutorService.java:42)
	at org.junit.platform.engine.support.hierarchical.NodeTestTask.lambda$executeRecursively$2(NodeTestTask.java:180)
	at org.junit.platform.engine.support.hierarchical.ThrowableCollector.execute(ThrowableCollector.java:74)
	at org.junit.platform.engine.support.hierarchical.NodeTestTask.lambda$executeRecursively$1(NodeTestTask.java:166)
	at org.junit.platform.engine.support.hierarchical.Node.around(Node.java:138)
	at org.junit.platform.engine.support.hierarchical.NodeTestTask.lambda$executeRecursively$0(NodeTestTask.java:164)
	at org.junit.platform.engine.support.hierarchical.ThrowableCollector.execute(ThrowableCollector.java:74)
	at org.junit.platform.engine.support.hierarchical.NodeTestTask.executeRecursively(NodeTestTask.java:163)
	at org.junit.platform.engine.support.hierarchical.NodeTestTask.execute(NodeTestTask.java:116)
	at org.junit.platform.engine.support.hierarchical.SameThreadHierarchicalTestExecutorService.submit(SameThreadHierarchicalTestExecutorService.java:36)
	at org.junit.platform.engine.support.hierarchical.HierarchicalTestExecutor.execute(HierarchicalTestExecutor.java:52)
	at org.junit.platform.engine.support.hierarchical.HierarchicalTestEngine.execute(HierarchicalTestEngine.java:58)
	at org.junit.platform.launcher.core.EngineExecutionOrchestrator.executeEngine(EngineExecutionOrchestrator.java:246)
	at org.junit.platform.launcher.core.EngineExecutionOrchestrator.failOrExecuteEngine(EngineExecutionOrchestrator.java:218)
	at org.junit.platform.launcher.core.EngineExecutionOrchestrator.execute(EngineExecutionOrchestrator.java:179)
	at org.junit.platform.launcher.core.EngineExecutionOrchestrator.execute(EngineExecutionOrchestrator.java:108)
	at org.junit.platform.launcher.core.EngineExecutionOrchestrator.lambda$execute$0(EngineExecutionOrchestrator.java:66)
	at org.junit.platform.launcher.core.EngineExecutionOrchestrator.withInterceptedStreams(EngineExecutionOrchestrator.java:157)
	at org.junit.platform.launcher.core.EngineExecutionOrchestrator.execute(EngineExecutionOrchestrator.java:65)
	at org.junit.platform.launcher.core.DefaultLauncher.execute(DefaultLauncher.java:125)
	at org.junit.platform.launcher.core.DefaultLauncher.execute(DefaultLauncher.java:114)
	at org.junit.platform.launcher.core.DefaultLauncher.execute(DefaultLauncher.java:93)
	at org.junit.platform.launcher.core.DelegatingLauncher.execute(DelegatingLauncher.java:48)
	at org.junit.platform.launcher.core.InterceptingLauncher.lambda$execute$0(InterceptingLauncher.java:41)
	at org.junit.platform.launcher.core.ClasspathAlignmentCheckingLauncherInterceptor.intercept(ClasspathAlignmentCheckingLauncherInterceptor.java:25)
	at org.junit.platform.launcher.core.InterceptingLauncher.execute(InterceptingLauncher.java:40)
	at org.junit.platform.launcher.core.DelegatingLauncher.execute(DelegatingLauncher.java:48)
	at org.junit.platform.launcher.core.SessionPerRequestLauncher.execute(SessionPerRequestLauncher.java:67)
	at com.intellij.junit5.JUnit5IdeaTestRunner.startRunnerWithArgs(JUnit5IdeaTestRunner.java:66)
	at com.intellij.rt.junit.IdeaTestRunner$Repeater$1.execute(IdeaTestRunner.java:38)
	at com.intellij.rt.execution.junit.TestsRepeater.repeat(TestsRepeater.java:11)
	at com.intellij.rt.junit.IdeaTestRunner$Repeater.startRunnerWithArgs(IdeaTestRunner.java:35)
	at com.intellij.rt.junit.JUnitStarter.prepareStreamsAndStart(JUnitStarter.java:231)
	at com.intellij.rt.junit.JUnitStarter.main(JUnitStarter.java:55)
Caused by: org.springframework.beans.factory.UnsatisfiedDependencyException: Error creating bean with name 'empServiceImpl': Unsatisfied dependency expressed through field 'empMapper': Error creating bean with name 'empMapper' defined in file [/Users/zouxianxian/IdeaProjects/web-ai-project02/talis-web-management/target/classes/com/itheima/mapper/EmpMapper.class]: org.apache.ibatis.builder.BuilderException: Error parsing Mapper XML. The XML location is 'com/itheima/mapper/EmpMapper.xml'. Cause: org.apache.ibatis.builder.BuilderException: Parsing error was found in mapping #{}.  Check syntax #{property|(expression), var1=value1, var2=value2, ...} 
	at org.springframework.beans.factory.annotation.AutowiredAnnotationBeanPostProcessor$AutowiredFieldElement.resolveFieldValue(AutowiredAnnotationBeanPostProcessor.java:767)
	at org.springframework.beans.factory.annotation.AutowiredAnnotationBeanPostProcessor$AutowiredFieldElement.inject(AutowiredAnnotationBeanPostProcessor.java:748)
	at org.springframework.beans.factory.annotation.InjectionMetadata.inject(InjectionMetadata.java:146)
	at org.springframework.beans.factory.annotation.AutowiredAnnotationBeanPostProcessor.postProcessProperties(AutowiredAnnotationBeanPostProcessor.java:493)
	at org.springframework.beans.factory.support.AbstractAutowireCapableBeanFactory.populateBean(AbstractAutowireCapableBeanFactory.java:1446)
	at org.springframework.beans.factory.support.AbstractAutowireCapableBeanFactory.doCreateBean(AbstractAutowireCapableBeanFactory.java:602)
	at org.springframework.beans.factory.support.AbstractAutowireCapableBeanFactory.createBean(AbstractAutowireCapableBeanFactory.java:525)
	at org.springframework.beans.factory.support.AbstractBeanFactory.lambda$doGetBean$0(AbstractBeanFactory.java:333)
	at org.springframework.beans.factory.support.DefaultSingletonBeanRegistry.getSingleton(DefaultSingletonBeanRegistry.java:371)
	at org.springframework.beans.factory.support.AbstractBeanFactory.doGetBean(AbstractBeanFactory.java:331)
	at org.springframework.beans.factory.support.AbstractBeanFactory.getBean(AbstractBeanFactory.java:201)
	at org.springframework.beans.factory.config.DependencyDescriptor.resolveCandidate(DependencyDescriptor.java:229)
	at org.springframework.beans.factory.support.DefaultListableBeanFactory.doResolveDependency(DefaultListableBeanFactory.java:1762)
	at org.springframework.beans.factory.support.DefaultListableBeanFactory.resolveDependency(DefaultListableBeanFactory.java:1651)
	at org.springframework.beans.factory.annotation.AutowiredAnnotationBeanPostProcessor$AutowiredFieldElement.resolveFieldValue(AutowiredAnnotationBeanPostProcessor.java:764)
	... 109 common frames omitted
Caused by: org.springframework.beans.factory.BeanCreationException: Error creating bean with name 'empMapper' defined in file [/Users/zouxianxian/IdeaProjects/web-ai-project02/talis-web-management/target/classes/com/itheima/mapper/EmpMapper.class]: org.apache.ibatis.builder.BuilderException: Error parsing Mapper XML. The XML location is 'com/itheima/mapper/EmpMapper.xml'. Cause: org.apache.ibatis.builder.BuilderException: Parsing error was found in mapping #{}.  Check syntax #{property|(expression), var1=value1, var2=value2, ...} 
	at org.springframework.beans.factory.support.AbstractAutowireCapableBeanFactory.initializeBean(AbstractAutowireCapableBeanFactory.java:1817)
	at org.springframework.beans.factory.support.AbstractAutowireCapableBeanFactory.doCreateBean(AbstractAutowireCapableBeanFactory.java:603)
	at org.springframework.beans.factory.support.AbstractAutowireCapableBeanFactory.createBean(AbstractAutowireCapableBeanFactory.java:525)
	at org.springframework.beans.factory.support.AbstractBeanFactory.lambda$doGetBean$0(AbstractBeanFactory.java:333)
	at org.springframework.beans.factory.support.DefaultSingletonBeanRegistry.getSingleton(DefaultSingletonBeanRegistry.java:371)
	at org.springframework.beans.factory.support.AbstractBeanFactory.doGetBean(AbstractBeanFactory.java:331)
	at org.springframework.beans.factory.support.AbstractBeanFactory.getBean(AbstractBeanFactory.java:201)
	at org.springframework.beans.factory.support.DefaultListableBeanFactory.resolveBean(DefaultListableBeanFactory.java:1225)
	at org.springframework.beans.factory.support.DefaultListableBeanFactory.doResolveDependency(DefaultListableBeanFactory.java:1704)
	at org.springframework.beans.factory.support.DefaultListableBeanFactory.resolveDependency(DefaultListableBeanFactory.java:1651)
	at org.springframework.beans.factory.annotation.AutowiredAnnotationBeanPostProcessor$AutowiredFieldElement.resolveFieldValue(AutowiredAnnotationBeanPostProcessor.java:764)
	... 123 common frames omitted
Caused by: java.lang.IllegalArgumentException: org.apache.ibatis.builder.BuilderException: Error parsing Mapper XML. The XML location is 'com/itheima/mapper/EmpMapper.xml'. Cause: org.apache.ibatis.builder.BuilderException: Parsing error was found in mapping #{}.  Check syntax #{property|(expression), var1=value1, var2=value2, ...} 
	at org.mybatis.spring.mapper.MapperFactoryBean.checkDaoConfig(MapperFactoryBean.java:91)
	at org.springframework.dao.support.DaoSupport.afterPropertiesSet(DaoSupport.java:46)
	at org.springframework.beans.factory.support.AbstractAutowireCapableBeanFactory.invokeInitMethods(AbstractAutowireCapableBeanFactory.java:1864)
	at org.springframework.beans.factory.support.AbstractAutowireCapableBeanFactory.initializeBean(AbstractAutowireCapableBeanFactory.java:1813)
	... 133 common frames omitted
Caused by: org.apache.ibatis.builder.BuilderException: Error parsing Mapper XML. The XML location is 'com/itheima/mapper/EmpMapper.xml'. Cause: org.apache.ibatis.builder.BuilderException: Parsing error was found in mapping #{}.  Check syntax #{property|(expression), var1=value1, var2=value2, ...} 
	at org.apache.ibatis.builder.xml.XMLMapperBuilder.configurationElement(XMLMapperBuilder.java:125)
	at org.apache.ibatis.builder.xml.XMLMapperBuilder.parse(XMLMapperBuilder.java:98)
	at org.apache.ibatis.builder.annotation.MapperAnnotationBuilder.loadXmlResource(MapperAnnotationBuilder.java:164)
	at org.apache.ibatis.builder.annotation.MapperAnnotationBuilder.parse(MapperAnnotationBuilder.java:117)
	at org.apache.ibatis.binding.MapperRegistry.addMapper(MapperRegistry.java:72)
	at org.apache.ibatis.session.Configuration.addMapper(Configuration.java:943)
	at org.mybatis.spring.mapper.MapperFactoryBean.checkDaoConfig(MapperFactoryBean.java:88)
	... 136 common frames omitted
Caused by: org.apache.ibatis.builder.BuilderException: Parsing error was found in mapping #{}.  Check syntax #{property|(expression), var1=value1, var2=value2, ...} 
	at org.apache.ibatis.builder.SqlSourceBuilder$ParameterMappingTokenHandler.parseParameterMapping(SqlSourceBuilder.java:156)
	at org.apache.ibatis.builder.SqlSourceBuilder$ParameterMappingTokenHandler.buildParameterMapping(SqlSourceBuilder.java:95)
	at org.apache.ibatis.builder.SqlSourceBuilder$ParameterMappingTokenHandler.handleToken(SqlSourceBuilder.java:90)
	at org.apache.ibatis.parsing.GenericTokenParser.parse(GenericTokenParser.java:76)
	at org.apache.ibatis.builder.SqlSourceBuilder.parse(SqlSourceBuilder.java:52)
	at org.apache.ibatis.scripting.defaults.RawSqlSource.<init>(RawSqlSource.java:46)
	at org.apache.ibatis.scripting.defaults.RawSqlSource.<init>(RawSqlSource.java:40)
	at org.apache.ibatis.scripting.xmltags.XMLScriptBuilder.parseScriptNode(XMLScriptBuilder.java:71)
	at org.apache.ibatis.scripting.xmltags.XMLLanguageDriver.createSqlSource(XMLLanguageDriver.java:45)
	at org.apache.ibatis.builder.xml.XMLStatementBuilder.parseStatementNode(XMLStatementBuilder.java:98)
	at org.apache.ibatis.builder.xml.XMLMapperBuilder.buildStatementFromContext(XMLMapperBuilder.java:141)
	at org.apache.ibatis.builder.xml.XMLMapperBuilder.buildStatementFromContext(XMLMapperBuilder.java:133)
	at org.apache.ibatis.builder.xml.XMLMapperBuilder.configurationElement(XMLMapperBuilder.java:123)
	... 142 common frames omitted
Caused by: java.lang.StringIndexOutOfBoundsException: String index out of range: 0
	at java.base/java.lang.StringLatin1.charAt(StringLatin1.java:48)
	at java.base/java.lang.String.charAt(String.java:1519)
	at org.apache.ibatis.builder.ParameterExpression.parse(ParameterExpression.java:44)
	at org.apache.ibatis.builder.ParameterExpression.<init>(ParameterExpression.java:39)
	at org.apache.ibatis.builder.SqlSourceBuilder$ParameterMappingTokenHandler.parseParameterMapping(SqlSourceBuilder.java:152)
	... 154 common frames omitted
2026-03-10 21:24:54.173 [main] WARN  o.springframework.test.context.TestContextManager-Caught exception while allowing TestExecutionListener [org.springframework.test.context.web.ServletTestExecutionListener] to prepare test instance [com.itheima.TalisWebManagementApplicationTests@6e91893]
java.lang.IllegalStateException: Failed to load ApplicationContext for [WebMergedContextConfiguration@3104351d testClass = com.itheima.TalisWebManagementApplicationTests, locations = [], classes = [com.itheima.TalisWebManagementApplication], contextInitializerClasses = [], activeProfiles = [], propertySourceDescriptors = [], propertySourceProperties = ["org.springframework.boot.test.context.SpringBootTestContextBootstrapper=true"], contextCustomizers = [org.springframework.boot.test.context.PropertyMappingContextCustomizer@0, org.springframework.boot.test.context.filter.ExcludeFilterContextCustomizer@31198ceb, org.springframework.boot.test.json.DuplicateJsonObjectContextCustomizerFactory$DuplicateJsonObjectContextCustomizer@315ba14a, org.springframework.boot.test.autoconfigure.OnFailureConditionReportContextCustomizerFactory$OnFailureConditionReportContextCustomizer@54e81b21, org.springframework.test.context.support.DynamicPropertiesContextCustomizer@0, org.springframework.boot.webmvc.test.autoconfigure.WebDriverContextCustomizer@30865a90, org.springframework.boot.web.server.context.SpringBootTestRandomPortContextCustomizer@71b1a49c, org.springframework.boot.test.context.SpringBootTestAnnotation@cfa0b551], resourceBasePath = "src/main/webapp", contextLoader = org.springframework.boot.test.context.SpringBootContextLoader, parent = null]
	at org.springframework.test.context.cache.DefaultCacheAwareContextLoaderDelegate.lambda$loadContext$0(DefaultCacheAwareContextLoaderDelegate.java:195)
	at org.springframework.test.context.cache.DefaultContextCache.put(DefaultContextCache.java:214)
	at org.springframework.test.context.cache.DefaultCacheAwareContextLoaderDelegate.loadContext(DefaultCacheAwareContextLoaderDelegate.java:160)
	at org.springframework.test.context.support.DefaultTestContext.getApplicationContext(DefaultTestContext.java:128)
	at org.springframework.test.context.web.ServletTestExecutionListener.setUpRequestContextIfNecessary(ServletTestExecutionListener.java:200)
	at org.springframework.test.context.web.ServletTestExecutionListener.prepareTestInstance(ServletTestExecutionListener.java:139)
	at org.springframework.test.context.TestContextManager.prepareTestInstance(TestContextManager.java:260)
	at org.springframework.test.context.junit.jupiter.SpringExtension.postProcessTestInstance(SpringExtension.java:210)
	at org.junit.jupiter.engine.descriptor.ClassBasedTestDescriptor.lambda$invokeTestInstancePostProcessors$1(ClassBasedTestDescriptor.java:423)
	at org.junit.jupiter.engine.descriptor.ClassBasedTestDescriptor.executeAndMaskThrowable(ClassBasedTestDescriptor.java:428)
	at org.junit.jupiter.engine.descriptor.ClassBasedTestDescriptor.lambda$invokeTestInstancePostProcessors$0(ClassBasedTestDescriptor.java:422)
	at java.base/java.util.stream.ForEachOps$ForEachOp$OfRef.accept(ForEachOps.java:183)
	at java.base/java.util.stream.ReferencePipeline$3$1.accept(ReferencePipeline.java:197)
	at java.base/java.util.stream.ReferencePipeline$2$1.accept(ReferencePipeline.java:179)
	at java.base/java.util.stream.ReferencePipeline$3$1.accept(ReferencePipeline.java:197)
	at java.base/java.util.ArrayList$ArrayListSpliterator.forEachRemaining(ArrayList.java:1625)
	at java.base/java.util.stream.AbstractPipeline.copyInto(AbstractPipeline.java:509)
	at java.base/java.util.stream.AbstractPipeline.wrapAndCopyInto(AbstractPipeline.java:499)
	at java.base/java.util.stream.ForEachOps$ForEachOp.evaluateSequential(ForEachOps.java:150)
	at java.base/java.util.stream.ForEachOps$ForEachOp$OfRef.evaluateSequential(ForEachOps.java:173)
	at java.base/java.util.stream.AbstractPipeline.evaluate(AbstractPipeline.java:234)
	at java.base/java.util.stream.ReferencePipeline.forEach(ReferencePipeline.java:596)
	at org.junit.jupiter.engine.descriptor.ClassBasedTestDescriptor.invokeTestInstancePostProcessors(ClassBasedTestDescriptor.java:422)
	at org.junit.jupiter.engine.descriptor.ClassBasedTestDescriptor.lambda$instantiateAndPostProcessTestInstance$0(ClassBasedTestDescriptor.java:334)
	at org.junit.platform.engine.support.hierarchical.ThrowableCollector.execute(ThrowableCollector.java:74)
	at org.junit.jupiter.engine.descriptor.ClassBasedTestDescriptor.instantiateAndPostProcessTestInstance(ClassBasedTestDescriptor.java:333)
	at org.junit.jupiter.engine.descriptor.ClassBasedTestDescriptor.lambda$testInstancesProvider$1(ClassBasedTestDescriptor.java:322)
	at java.base/java.util.Optional.orElseGet(Optional.java:364)
	at org.junit.jupiter.engine.descriptor.ClassBasedTestDescriptor.lambda$testInstancesProvider$0(ClassBasedTestDescriptor.java:321)
	at org.junit.jupiter.engine.execution.TestInstancesProvider.getTestInstances(TestInstancesProvider.java:27)
	at org.junit.jupiter.engine.descriptor.TestMethodTestDescriptor.lambda$prepare$0(TestMethodTestDescriptor.java:127)
	at org.junit.platform.engine.support.hierarchical.ThrowableCollector.execute(ThrowableCollector.java:74)
	at org.junit.jupiter.engine.descriptor.TestMethodTestDescriptor.prepare(TestMethodTestDescriptor.java:126)
	at org.junit.jupiter.engine.descriptor.TestMethodTestDescriptor.prepare(TestMethodTestDescriptor.java:70)
	at org.junit.platform.engine.support.hierarchical.NodeTestTask.lambda$prepare$0(NodeTestTask.java:144)
	at org.junit.platform.engine.support.hierarchical.ThrowableCollector.execute(ThrowableCollector.java:74)
	at org.junit.platform.engine.support.hierarchical.NodeTestTask.prepare(NodeTestTask.java:144)
	at org.junit.platform.engine.support.hierarchical.NodeTestTask.execute(NodeTestTask.java:110)
	at java.base/java.util.ArrayList.forEach(ArrayList.java:1511)
	at org.junit.platform.engine.support.hierarchical.SameThreadHierarchicalTestExecutorService.invokeAll(SameThreadHierarchicalTestExecutorService.java:42)
	at org.junit.platform.engine.support.hierarchical.NodeTestTask.lambda$executeRecursively$2(NodeTestTask.java:180)
	at org.junit.platform.engine.support.hierarchical.ThrowableCollector.execute(ThrowableCollector.java:74)
	at org.junit.platform.engine.support.hierarchical.NodeTestTask.lambda$executeRecursively$1(NodeTestTask.java:166)
	at org.junit.platform.engine.support.hierarchical.Node.around(Node.java:138)
	at org.junit.platform.engine.support.hierarchical.NodeTestTask.lambda$executeRecursively$0(NodeTestTask.java:164)
	at org.junit.platform.engine.support.hierarchical.ThrowableCollector.execute(ThrowableCollector.java:74)
	at org.junit.platform.engine.support.hierarchical.NodeTestTask.executeRecursively(NodeTestTask.java:163)
	at org.junit.platform.engine.support.hierarchical.NodeTestTask.execute(NodeTestTask.java:116)
	at java.base/java.util.ArrayList.forEach(ArrayList.java:1511)
	at org.junit.platform.engine.support.hierarchical.SameThreadHierarchicalTestExecutorService.invokeAll(SameThreadHierarchicalTestExecutorService.java:42)
	at org.junit.platform.engine.support.hierarchical.NodeTestTask.lambda$executeRecursively$2(NodeTestTask.java:180)
	at org.junit.platform.engine.support.hierarchical.ThrowableCollector.execute(ThrowableCollector.java:74)
	at org.junit.platform.engine.support.hierarchical.NodeTestTask.lambda$executeRecursively$1(NodeTestTask.java:166)
	at org.junit.platform.engine.support.hierarchical.Node.around(Node.java:138)
	at org.junit.platform.engine.support.hierarchical.NodeTestTask.lambda$executeRecursively$0(NodeTestTask.java:164)
	at org.junit.platform.engine.support.hierarchical.ThrowableCollector.execute(ThrowableCollector.java:74)
	at org.junit.platform.engine.support.hierarchical.NodeTestTask.executeRecursively(NodeTestTask.java:163)
	at org.junit.platform.engine.support.hierarchical.NodeTestTask.execute(NodeTestTask.java:116)
	at org.junit.platform.engine.support.hierarchical.SameThreadHierarchicalTestExecutorService.submit(SameThreadHierarchicalTestExecutorService.java:36)
	at org.junit.platform.engine.support.hierarchical.HierarchicalTestExecutor.execute(HierarchicalTestExecutor.java:52)
	at org.junit.platform.engine.support.hierarchical.HierarchicalTestEngine.execute(HierarchicalTestEngine.java:58)
	at org.junit.platform.launcher.core.EngineExecutionOrchestrator.executeEngine(EngineExecutionOrchestrator.java:246)
	at org.junit.platform.launcher.core.EngineExecutionOrchestrator.failOrExecuteEngine(EngineExecutionOrchestrator.java:218)
	at org.junit.platform.launcher.core.EngineExecutionOrchestrator.execute(EngineExecutionOrchestrator.java:179)
	at org.junit.platform.launcher.core.EngineExecutionOrchestrator.execute(EngineExecutionOrchestrator.java:108)
	at org.junit.platform.launcher.core.EngineExecutionOrchestrator.lambda$execute$0(EngineExecutionOrchestrator.java:66)
	at org.junit.platform.launcher.core.EngineExecutionOrchestrator.withInterceptedStreams(EngineExecutionOrchestrator.java:157)
	at org.junit.platform.launcher.core.EngineExecutionOrchestrator.execute(EngineExecutionOrchestrator.java:65)
	at org.junit.platform.launcher.core.DefaultLauncher.execute(DefaultLauncher.java:125)
	at org.junit.platform.launcher.core.DefaultLauncher.execute(DefaultLauncher.java:114)
	at org.junit.platform.launcher.core.DefaultLauncher.execute(DefaultLauncher.java:93)
	at org.junit.platform.launcher.core.DelegatingLauncher.execute(DelegatingLauncher.java:48)
	at org.junit.platform.launcher.core.InterceptingLauncher.lambda$execute$0(InterceptingLauncher.java:41)
	at org.junit.platform.launcher.core.ClasspathAlignmentCheckingLauncherInterceptor.intercept(ClasspathAlignmentCheckingLauncherInterceptor.java:25)
	at org.junit.platform.launcher.core.InterceptingLauncher.execute(InterceptingLauncher.java:40)
	at org.junit.platform.launcher.core.DelegatingLauncher.execute(DelegatingLauncher.java:48)
	at org.junit.platform.launcher.core.SessionPerRequestLauncher.execute(SessionPerRequestLauncher.java:67)
	at com.intellij.junit5.JUnit5IdeaTestRunner.startRunnerWithArgs(JUnit5IdeaTestRunner.java:66)
	at com.intellij.rt.junit.IdeaTestRunner$Repeater$1.execute(IdeaTestRunner.java:38)
	at com.intellij.rt.execution.junit.TestsRepeater.repeat(TestsRepeater.java:11)
	at com.intellij.rt.junit.IdeaTestRunner$Repeater.startRunnerWithArgs(IdeaTestRunner.java:35)
	at com.intellij.rt.junit.JUnitStarter.prepareStreamsAndStart(JUnitStarter.java:231)
	at com.intellij.rt.junit.JUnitStarter.main(JUnitStarter.java:55)
Caused by: org.springframework.beans.factory.UnsatisfiedDependencyException: Error creating bean with name 'empController': Unsatisfied dependency expressed through field 'empService': Error creating bean with name 'empServiceImpl': Unsatisfied dependency expressed through field 'empMapper': Error creating bean with name 'empMapper' defined in file [/Users/zouxianxian/IdeaProjects/web-ai-project02/talis-web-management/target/classes/com/itheima/mapper/EmpMapper.class]: org.apache.ibatis.builder.BuilderException: Error parsing Mapper XML. The XML location is 'com/itheima/mapper/EmpMapper.xml'. Cause: org.apache.ibatis.builder.BuilderException: Parsing error was found in mapping #{}.  Check syntax #{property|(expression), var1=value1, var2=value2, ...} 
	at org.springframework.beans.factory.annotation.AutowiredAnnotationBeanPostProcessor$AutowiredFieldElement.resolveFieldValue(AutowiredAnnotationBeanPostProcessor.java:767)
	at org.springframework.beans.factory.annotation.AutowiredAnnotationBeanPostProcessor$AutowiredFieldElement.inject(AutowiredAnnotationBeanPostProcessor.java:748)
	at org.springframework.beans.factory.annotation.InjectionMetadata.inject(InjectionMetadata.java:146)
	at org.springframework.beans.factory.annotation.AutowiredAnnotationBeanPostProcessor.postProcessProperties(AutowiredAnnotationBeanPostProcessor.java:493)
	at org.springframework.beans.factory.support.AbstractAutowireCapableBeanFactory.populateBean(AbstractAutowireCapableBeanFactory.java:1446)
	at org.springframework.beans.factory.support.AbstractAutowireCapableBeanFactory.doCreateBean(AbstractAutowireCapableBeanFactory.java:602)
	at org.springframework.beans.factory.support.AbstractAutowireCapableBeanFactory.createBean(AbstractAutowireCapableBeanFactory.java:525)
	at org.springframework.beans.factory.support.AbstractBeanFactory.lambda$doGetBean$0(AbstractBeanFactory.java:333)
	at org.springframework.beans.factory.support.DefaultSingletonBeanRegistry.getSingleton(DefaultSingletonBeanRegistry.java:371)
	at org.springframework.beans.factory.support.AbstractBeanFactory.doGetBean(AbstractBeanFactory.java:331)
	at org.springframework.beans.factory.support.AbstractBeanFactory.getBean(AbstractBeanFactory.java:196)
	at org.springframework.beans.factory.support.DefaultListableBeanFactory.instantiateSingleton(DefaultListableBeanFactory.java:1218)
	at org.springframework.beans.factory.support.DefaultListableBeanFactory.preInstantiateSingleton(DefaultListableBeanFactory.java:1184)
	at org.springframework.beans.factory.support.DefaultListableBeanFactory.preInstantiateSingletons(DefaultListableBeanFactory.java:1121)
	at org.springframework.context.support.AbstractApplicationContext.finishBeanFactoryInitialization(AbstractApplicationContext.java:994)
	at org.springframework.context.support.AbstractApplicationContext.refresh(AbstractApplicationContext.java:621)
	at org.springframework.boot.SpringApplication.refresh(SpringApplication.java:756)
	at org.springframework.boot.SpringApplication.refreshContext(SpringApplication.java:445)
	at org.springframework.boot.SpringApplication.run(SpringApplication.java:321)
	at org.springframework.boot.test.context.SpringBootContextLoader.lambda$loadContext$2(SpringBootContextLoader.java:156)
	at org.springframework.util.function.ThrowingSupplier.get(ThrowingSupplier.java:58)
	at org.springframework.util.function.ThrowingSupplier.get(ThrowingSupplier.java:46)
	at org.springframework.boot.SpringApplication.withHook(SpringApplication.java:1465)
	at org.springframework.boot.test.context.SpringBootContextLoader$ContextLoaderHook.run(SpringBootContextLoader.java:605)
	at org.springframework.boot.test.context.SpringBootContextLoader.loadContext(SpringBootContextLoader.java:156)
	at org.springframework.boot.test.context.SpringBootContextLoader.loadContext(SpringBootContextLoader.java:115)
	at org.springframework.test.context.cache.DefaultCacheAwareContextLoaderDelegate.loadContextInternal(DefaultCacheAwareContextLoaderDelegate.java:247)
	at org.springframework.test.context.cache.DefaultCacheAwareContextLoaderDelegate.lambda$loadContext$0(DefaultCacheAwareContextLoaderDelegate.java:167)
	... 82 common frames omitted
Caused by: org.springframework.beans.factory.UnsatisfiedDependencyException: Error creating bean with name 'empServiceImpl': Unsatisfied dependency expressed through field 'empMapper': Error creating bean with name 'empMapper' defined in file [/Users/zouxianxian/IdeaProjects/web-ai-project02/talis-web-management/target/classes/com/itheima/mapper/EmpMapper.class]: org.apache.ibatis.builder.BuilderException: Error parsing Mapper XML. The XML location is 'com/itheima/mapper/EmpMapper.xml'. Cause: org.apache.ibatis.builder.BuilderException: Parsing error was found in mapping #{}.  Check syntax #{property|(expression), var1=value1, var2=value2, ...} 
	at org.springframework.beans.factory.annotation.AutowiredAnnotationBeanPostProcessor$AutowiredFieldElement.resolveFieldValue(AutowiredAnnotationBeanPostProcessor.java:767)
	at org.springframework.beans.factory.annotation.AutowiredAnnotationBeanPostProcessor$AutowiredFieldElement.inject(AutowiredAnnotationBeanPostProcessor.java:748)
	at org.springframework.beans.factory.annotation.InjectionMetadata.inject(InjectionMetadata.java:146)
	at org.springframework.beans.factory.annotation.AutowiredAnnotationBeanPostProcessor.postProcessProperties(AutowiredAnnotationBeanPostProcessor.java:493)
	at org.springframework.beans.factory.support.AbstractAutowireCapableBeanFactory.populateBean(AbstractAutowireCapableBeanFactory.java:1446)
	at org.springframework.beans.factory.support.AbstractAutowireCapableBeanFactory.doCreateBean(AbstractAutowireCapableBeanFactory.java:602)
	at org.springframework.beans.factory.support.AbstractAutowireCapableBeanFactory.createBean(AbstractAutowireCapableBeanFactory.java:525)
	at org.springframework.beans.factory.support.AbstractBeanFactory.lambda$doGetBean$0(AbstractBeanFactory.java:333)
	at org.springframework.beans.factory.support.DefaultSingletonBeanRegistry.getSingleton(DefaultSingletonBeanRegistry.java:371)
	at org.springframework.beans.factory.support.AbstractBeanFactory.doGetBean(AbstractBeanFactory.java:331)
	at org.springframework.beans.factory.support.AbstractBeanFactory.getBean(AbstractBeanFactory.java:201)
	at org.springframework.beans.factory.config.DependencyDescriptor.resolveCandidate(DependencyDescriptor.java:229)
	at org.springframework.beans.factory.support.DefaultListableBeanFactory.doResolveDependency(DefaultListableBeanFactory.java:1762)
	at org.springframework.beans.factory.support.DefaultListableBeanFactory.resolveDependency(DefaultListableBeanFactory.java:1651)
	at org.springframework.beans.factory.annotation.AutowiredAnnotationBeanPostProcessor$AutowiredFieldElement.resolveFieldValue(AutowiredAnnotationBeanPostProcessor.java:764)
	... 109 common frames omitted
Caused by: org.springframework.beans.factory.BeanCreationException: Error creating bean with name 'empMapper' defined in file [/Users/zouxianxian/IdeaProjects/web-ai-project02/talis-web-management/target/classes/com/itheima/mapper/EmpMapper.class]: org.apache.ibatis.builder.BuilderException: Error parsing Mapper XML. The XML location is 'com/itheima/mapper/EmpMapper.xml'. Cause: org.apache.ibatis.builder.BuilderException: Parsing error was found in mapping #{}.  Check syntax #{property|(expression), var1=value1, var2=value2, ...} 
	at org.springframework.beans.factory.support.AbstractAutowireCapableBeanFactory.initializeBean(AbstractAutowireCapableBeanFactory.java:1817)
	at org.springframework.beans.factory.support.AbstractAutowireCapableBeanFactory.doCreateBean(AbstractAutowireCapableBeanFactory.java:603)
	at org.springframework.beans.factory.support.AbstractAutowireCapableBeanFactory.createBean(AbstractAutowireCapableBeanFactory.java:525)
	at org.springframework.beans.factory.support.AbstractBeanFactory.lambda$doGetBean$0(AbstractBeanFactory.java:333)
	at org.springframework.beans.factory.support.DefaultSingletonBeanRegistry.getSingleton(DefaultSingletonBeanRegistry.java:371)
	at org.springframework.beans.factory.support.AbstractBeanFactory.doGetBean(AbstractBeanFactory.java:331)
	at org.springframework.beans.factory.support.AbstractBeanFactory.getBean(AbstractBeanFactory.java:201)
	at org.springframework.beans.factory.support.DefaultListableBeanFactory.resolveBean(DefaultListableBeanFactory.java:1225)
	at org.springframework.beans.factory.support.DefaultListableBeanFactory.doResolveDependency(DefaultListableBeanFactory.java:1704)
	at org.springframework.beans.factory.support.DefaultListableBeanFactory.resolveDependency(DefaultListableBeanFactory.java:1651)
	at org.springframework.beans.factory.annotation.AutowiredAnnotationBeanPostProcessor$AutowiredFieldElement.resolveFieldValue(AutowiredAnnotationBeanPostProcessor.java:764)
	... 123 common frames omitted
Caused by: java.lang.IllegalArgumentException: org.apache.ibatis.builder.BuilderException: Error parsing Mapper XML. The XML location is 'com/itheima/mapper/EmpMapper.xml'. Cause: org.apache.ibatis.builder.BuilderException: Parsing error was found in mapping #{}.  Check syntax #{property|(expression), var1=value1, var2=value2, ...} 
	at org.mybatis.spring.mapper.MapperFactoryBean.checkDaoConfig(MapperFactoryBean.java:91)
	at org.springframework.dao.support.DaoSupport.afterPropertiesSet(DaoSupport.java:46)
	at org.springframework.beans.factory.support.AbstractAutowireCapableBeanFactory.invokeInitMethods(AbstractAutowireCapableBeanFactory.java:1864)
	at org.springframework.beans.factory.support.AbstractAutowireCapableBeanFactory.initializeBean(AbstractAutowireCapableBeanFactory.java:1813)
	... 133 common frames omitted
Caused by: org.apache.ibatis.builder.BuilderException: Error parsing Mapper XML. The XML location is 'com/itheima/mapper/EmpMapper.xml'. Cause: org.apache.ibatis.builder.BuilderException: Parsing error was found in mapping #{}.  Check syntax #{property|(expression), var1=value1, var2=value2, ...} 
	at org.apache.ibatis.builder.xml.XMLMapperBuilder.configurationElement(XMLMapperBuilder.java:125)
	at org.apache.ibatis.builder.xml.XMLMapperBuilder.parse(XMLMapperBuilder.java:98)
	at org.apache.ibatis.builder.annotation.MapperAnnotationBuilder.loadXmlResource(MapperAnnotationBuilder.java:164)
	at org.apache.ibatis.builder.annotation.MapperAnnotationBuilder.parse(MapperAnnotationBuilder.java:117)
	at org.apache.ibatis.binding.MapperRegistry.addMapper(MapperRegistry.java:72)
	at org.apache.ibatis.session.Configuration.addMapper(Configuration.java:943)
	at org.mybatis.spring.mapper.MapperFactoryBean.checkDaoConfig(MapperFactoryBean.java:88)
	... 136 common frames omitted
Caused by: org.apache.ibatis.builder.BuilderException: Parsing error was found in mapping #{}.  Check syntax #{property|(expression), var1=value1, var2=value2, ...} 
	at org.apache.ibatis.builder.SqlSourceBuilder$ParameterMappingTokenHandler.parseParameterMapping(SqlSourceBuilder.java:156)
	at org.apache.ibatis.builder.SqlSourceBuilder$ParameterMappingTokenHandler.buildParameterMapping(SqlSourceBuilder.java:95)
	at org.apache.ibatis.builder.SqlSourceBuilder$ParameterMappingTokenHandler.handleToken(SqlSourceBuilder.java:90)
	at org.apache.ibatis.parsing.GenericTokenParser.parse(GenericTokenParser.java:76)
	at org.apache.ibatis.builder.SqlSourceBuilder.parse(SqlSourceBuilder.java:52)
	at org.apache.ibatis.scripting.defaults.RawSqlSource.<init>(RawSqlSource.java:46)
	at org.apache.ibatis.scripting.defaults.RawSqlSource.<init>(RawSqlSource.java:40)
	at org.apache.ibatis.scripting.xmltags.XMLScriptBuilder.parseScriptNode(XMLScriptBuilder.java:71)
	at org.apache.ibatis.scripting.xmltags.XMLLanguageDriver.createSqlSource(XMLLanguageDriver.java:45)
	at org.apache.ibatis.builder.xml.XMLStatementBuilder.parseStatementNode(XMLStatementBuilder.java:98)
	at org.apache.ibatis.builder.xml.XMLMapperBuilder.buildStatementFromContext(XMLMapperBuilder.java:141)
	at org.apache.ibatis.builder.xml.XMLMapperBuilder.buildStatementFromContext(XMLMapperBuilder.java:133)
	at org.apache.ibatis.builder.xml.XMLMapperBuilder.configurationElement(XMLMapperBuilder.java:123)
	... 142 common frames omitted
Caused by: java.lang.StringIndexOutOfBoundsException: String index out of range: 0
	at java.base/java.lang.StringLatin1.charAt(StringLatin1.java:48)
	at java.base/java.lang.String.charAt(String.java:1519)
	at org.apache.ibatis.builder.ParameterExpression.parse(ParameterExpression.java:44)
	at org.apache.ibatis.builder.ParameterExpression.<init>(ParameterExpression.java:39)
	at org.apache.ibatis.builder.SqlSourceBuilder$ParameterMappingTokenHandler.parseParameterMapping(SqlSourceBuilder.java:152)
	... 154 common frames omitted
